#
# There is insufficient memory for the Java Runtime Environment to continue.
# Native memory allocation (malloc) failed to allocate 32744 bytes for Chunk::new
# Possible reasons:
#   The system is out of physical RAM or swap space
#   The process is running with CompressedOops enabled, and the Java Heap may be blocking the growth of the native heap
# Possible solutions:
#   Reduce memory load on the system
#   Increase physical memory or swap space
#   Check if swap backing store is full
#   Decrease Java heap size (-Xmx/-Xms)
#   Decrease number of Java threads
#   Decrease Java thread stack sizes (-Xss)
#   Set larger code cache with -XX:ReservedCodeCacheSize=
#   JVM is running with Unscaled Compressed Oops mode in which the Java heap is
#     placed in the first 4GB address space. The Java Heap base address is the
#     maximum limit for the native heap growth. Please use -XX:HeapBaseMinAddress
#     to set the Java Heap base and to place the Java Heap above 4GB virtual address.
# This output file may be truncated or incomplete.
#
#  Out of Memory Error (arena.cpp:168), pid=53848, tid=53512
#
# JRE version: Java(TM) SE Runtime Environment (21.0.5+9) (build 21.0.5+9-LTS-239)
# Java VM: Java HotSpot(TM) 64-Bit Server VM (21.0.5+9-LTS-239, mixed mode, sharing, tiered, compressed oops, compressed class ptrs, g1 gc, windows-amd64)
# No core dump will be written. Minidumps are not enabled by default on client versions of Windows
#

---------------  S U M M A R Y ------------

Command Line: -Dmaven.multiModuleProjectDirectory=C:\Users\Samuel\intellij-workspace\time-sheet -Djansi.passthrough=true -Dmaven.home=C:\Users\Samuel\.m2\wrapper\dists\apache-maven-3.9.9-bin\4nf9hui3q3djbarqar9g711ggc\apache-maven-3.9.9 -Dclassworlds.conf=C:\Users\Samuel\.m2\wrapper\dists\apache-maven-3.9.9-bin\4nf9hui3q3djbarqar9g711ggc\apache-maven-3.9.9\bin\m2.conf -Dmaven.ext.class.path=C:\Program Files\JetBrains\IntelliJ IDEA Community Edition 2024.3.1\plugins\maven\lib\maven-event-listener.jar -javaagent:C:\Program Files\JetBrains\IntelliJ IDEA Community Edition 2024.3.1\lib\idea_rt.jar=50691:C:\Program Files\JetBrains\IntelliJ IDEA Community Edition 2024.3.1\bin -Dfile.encoding=UTF-8 -Dsun.stdout.encoding=UTF-8 -Dsun.stderr.encoding=UTF-8 org.codehaus.classworlds.Launcher -Didea.version=2024.3.1 -DskipTests=true clean install

Host: Intel(R) Core(TM) i3-3220 CPU @ 3.30GHz, 4 cores, 7G,  Windows 10 , 64 bit Build 19041 (10.0.19041.5198)
Time: Wed Jan 22 15:30:06 2025 Hora oficial do Brasil elapsed time: 48.695368 seconds (0d 0h 0m 48s)

---------------  T H R E A D  ---------------

Current thread (0x0000021e58da6590):  JavaThread "C2 CompilerThread0" daemon [_thread_in_native, id=53512, stack(0x000000bbd3e00000,0x000000bbd3f00000) (1024K)]


Current CompileTask:
C2:  48695 9573   !   4       java.lang.ClassLoader::loadClass (121 bytes)

Stack: [0x000000bbd3e00000,0x000000bbd3f00000]
Native frames: (J=compiled Java code, j=interpreted, Vv=VM code, C=native code)
V  [jvm.dll+0x6ca289]
V  [jvm.dll+0x854a51]
V  [jvm.dll+0x856f7e]
V  [jvm.dll+0x857653]
V  [jvm.dll+0x27dd26]
V  [jvm.dll+0xc4c2d]
V  [jvm.dll+0xc5163]
V  [jvm.dll+0x3b9df5]
V  [jvm.dll+0x3b4d6e]
V  [jvm.dll+0x3814b5]
V  [jvm.dll+0x38092a]
V  [jvm.dll+0x246910]
V  [jvm.dll+0x245eef]
V  [jvm.dll+0x1c6d0e]
V  [jvm.dll+0x2554d9]
V  [jvm.dll+0x253a6a]
V  [jvm.dll+0x3ee136]
V  [jvm.dll+0x7fee9b]
V  [jvm.dll+0x6c896d]
C  [ucrtbase.dll+0x21bb2]
C  [KERNEL32.DLL+0x17374]
C  [ntdll.dll+0x4cc91]


---------------  P R O C E S S  ---------------

Threads class SMR info:
_java_thread_list=0x0000021e9fe94720, length=17, elements={
0x0000021e3cca9ea0, 0x0000021e58d9e0f0, 0x0000021e58d9fcb0, 0x0000021e58da1910,
0x0000021e58da4370, 0x0000021e58da4dc0, 0x0000021e58da5810, 0x0000021e58da6590,
0x0000021e58dcba60, 0x0000021e58d71f40, 0x0000021e9e1bd520, 0x0000021e9e1c68b0,
0x0000021e9ee78370, 0x0000021e9f1d7790, 0x0000021e9f1d7df0, 0x0000021e9fe16e10,
0x0000021e9fe16780
}

Java Threads: ( => current thread )
  0x0000021e3cca9ea0 JavaThread "main"                              [_thread_in_Java, id=53072, stack(0x000000bbd3000000,0x000000bbd3100000) (1024K)]
  0x0000021e58d9e0f0 JavaThread "Reference Handler"          daemon [_thread_blocked, id=52924, stack(0x000000bbd3800000,0x000000bbd3900000) (1024K)]
  0x0000021e58d9fcb0 JavaThread "Finalizer"                  daemon [_thread_blocked, id=53876, stack(0x000000bbd3900000,0x000000bbd3a00000) (1024K)]
  0x0000021e58da1910 JavaThread "Signal Dispatcher"          daemon [_thread_blocked, id=53432, stack(0x000000bbd3a00000,0x000000bbd3b00000) (1024K)]
  0x0000021e58da4370 JavaThread "Attach Listener"            daemon [_thread_blocked, id=53404, stack(0x000000bbd3b00000,0x000000bbd3c00000) (1024K)]
  0x0000021e58da4dc0 JavaThread "Service Thread"             daemon [_thread_blocked, id=53256, stack(0x000000bbd3c00000,0x000000bbd3d00000) (1024K)]
  0x0000021e58da5810 JavaThread "Monitor Deflation Thread"   daemon [_thread_blocked, id=47844, stack(0x000000bbd3d00000,0x000000bbd3e00000) (1024K)]
=>0x0000021e58da6590 JavaThread "C2 CompilerThread0"         daemon [_thread_in_native, id=53512, stack(0x000000bbd3e00000,0x000000bbd3f00000) (1024K)]
  0x0000021e58dcba60 JavaThread "C1 CompilerThread0"         daemon [_thread_blocked, id=53440, stack(0x000000bbd3f00000,0x000000bbd4000000) (1024K)]
  0x0000021e58d71f40 JavaThread "Common-Cleaner"             daemon [_thread_blocked, id=53576, stack(0x000000bbd4000000,0x000000bbd4100000) (1024K)]
  0x0000021e9e1bd520 JavaThread "Monitor Ctrl-Break"         daemon [_thread_in_native, id=53128, stack(0x000000bbd4100000,0x000000bbd4200000) (1024K)]
  0x0000021e9e1c68b0 JavaThread "Notification Thread"        daemon [_thread_blocked, id=53592, stack(0x000000bbd4200000,0x000000bbd4300000) (1024K)]
  0x0000021e9ee78370 JavaThread "Thread-1"                   daemon [_thread_blocked, id=53076, stack(0x000000bbd4300000,0x000000bbd4400000) (1024K)]
  0x0000021e9f1d7790 JavaThread "resolver-1"                 daemon [_thread_blocked, id=52952, stack(0x000000bbd4700000,0x000000bbd4800000) (1024K)]
  0x0000021e9f1d7df0 JavaThread "resolver-2"                 daemon [_thread_blocked, id=54280, stack(0x000000bbd4800000,0x000000bbd4900000) (1024K)]
  0x0000021e9fe16e10 JavaThread "resolver-3"                 daemon [_thread_blocked, id=50936, stack(0x000000bbd2d00000,0x000000bbd2e00000) (1024K)]
  0x0000021e9fe16780 JavaThread "resolver-4"                 daemon [_thread_blocked, id=49216, stack(0x000000bbd4900000,0x000000bbd4a00000) (1024K)]
Total: 17

Other Threads:
  0x0000021e58d841a0 VMThread "VM Thread"                           [id=53632, stack(0x000000bbd3700000,0x000000bbd3800000) (1024K)]
  0x0000021e58d71450 WatcherThread "VM Periodic Task Thread"        [id=53260, stack(0x000000bbd3600000,0x000000bbd3700000) (1024K)]
  0x0000021e3cd01f90 WorkerThread "GC Thread#0"                     [id=53708, stack(0x000000bbd3100000,0x000000bbd3200000) (1024K)]
  0x0000021e9e56c850 WorkerThread "GC Thread#1"                     [id=53928, stack(0x000000bbd4400000,0x000000bbd4500000) (1024K)]
  0x0000021e9e56cbf0 WorkerThread "GC Thread#2"                     [id=53052, stack(0x000000bbd4500000,0x000000bbd4600000) (1024K)]
  0x0000021e9e8de070 WorkerThread "GC Thread#3"                     [id=52728, stack(0x000000bbd4600000,0x000000bbd4700000) (1024K)]
  0x0000021e3cd13450 ConcurrentGCThread "G1 Main Marker"            [id=53816, stack(0x000000bbd3200000,0x000000bbd3300000) (1024K)]
  0x0000021e3cd13e60 WorkerThread "G1 Conc#0"                       [id=52960, stack(0x000000bbd3300000,0x000000bbd3400000) (1024K)]
  0x0000021e58c324c0 ConcurrentGCThread "G1 Refine#0"               [id=53492, stack(0x000000bbd3400000,0x000000bbd3500000) (1024K)]
  0x0000021e3cd7d4d0 ConcurrentGCThread "G1 Service"                [id=51760, stack(0x000000bbd3500000,0x000000bbd3600000) (1024K)]
Total: 10

Threads with active compile tasks:
C2 CompilerThread0    48784 9573   !   4       java.lang.ClassLoader::loadClass (121 bytes)
Total: 1

VM state: not at safepoint (normal execution)

VM Mutex/Monitor currently owned by a thread: None

Heap address: 0x0000000081c00000, size: 2020 MB, Compressed Oops mode: 32-bit

CDS archive(s) mapped at: [0x0000021e59000000-0x0000021e59c90000-0x0000021e59c90000), size 13172736, SharedBaseAddress: 0x0000021e59000000, ArchiveRelocationMode: 1.
Compressed class space mapped at: 0x0000021e5a000000-0x0000021e9a000000, reserved size: 1073741824
Narrow klass base: 0x0000021e59000000, Narrow klass shift: 0, Narrow klass range: 0x100000000

GC Precious Log:
 CardTable entry size: 512
 Card Set container configuration: InlinePtr #cards 5 size 8 Array Of Cards #cards 12 size 40 Howl #buckets 4 coarsen threshold 1843 Howl Bitmap #cards 512 size 80 coarsen threshold 460 Card regions per heap region 1 cards per card region 2048
 CPUs: 4 total, 4 available
 Memory: 8077M
 Large Page Support: Disabled
 NUMA Support: Disabled
 Compressed Oops: Enabled (32-bit)
 Heap Region Size: 1M
 Heap Min Capacity: 8M
 Heap Initial Capacity: 128M
 Heap Max Capacity: 2020M
 Pre-touch: Disabled
 Parallel Workers: 4
 Concurrent Workers: 1
 Concurrent Refinement Workers: 4
 Periodic GC: Disabled

Heap:
 garbage-first heap   total 122880K, used 92672K [0x0000000081c00000, 0x0000000100000000)
  region size 1024K, 25 young (25600K), 2 survivors (2048K)
 Metaspace       used 35106K, committed 35648K, reserved 1114112K
  class space    used 3831K, committed 4096K, reserved 1048576K

Heap Regions: E=young(eden), S=young(survivor), O=old, HS=humongous(starts), HC=humongous(continues), CS=collection set, F=free, TAMS=top-at-mark-start, PB=parsable bottom
|   0|0x0000000081c00000, 0x0000000081d00000, 0x0000000081d00000|100%| O|  |TAMS 0x0000000081c00000| PB 0x0000000081c00000| Untracked 
|   1|0x0000000081d00000, 0x0000000081e00000, 0x0000000081e00000|100%| O|  |TAMS 0x0000000081d00000| PB 0x0000000081d00000| Untracked 
|   2|0x0000000081e00000, 0x0000000081f00000, 0x0000000081f00000|100%| O|  |TAMS 0x0000000081e00000| PB 0x0000000081e00000| Untracked 
|   3|0x0000000081f00000, 0x0000000082000000, 0x0000000082000000|100%| O|  |TAMS 0x0000000081f00000| PB 0x0000000081f00000| Untracked 
|   4|0x0000000082000000, 0x0000000082100000, 0x0000000082100000|100%| O|  |TAMS 0x0000000082000000| PB 0x0000000082000000| Untracked 
|   5|0x0000000082100000, 0x0000000082200000, 0x0000000082200000|100%| O|  |TAMS 0x0000000082100000| PB 0x0000000082100000| Untracked 
|   6|0x0000000082200000, 0x0000000082300000, 0x0000000082300000|100%| O|  |TAMS 0x0000000082200000| PB 0x0000000082200000| Untracked 
|   7|0x0000000082300000, 0x0000000082400000, 0x0000000082400000|100%| O|  |TAMS 0x0000000082300000| PB 0x0000000082300000| Untracked 
|   8|0x0000000082400000, 0x0000000082500000, 0x0000000082500000|100%| O|  |TAMS 0x0000000082400000| PB 0x0000000082400000| Untracked 
|   9|0x0000000082500000, 0x0000000082600000, 0x0000000082600000|100%| O|  |TAMS 0x0000000082500000| PB 0x0000000082500000| Untracked 
|  10|0x0000000082600000, 0x0000000082700000, 0x0000000082700000|100%| O|  |TAMS 0x0000000082600000| PB 0x0000000082600000| Untracked 
|  11|0x0000000082700000, 0x0000000082800000, 0x0000000082800000|100%| O|  |TAMS 0x0000000082700000| PB 0x0000000082700000| Untracked 
|  12|0x0000000082800000, 0x0000000082900000, 0x0000000082900000|100%| O|  |TAMS 0x0000000082800000| PB 0x0000000082800000| Untracked 
|  13|0x0000000082900000, 0x0000000082a00000, 0x0000000082a00000|100%| O|  |TAMS 0x0000000082900000| PB 0x0000000082900000| Untracked 
|  14|0x0000000082a00000, 0x0000000082b00000, 0x0000000082b00000|100%|HS|  |TAMS 0x0000000082a00000| PB 0x0000000082a00000| Complete 
|  15|0x0000000082b00000, 0x0000000082b00000, 0x0000000082c00000|  0%| F|  |TAMS 0x0000000082b00000| PB 0x0000000082b00000| Untracked 
|  16|0x0000000082c00000, 0x0000000082c00000, 0x0000000082d00000|  0%| F|  |TAMS 0x0000000082c00000| PB 0x0000000082c00000| Untracked 
|  17|0x0000000082d00000, 0x0000000082d00000, 0x0000000082e00000|  0%| F|  |TAMS 0x0000000082d00000| PB 0x0000000082d00000| Untracked 
|  18|0x0000000082e00000, 0x0000000082f00000, 0x0000000082f00000|100%|HS|  |TAMS 0x0000000082e00000| PB 0x0000000082e00000| Complete 
|  19|0x0000000082f00000, 0x0000000083000000, 0x0000000083000000|100%|HC|  |TAMS 0x0000000082f00000| PB 0x0000000082f00000| Complete 
|  20|0x0000000083000000, 0x0000000083100000, 0x0000000083100000|100%|HC|  |TAMS 0x0000000083000000| PB 0x0000000083000000| Complete 
|  21|0x0000000083100000, 0x0000000083200000, 0x0000000083200000|100%| O|  |TAMS 0x0000000083100000| PB 0x0000000083100000| Untracked 
|  22|0x0000000083200000, 0x0000000083300000, 0x0000000083300000|100%| O|  |TAMS 0x0000000083200000| PB 0x0000000083200000| Untracked 
|  23|0x0000000083300000, 0x0000000083400000, 0x0000000083400000|100%| O|  |TAMS 0x0000000083300000| PB 0x0000000083300000| Untracked 
|  24|0x0000000083400000, 0x0000000083500000, 0x0000000083500000|100%| O|  |TAMS 0x0000000083400000| PB 0x0000000083400000| Untracked 
|  25|0x0000000083500000, 0x0000000083600000, 0x0000000083600000|100%| O|  |TAMS 0x0000000083500000| PB 0x0000000083500000| Untracked 
|  26|0x0000000083600000, 0x0000000083700000, 0x0000000083700000|100%| O|  |TAMS 0x0000000083600000| PB 0x0000000083600000| Untracked 
|  27|0x0000000083700000, 0x0000000083800000, 0x0000000083800000|100%| O|  |TAMS 0x0000000083700000| PB 0x0000000083700000| Untracked 
|  28|0x0000000083800000, 0x0000000083900000, 0x0000000083900000|100%| O|  |TAMS 0x0000000083800000| PB 0x0000000083800000| Untracked 
|  29|0x0000000083900000, 0x0000000083a00000, 0x0000000083a00000|100%| O|  |TAMS 0x0000000083900000| PB 0x0000000083900000| Untracked 
|  30|0x0000000083a00000, 0x0000000083b00000, 0x0000000083b00000|100%| O|  |TAMS 0x0000000083a00000| PB 0x0000000083a00000| Untracked 
|  31|0x0000000083b00000, 0x0000000083c00000, 0x0000000083c00000|100%| O|  |TAMS 0x0000000083b00000| PB 0x0000000083b00000| Untracked 
|  32|0x0000000083c00000, 0x0000000083d00000, 0x0000000083d00000|100%|HS|  |TAMS 0x0000000083c00000| PB 0x0000000083c00000| Complete 
|  33|0x0000000083d00000, 0x0000000083e00000, 0x0000000083e00000|100%|HC|  |TAMS 0x0000000083d00000| PB 0x0000000083d00000| Complete 
|  34|0x0000000083e00000, 0x0000000083f00000, 0x0000000083f00000|100%|HC|  |TAMS 0x0000000083e00000| PB 0x0000000083e00000| Complete 
|  35|0x0000000083f00000, 0x0000000084000000, 0x0000000084000000|100%|HS|  |TAMS 0x0000000083f00000| PB 0x0000000083f00000| Complete 
|  36|0x0000000084000000, 0x0000000084100000, 0x0000000084100000|100%| O|  |TAMS 0x0000000084000000| PB 0x0000000084000000| Untracked 
|  37|0x0000000084100000, 0x0000000084200000, 0x0000000084200000|100%| O|  |TAMS 0x0000000084100000| PB 0x0000000084100000| Untracked 
|  38|0x0000000084200000, 0x0000000084300000, 0x0000000084300000|100%| O|  |TAMS 0x0000000084200000| PB 0x0000000084200000| Untracked 
|  39|0x0000000084300000, 0x0000000084400000, 0x0000000084400000|100%| O|  |TAMS 0x0000000084300000| PB 0x0000000084300000| Untracked 
|  40|0x0000000084400000, 0x0000000084500000, 0x0000000084500000|100%| O|  |TAMS 0x0000000084400000| PB 0x0000000084400000| Untracked 
|  41|0x0000000084500000, 0x0000000084600000, 0x0000000084600000|100%| O|  |TAMS 0x0000000084500000| PB 0x0000000084500000| Untracked 
|  42|0x0000000084600000, 0x0000000084700000, 0x0000000084700000|100%| O|  |TAMS 0x0000000084600000| PB 0x0000000084600000| Untracked 
|  43|0x0000000084700000, 0x0000000084800000, 0x0000000084800000|100%| O|  |TAMS 0x0000000084700000| PB 0x0000000084700000| Untracked 
|  44|0x0000000084800000, 0x0000000084900000, 0x0000000084900000|100%|HS|  |TAMS 0x0000000084800000| PB 0x0000000084800000| Complete 
|  45|0x0000000084900000, 0x0000000084a00000, 0x0000000084a00000|100%| O|  |TAMS 0x0000000084900000| PB 0x0000000084900000| Untracked 
|  46|0x0000000084a00000, 0x0000000084b00000, 0x0000000084b00000|100%| O|  |TAMS 0x0000000084a00000| PB 0x0000000084a00000| Untracked 
|  47|0x0000000084b00000, 0x0000000084c00000, 0x0000000084c00000|100%| O|  |TAMS 0x0000000084b00000| PB 0x0000000084b00000| Untracked 
|  48|0x0000000084c00000, 0x0000000084d00000, 0x0000000084d00000|100%| O|  |TAMS 0x0000000084c00000| PB 0x0000000084c00000| Untracked 
|  49|0x0000000084d00000, 0x0000000084d00000, 0x0000000084e00000|  0%| F|  |TAMS 0x0000000084d00000| PB 0x0000000084d00000| Untracked 
|  50|0x0000000084e00000, 0x0000000084e00000, 0x0000000084f00000|  0%| F|  |TAMS 0x0000000084e00000| PB 0x0000000084e00000| Untracked 
|  51|0x0000000084f00000, 0x0000000084f00000, 0x0000000085000000|  0%| F|  |TAMS 0x0000000084f00000| PB 0x0000000084f00000| Untracked 
|  52|0x0000000085000000, 0x0000000085000000, 0x0000000085100000|  0%| F|  |TAMS 0x0000000085000000| PB 0x0000000085000000| Untracked 
|  53|0x0000000085100000, 0x0000000085100000, 0x0000000085200000|  0%| F|  |TAMS 0x0000000085100000| PB 0x0000000085100000| Untracked 
|  54|0x0000000085200000, 0x0000000085200000, 0x0000000085300000|  0%| F|  |TAMS 0x0000000085200000| PB 0x0000000085200000| Untracked 
|  55|0x0000000085300000, 0x0000000085300000, 0x0000000085400000|  0%| F|  |TAMS 0x0000000085300000| PB 0x0000000085300000| Untracked 
|  56|0x0000000085400000, 0x0000000085500000, 0x0000000085500000|100%| O|  |TAMS 0x0000000085400000| PB 0x0000000085400000| Untracked 
|  57|0x0000000085500000, 0x0000000085600000, 0x0000000085600000|100%| O|  |TAMS 0x0000000085500000| PB 0x0000000085500000| Untracked 
|  58|0x0000000085600000, 0x0000000085700000, 0x0000000085700000|100%| O|  |TAMS 0x0000000085600000| PB 0x0000000085600000| Untracked 
|  59|0x0000000085700000, 0x0000000085800000, 0x0000000085800000|100%| O|  |TAMS 0x0000000085700000| PB 0x0000000085700000| Untracked 
|  60|0x0000000085800000, 0x0000000085900000, 0x0000000085900000|100%| O|  |TAMS 0x0000000085800000| PB 0x0000000085800000| Untracked 
|  61|0x0000000085900000, 0x0000000085a00000, 0x0000000085a00000|100%| O|  |TAMS 0x0000000085900000| PB 0x0000000085900000| Untracked 
|  62|0x0000000085a00000, 0x0000000085a80000, 0x0000000085b00000| 50%| O|  |TAMS 0x0000000085a00000| PB 0x0000000085a00000| Untracked 
|  63|0x0000000085b00000, 0x0000000085b00000, 0x0000000085c00000|  0%| F|  |TAMS 0x0000000085b00000| PB 0x0000000085b00000| Untracked 
|  64|0x0000000085c00000, 0x0000000085c00000, 0x0000000085d00000|  0%| F|  |TAMS 0x0000000085c00000| PB 0x0000000085c00000| Untracked 
|  65|0x0000000085d00000, 0x0000000085d00000, 0x0000000085e00000|  0%| F|  |TAMS 0x0000000085d00000| PB 0x0000000085d00000| Untracked 
|  66|0x0000000085e00000, 0x0000000085e00000, 0x0000000085f00000|  0%| F|  |TAMS 0x0000000085e00000| PB 0x0000000085e00000| Untracked 
|  67|0x0000000085f00000, 0x0000000085f00000, 0x0000000086000000|  0%| F|  |TAMS 0x0000000085f00000| PB 0x0000000085f00000| Untracked 
|  68|0x0000000086000000, 0x0000000086000000, 0x0000000086100000|  0%| F|  |TAMS 0x0000000086000000| PB 0x0000000086000000| Untracked 
|  69|0x0000000086100000, 0x0000000086100000, 0x0000000086200000|  0%| F|  |TAMS 0x0000000086100000| PB 0x0000000086100000| Untracked 
|  70|0x0000000086200000, 0x0000000086200000, 0x0000000086300000|  0%| F|  |TAMS 0x0000000086200000| PB 0x0000000086200000| Untracked 
|  71|0x0000000086300000, 0x0000000086400000, 0x0000000086400000|100%| S|CS|TAMS 0x0000000086300000| PB 0x0000000086300000| Complete 
|  72|0x0000000086400000, 0x0000000086500000, 0x0000000086500000|100%| S|CS|TAMS 0x0000000086400000| PB 0x0000000086400000| Complete 
|  73|0x0000000086500000, 0x0000000086500000, 0x0000000086600000|  0%| F|  |TAMS 0x0000000086500000| PB 0x0000000086500000| Untracked 
|  74|0x0000000086600000, 0x0000000086600000, 0x0000000086700000|  0%| F|  |TAMS 0x0000000086600000| PB 0x0000000086600000| Untracked 
|  75|0x0000000086700000, 0x0000000086700000, 0x0000000086800000|  0%| F|  |TAMS 0x0000000086700000| PB 0x0000000086700000| Untracked 
|  76|0x0000000086800000, 0x0000000086800000, 0x0000000086900000|  0%| F|  |TAMS 0x0000000086800000| PB 0x0000000086800000| Untracked 
|  77|0x0000000086900000, 0x0000000086900000, 0x0000000086a00000|  0%| F|  |TAMS 0x0000000086900000| PB 0x0000000086900000| Untracked 
|  78|0x0000000086a00000, 0x0000000086a00000, 0x0000000086b00000|  0%| F|  |TAMS 0x0000000086a00000| PB 0x0000000086a00000| Untracked 
|  79|0x0000000086b00000, 0x0000000086b00000, 0x0000000086c00000|  0%| F|  |TAMS 0x0000000086b00000| PB 0x0000000086b00000| Untracked 
|  80|0x0000000086c00000, 0x0000000086c00000, 0x0000000086d00000|  0%| F|  |TAMS 0x0000000086c00000| PB 0x0000000086c00000| Untracked 
|  81|0x0000000086d00000, 0x0000000086d00000, 0x0000000086e00000|  0%| F|  |TAMS 0x0000000086d00000| PB 0x0000000086d00000| Untracked 
|  82|0x0000000086e00000, 0x0000000086e00000, 0x0000000086f00000|  0%| F|  |TAMS 0x0000000086e00000| PB 0x0000000086e00000| Untracked 
|  83|0x0000000086f00000, 0x0000000086f84010, 0x0000000087000000| 51%| E|  |TAMS 0x0000000086f00000| PB 0x0000000086f00000| Complete 
|  84|0x0000000087000000, 0x0000000087100000, 0x0000000087100000|100%| E|CS|TAMS 0x0000000087000000| PB 0x0000000087000000| Complete 
|  85|0x0000000087100000, 0x0000000087200000, 0x0000000087200000|100%| E|CS|TAMS 0x0000000087100000| PB 0x0000000087100000| Complete 
|  86|0x0000000087200000, 0x0000000087300000, 0x0000000087300000|100%| E|CS|TAMS 0x0000000087200000| PB 0x0000000087200000| Complete 
|  87|0x0000000087300000, 0x0000000087400000, 0x0000000087400000|100%| E|CS|TAMS 0x0000000087300000| PB 0x0000000087300000| Complete 
|  88|0x0000000087400000, 0x0000000087500000, 0x0000000087500000|100%| E|CS|TAMS 0x0000000087400000| PB 0x0000000087400000| Complete 
|  89|0x0000000087500000, 0x0000000087600000, 0x0000000087600000|100%| E|CS|TAMS 0x0000000087500000| PB 0x0000000087500000| Complete 
|  90|0x0000000087600000, 0x0000000087700000, 0x0000000087700000|100%| E|CS|TAMS 0x0000000087600000| PB 0x0000000087600000| Complete 
|  91|0x0000000087700000, 0x0000000087800000, 0x0000000087800000|100%| E|CS|TAMS 0x0000000087700000| PB 0x0000000087700000| Complete 
|  92|0x0000000087800000, 0x0000000087900000, 0x0000000087900000|100%| E|CS|TAMS 0x0000000087800000| PB 0x0000000087800000| Complete 
|  93|0x0000000087900000, 0x0000000087a00000, 0x0000000087a00000|100%| E|CS|TAMS 0x0000000087900000| PB 0x0000000087900000| Complete 
|  94|0x0000000087a00000, 0x0000000087b00000, 0x0000000087b00000|100%| E|CS|TAMS 0x0000000087a00000| PB 0x0000000087a00000| Complete 
|  95|0x0000000087b00000, 0x0000000087c00000, 0x0000000087c00000|100%| E|CS|TAMS 0x0000000087b00000| PB 0x0000000087b00000| Complete 
|  96|0x0000000087c00000, 0x0000000087d00000, 0x0000000087d00000|100%| E|CS|TAMS 0x0000000087c00000| PB 0x0000000087c00000| Complete 
|  98|0x0000000087e00000, 0x0000000087f00000, 0x0000000087f00000|100%| E|CS|TAMS 0x0000000087e00000| PB 0x0000000087e00000| Complete 
|  99|0x0000000087f00000, 0x0000000088000000, 0x0000000088000000|100%| E|CS|TAMS 0x0000000087f00000| PB 0x0000000087f00000| Complete 
| 100|0x0000000088000000, 0x0000000088100000, 0x0000000088100000|100%| E|CS|TAMS 0x0000000088000000| PB 0x0000000088000000| Complete 
| 101|0x0000000088100000, 0x0000000088200000, 0x0000000088200000|100%| E|CS|TAMS 0x0000000088100000| PB 0x0000000088100000| Complete 
| 102|0x0000000088200000, 0x0000000088300000, 0x0000000088300000|100%| E|CS|TAMS 0x0000000088200000| PB 0x0000000088200000| Complete 
| 103|0x0000000088300000, 0x0000000088400000, 0x0000000088400000|100%| E|CS|TAMS 0x0000000088300000| PB 0x0000000088300000| Complete 
| 104|0x0000000088400000, 0x0000000088500000, 0x0000000088500000|100%| E|CS|TAMS 0x0000000088400000| PB 0x0000000088400000| Complete 
| 105|0x0000000088500000, 0x0000000088600000, 0x0000000088600000|100%| E|CS|TAMS 0x0000000088500000| PB 0x0000000088500000| Complete 
| 127|0x0000000089b00000, 0x0000000089c00000, 0x0000000089c00000|100%| E|CS|TAMS 0x0000000089b00000| PB 0x0000000089b00000| Complete 
|2006|0x00000000ff200000, 0x00000000ff300000, 0x00000000ff300000|100%| O|  |TAMS 0x00000000ff200000| PB 0x00000000ff200000| Untracked 
|2007|0x00000000ff300000, 0x00000000ff400000, 0x00000000ff400000|100%| O|  |TAMS 0x00000000ff300000| PB 0x00000000ff300000| Untracked 
|2008|0x00000000ff400000, 0x00000000ff500000, 0x00000000ff500000|100%| O|  |TAMS 0x00000000ff400000| PB 0x00000000ff400000| Untracked 
|2009|0x00000000ff500000, 0x00000000ff600000, 0x00000000ff600000|100%| O|  |TAMS 0x00000000ff500000| PB 0x00000000ff500000| Untracked 
|2010|0x00000000ff600000, 0x00000000ff700000, 0x00000000ff700000|100%| O|  |TAMS 0x00000000ff600000| PB 0x00000000ff600000| Untracked 
|2011|0x00000000ff700000, 0x00000000ff800000, 0x00000000ff800000|100%| O|  |TAMS 0x00000000ff700000| PB 0x00000000ff700000| Untracked 
|2012|0x00000000ff800000, 0x00000000ff900000, 0x00000000ff900000|100%| O|  |TAMS 0x00000000ff800000| PB 0x00000000ff800000| Untracked 
|2013|0x00000000ff900000, 0x00000000ffa00000, 0x00000000ffa00000|100%| O|  |TAMS 0x00000000ff900000| PB 0x00000000ff900000| Untracked 
|2014|0x00000000ffa00000, 0x00000000ffb00000, 0x00000000ffb00000|100%| O|  |TAMS 0x00000000ffa00000| PB 0x00000000ffa00000| Untracked 
|2015|0x00000000ffb00000, 0x00000000ffc00000, 0x00000000ffc00000|100%| O|Cm|TAMS 0x00000000ffb00000| PB 0x00000000ffb00000| Complete 
|2016|0x00000000ffc00000, 0x00000000ffd00000, 0x00000000ffd00000|100%| O|  |TAMS 0x00000000ffc00000| PB 0x00000000ffc00000| Untracked 
|2017|0x00000000ffd00000, 0x00000000ffe00000, 0x00000000ffe00000|100%| O|  |TAMS 0x00000000ffd00000| PB 0x00000000ffd00000| Untracked 
|2018|0x00000000ffe00000, 0x00000000fff00000, 0x00000000fff00000|100%| O|Cm|TAMS 0x00000000ffe00000| PB 0x00000000ffe00000| Complete 
|2019|0x00000000fff00000, 0x0000000100000000, 0x0000000100000000|100%| O|  |TAMS 0x00000000fff00000| PB 0x00000000fff00000| Untracked 

Card table byte_map: [0x0000021e54540000,0x0000021e54940000] _byte_map_base: 0x0000021e54132000

Marking Bits: (CMBitMap*) 0x0000021e3cd025a0
 Bits: [0x0000021e54940000, 0x0000021e568d0000)

Polling page: 0x0000021e3ab50000

Metaspace:

Usage:
  Non-class:     30.54 MB used.
      Class:      3.74 MB used.
       Both:     34.28 MB used.

Virtual space:
  Non-class space:       64.00 MB reserved,      30.81 MB ( 48%) committed,  1 nodes.
      Class space:        1.00 GB reserved,       4.00 MB ( <1%) committed,  1 nodes.
             Both:        1.06 GB reserved,      34.81 MB (  3%) committed. 

Chunk freelists:
   Non-Class:  1.16 MB
       Class:  12.03 MB
        Both:  13.19 MB

MaxMetaspaceSize: unlimited
CompressedClassSpaceSize: 1.00 GB
Initial GC threshold: 21.00 MB
Current GC threshold: 58.06 MB
CDS: on
 - commit_granule_bytes: 65536.
 - commit_granule_words: 8192.
 - virtual_space_node_default_size: 8388608.
 - enlarge_chunks_in_place: 1.
 - use_allocation_guard: 0.


Internal statistics:

num_allocs_failed_limit: 3.
num_arena_births: 554.
num_arena_deaths: 0.
num_vsnodes_births: 2.
num_vsnodes_deaths: 0.
num_space_committed: 557.
num_space_uncommitted: 0.
num_chunks_returned_to_freelist: 3.
num_chunks_taken_from_freelist: 1883.
num_chunk_merges: 3.
num_chunk_splits: 1325.
num_chunks_enlarged: 1001.
num_inconsistent_stats: 0.

CodeHeap 'non-profiled nmethods': size=120000Kb used=4679Kb max_used=5009Kb free=115321Kb
 bounds [0x0000021e4cc10000, 0x0000021e4d100000, 0x0000021e54140000]
CodeHeap 'profiled nmethods': size=120000Kb used=18961Kb max_used=20137Kb free=101038Kb
 bounds [0x0000021e45140000, 0x0000021e464f0000, 0x0000021e4c670000]
CodeHeap 'non-nmethods': size=5760Kb used=1470Kb max_used=1524Kb free=4289Kb
 bounds [0x0000021e4c670000, 0x0000021e4c8e0000, 0x0000021e4cc10000]
 total_blobs=8814 nmethods=8262 adapters=456
 compilation: enabled
              stopped_count=0, restarted_count=0
 full_count=0

Compilation events (20 events):
Event: 48.602 Thread 0x0000021e58dcba60 9663       3       org.eclipse.aether.internal.impl.collect.DataPool$ConstraintKey::equals (57 bytes)
Event: 48.602 Thread 0x0000021e58dcba60 nmethod 9663 0x0000021e45d57b90 code [0x0000021e45d57d80, 0x0000021e45d58318]
Event: 48.606 Thread 0x0000021e58dcba60 9665       3       org.apache.maven.model.Activation::<init> (10 bytes)
Event: 48.607 Thread 0x0000021e58dcba60 nmethod 9665 0x0000021e45ea6b10 code [0x0000021e45ea6ca0, 0x0000021e45ea6e08]
Event: 48.652 Thread 0x0000021e58dcba60 9666       3       org.apache.maven.model.merge.ModelMerger::mergeScm_ChildScmConnectionInheritAppendPath (43 bytes)
Event: 48.652 Thread 0x0000021e58dcba60 nmethod 9666 0x0000021e45dfd290 code [0x0000021e45dfd460, 0x0000021e45dfd7a0]
Event: 48.652 Thread 0x0000021e58dcba60 9667       3       org.apache.maven.model.merge.ModelMerger::mergeScm_ChildScmDeveloperConnectionInheritAppendPath (43 bytes)
Event: 48.652 Thread 0x0000021e58dcba60 nmethod 9667 0x0000021e45e4ae10 code [0x0000021e45e4afe0, 0x0000021e45e4b320]
Event: 48.652 Thread 0x0000021e58dcba60 9668       3       org.apache.maven.model.merge.ModelMerger::mergeScm_ChildScmUrlInheritAppendPath (43 bytes)
Event: 48.653 Thread 0x0000021e58dcba60 nmethod 9668 0x0000021e45f22110 code [0x0000021e45f222e0, 0x0000021e45f22620]
Event: 48.653 Thread 0x0000021e58dcba60 9669       3       org.apache.maven.model.merge.ModelMerger::mergeScm_Tag (43 bytes)
Event: 48.653 Thread 0x0000021e58dcba60 nmethod 9669 0x0000021e454cfb90 code [0x0000021e454cfd60, 0x0000021e454d0058]
Event: 48.653 Thread 0x0000021e58dcba60 9671       3       org.eclipse.aether.util.version.GenericVersion::parse (49 bytes)
Event: 48.654 Thread 0x0000021e58dcba60 nmethod 9671 0x0000021e45402d90 code [0x0000021e45403020, 0x0000021e45403cc0]
Event: 48.654 Thread 0x0000021e58dcba60 9673       3       org.eclipse.aether.util.version.GenericVersion::trimPadding (122 bytes)
Event: 48.656 Thread 0x0000021e58dcba60 nmethod 9673 0x0000021e4604e010 code [0x0000021e4604e2c0, 0x0000021e4604f388]
Event: 48.656 Thread 0x0000021e58dcba60 9672       3       org.eclipse.aether.util.version.GenericVersion$Tokenizer::<init> (33 bytes)
Event: 48.656 Thread 0x0000021e58dcba60 nmethod 9672 0x0000021e4525d790 code [0x0000021e4525d960, 0x0000021e4525dd70]
Event: 48.656 Thread 0x0000021e58dcba60 9670       1       org.apache.maven.model.CiManagement::setNotifiers (6 bytes)
Event: 48.656 Thread 0x0000021e58dcba60 nmethod 9670 0x0000021e4cee5690 code [0x0000021e4cee5820, 0x0000021e4cee5930]

GC Heap History (20 events):
Event: 14.010 GC heap before
{Heap before GC invocations=3 (full 0):
 garbage-first heap   total 131072K, used 80405K [0x0000000081c00000, 0x0000000100000000)
  region size 1024K, 76 young (77824K), 5 survivors (5120K)
 Metaspace       used 16780K, committed 17088K, reserved 1114112K
  class space    used 1890K, committed 2048K, reserved 1048576K
}
Event: 14.046 GC heap after
{Heap after GC invocations=4 (full 0):
 garbage-first heap   total 131072K, used 14591K [0x0000000081c00000, 0x0000000100000000)
  region size 1024K, 10 young (10240K), 10 survivors (10240K)
 Metaspace       used 16780K, committed 17088K, reserved 1114112K
  class space    used 1890K, committed 2048K, reserved 1048576K
}
Event: 21.965 GC heap before
{Heap before GC invocations=4 (full 0):
 garbage-first heap   total 131072K, used 82175K [0x0000000081c00000, 0x0000000100000000)
  region size 1024K, 76 young (77824K), 10 survivors (10240K)
 Metaspace       used 18760K, committed 19008K, reserved 1114112K
  class space    used 2049K, committed 2176K, reserved 1048576K
}
Event: 22.010 GC heap after
{Heap after GC invocations=5 (full 0):
 garbage-first heap   total 131072K, used 18140K [0x0000000081c00000, 0x0000000100000000)
  region size 1024K, 4 young (4096K), 4 survivors (4096K)
 Metaspace       used 18760K, committed 19008K, reserved 1114112K
  class space    used 2049K, committed 2176K, reserved 1048576K
}
Event: 23.862 GC heap before
{Heap before GC invocations=5 (full 0):
 garbage-first heap   total 131072K, used 43740K [0x0000000081c00000, 0x0000000100000000)
  region size 1024K, 26 young (26624K), 4 survivors (4096K)
 Metaspace       used 21173K, committed 21504K, reserved 1114112K
  class space    used 2331K, committed 2496K, reserved 1048576K
}
Event: 23.877 GC heap after
{Heap after GC invocations=6 (full 0):
 garbage-first heap   total 131072K, used 25308K [0x0000000081c00000, 0x0000000100000000)
  region size 1024K, 8 young (8192K), 8 survivors (8192K)
 Metaspace       used 21173K, committed 21504K, reserved 1114112K
  class space    used 2331K, committed 2496K, reserved 1048576K
}
Event: 27.904 GC heap before
{Heap before GC invocations=7 (full 0):
 garbage-first heap   total 89088K, used 74460K [0x0000000081c00000, 0x0000000100000000)
  region size 1024K, 52 young (53248K), 8 survivors (8192K)
 Metaspace       used 27366K, committed 27712K, reserved 1114112K
  class space    used 3031K, committed 3200K, reserved 1048576K
}
Event: 27.963 GC heap after
{Heap after GC invocations=8 (full 0):
 garbage-first heap   total 94208K, used 40668K [0x0000000081c00000, 0x0000000100000000)
  region size 1024K, 7 young (7168K), 7 survivors (7168K)
 Metaspace       used 27366K, committed 27712K, reserved 1114112K
  class space    used 3031K, committed 3200K, reserved 1048576K
}
Event: 30.498 GC heap before
{Heap before GC invocations=8 (full 0):
 garbage-first heap   total 94208K, used 76508K [0x0000000081c00000, 0x0000000100000000)
  region size 1024K, 41 young (41984K), 7 survivors (7168K)
 Metaspace       used 28852K, committed 29248K, reserved 1114112K
  class space    used 3153K, committed 3328K, reserved 1048576K
}
Event: 30.530 GC heap after
{Heap after GC invocations=9 (full 0):
 garbage-first heap   total 94208K, used 46186K [0x0000000081c00000, 0x0000000100000000)
  region size 1024K, 5 young (5120K), 5 survivors (5120K)
 Metaspace       used 28852K, committed 29248K, reserved 1114112K
  class space    used 3153K, committed 3328K, reserved 1048576K
}
Event: 31.862 GC heap before
{Heap before GC invocations=9 (full 0):
 garbage-first heap   total 94208K, used 76906K [0x0000000081c00000, 0x0000000100000000)
  region size 1024K, 36 young (36864K), 5 survivors (5120K)
 Metaspace       used 30399K, committed 30848K, reserved 1114112K
  class space    used 3357K, committed 3584K, reserved 1048576K
}
Event: 31.878 GC heap after
{Heap after GC invocations=10 (full 0):
 garbage-first heap   total 94208K, used 48114K [0x0000000081c00000, 0x0000000100000000)
  region size 1024K, 2 young (2048K), 2 survivors (2048K)
 Metaspace       used 30399K, committed 30848K, reserved 1114112K
  class space    used 3357K, committed 3584K, reserved 1048576K
}
Event: 33.653 GC heap before
{Heap before GC invocations=10 (full 0):
 garbage-first heap   total 94208K, used 79858K [0x0000000081c00000, 0x0000000100000000)
  region size 1024K, 33 young (33792K), 2 survivors (2048K)
 Metaspace       used 31023K, committed 31552K, reserved 1114112K
  class space    used 3391K, committed 3648K, reserved 1048576K
}
Event: 33.664 GC heap after
{Heap after GC invocations=11 (full 0):
 garbage-first heap   total 113664K, used 48496K [0x0000000081c00000, 0x0000000100000000)
  region size 1024K, 2 young (2048K), 2 survivors (2048K)
 Metaspace       used 31023K, committed 31552K, reserved 1114112K
  class space    used 3391K, committed 3648K, reserved 1048576K
}
Event: 41.386 GC heap before
{Heap before GC invocations=12 (full 0):
 garbage-first heap   total 113664K, used 96624K [0x0000000081c00000, 0x0000000100000000)
  region size 1024K, 48 young (49152K), 2 survivors (2048K)
 Metaspace       used 33530K, committed 34048K, reserved 1114112K
  class space    used 3664K, committed 3904K, reserved 1048576K
}
Event: 41.402 GC heap after
{Heap after GC invocations=13 (full 0):
 garbage-first heap   total 113664K, used 50358K [0x0000000081c00000, 0x0000000100000000)
  region size 1024K, 4 young (4096K), 4 survivors (4096K)
 Metaspace       used 33530K, committed 34048K, reserved 1114112K
  class space    used 3664K, committed 3904K, reserved 1048576K
}
Event: 45.352 GC heap before
{Heap before GC invocations=13 (full 0):
 garbage-first heap   total 113664K, used 101558K [0x0000000081c00000, 0x0000000100000000)
  region size 1024K, 50 young (51200K), 4 survivors (4096K)
 Metaspace       used 33624K, committed 34176K, reserved 1114112K
  class space    used 3667K, committed 3904K, reserved 1048576K
}
Event: 45.397 GC heap after
{Heap after GC invocations=14 (full 0):
 garbage-first heap   total 122880K, used 70656K [0x0000000081c00000, 0x0000000100000000)
  region size 1024K, 7 young (7168K), 7 survivors (7168K)
 Metaspace       used 33624K, committed 34176K, reserved 1114112K
  class space    used 3667K, committed 3904K, reserved 1048576K
}
Event: 47.336 GC heap before
{Heap before GC invocations=14 (full 0):
 garbage-first heap   total 122880K, used 103424K [0x0000000081c00000, 0x0000000100000000)
  region size 1024K, 40 young (40960K), 7 survivors (7168K)
 Metaspace       used 35007K, committed 35584K, reserved 1114112K
  class space    used 3823K, committed 4096K, reserved 1048576K
}
Event: 47.360 GC heap after
{Heap after GC invocations=15 (full 0):
 garbage-first heap   total 122880K, used 73216K [0x0000000081c00000, 0x0000000100000000)
  region size 1024K, 2 young (2048K), 2 survivors (2048K)
 Metaspace       used 35007K, committed 35584K, reserved 1114112K
  class space    used 3823K, committed 4096K, reserved 1048576K
}

Dll operation events (12 events):
Event: 0.067 Loaded shared library C:\Program Files\Java\jdk-21\bin\java.dll
Event: 0.202 Loaded shared library C:\Program Files\Java\jdk-21\bin\jsvml.dll
Event: 0.310 Loaded shared library C:\Program Files\Java\jdk-21\bin\zip.dll
Event: 0.318 Loaded shared library C:\Program Files\Java\jdk-21\bin\instrument.dll
Event: 0.334 Loaded shared library C:\Program Files\Java\jdk-21\bin\net.dll
Event: 0.340 Loaded shared library C:\Program Files\Java\jdk-21\bin\nio.dll
Event: 0.350 Loaded shared library C:\Program Files\Java\jdk-21\bin\zip.dll
Event: 0.398 Loaded shared library C:\Program Files\JetBrains\IntelliJ IDEA Community Edition 2024.3.1\bin\breakgen64.dll
Event: 0.436 Loaded shared library C:\Program Files\Java\jdk-21\bin\extnet.dll
Event: 0.965 Loaded shared library C:\Program Files\Java\jdk-21\bin\jimage.dll
Event: 1.043 Loaded shared library C:\Users\Samuel\AppData\Local\Temp\jansi-2.4.1-1c5e8366843e84b5-jansi.dll
Event: 1.089 Loaded shared library C:\Program Files\Java\jdk-21\bin\verify.dll

Deoptimization events (20 events):
Event: 47.406 Thread 0x0000021e3cca9ea0 DEOPT PACKING pc=0x0000021e4d074c8c sp=0x000000bbd30fd870
Event: 47.406 Thread 0x0000021e3cca9ea0 DEOPT UNPACKING pc=0x0000021e4c6c46a2 sp=0x000000bbd30fd760 mode 2
Event: 47.462 Thread 0x0000021e3cca9ea0 Uncommon trap: trap_request=0xffffff45 fr.pc=0x0000021e4d0e6168 relative=0x00000000000012e8
Event: 47.462 Thread 0x0000021e3cca9ea0 Uncommon trap: reason=unstable_if action=reinterpret pc=0x0000021e4d0e6168 method=lombok.launch.PackageShader.apply([B)Z @ 190 c2
Event: 47.462 Thread 0x0000021e3cca9ea0 DEOPT PACKING pc=0x0000021e4d0e6168 sp=0x000000bbd30fce10
Event: 47.462 Thread 0x0000021e3cca9ea0 DEOPT UNPACKING pc=0x0000021e4c6c46a2 sp=0x000000bbd30fcdf0 mode 2
Event: 47.462 Thread 0x0000021e3cca9ea0 Uncommon trap: trap_request=0xffffff45 fr.pc=0x0000021e4d0e4308 relative=0x0000000000000928
Event: 47.462 Thread 0x0000021e3cca9ea0 Uncommon trap: reason=unstable_if action=reinterpret pc=0x0000021e4d0e4308 method=lombok.launch.PackageShader.apply([B)Z @ 190 c2
Event: 47.462 Thread 0x0000021e3cca9ea0 DEOPT PACKING pc=0x0000021e4d0e4308 sp=0x000000bbd30fce70
Event: 47.462 Thread 0x0000021e3cca9ea0 DEOPT UNPACKING pc=0x0000021e4c6c46a2 sp=0x000000bbd30fcdf0 mode 2
Event: 47.706 Thread 0x0000021e3cca9ea0 Uncommon trap: trap_request=0xffffff45 fr.pc=0x0000021e4ce1b618 relative=0x0000000000000c98
Event: 47.706 Thread 0x0000021e3cca9ea0 Uncommon trap: reason=unstable_if action=reinterpret pc=0x0000021e4ce1b618 method=java.util.concurrent.ConcurrentHashMap.addCount(JI)V @ 7 c2
Event: 47.706 Thread 0x0000021e3cca9ea0 DEOPT PACKING pc=0x0000021e4ce1b618 sp=0x000000bbd30fd150
Event: 47.706 Thread 0x0000021e3cca9ea0 DEOPT UNPACKING pc=0x0000021e4c6c46a2 sp=0x000000bbd30fd010 mode 2
Event: 47.770 Thread 0x0000021e3cca9ea0 Uncommon trap: trap_request=0xffffff45 fr.pc=0x0000021e4cccdec4 relative=0x00000000000000a4
Event: 47.770 Thread 0x0000021e3cca9ea0 Uncommon trap: reason=unstable_if action=reinterpret pc=0x0000021e4cccdec4 method=java.lang.ref.ReferenceQueue.poll()Ljava/lang/ref/Reference; @ 4 c2
Event: 47.770 Thread 0x0000021e3cca9ea0 DEOPT PACKING pc=0x0000021e4cccdec4 sp=0x000000bbd30fd810
Event: 47.770 Thread 0x0000021e3cca9ea0 DEOPT UNPACKING pc=0x0000021e4c6c46a2 sp=0x000000bbd30fd6f8 mode 2
Event: 48.239 Thread 0x0000021e3cca9ea0 DEOPT PACKING pc=0x0000021e4620953d sp=0x000000bbd30fc050
Event: 48.239 Thread 0x0000021e3cca9ea0 DEOPT UNPACKING pc=0x0000021e4c6c4e42 sp=0x000000bbd30fb518 mode 0

Classes loaded (20 events):
Event: 36.593 Loading class java/util/stream/ReferencePipeline$4
Event: 36.594 Loading class java/util/stream/ReferencePipeline$4 done
Event: 36.596 Loading class java/util/stream/Nodes$IntFixedNodeBuilder
Event: 36.597 Loading class java/util/stream/Node$Builder$OfInt
Event: 36.597 Loading class java/util/stream/Node$Builder$OfInt done
Event: 36.597 Loading class java/util/stream/Nodes$IntArrayNode
Event: 36.598 Loading class java/util/stream/Nodes$IntArrayNode done
Event: 36.598 Loading class java/util/stream/Nodes$IntFixedNodeBuilder done
Event: 36.599 Loading class java/util/stream/ReferencePipeline$4$1
Event: 36.599 Loading class java/util/stream/ReferencePipeline$4$1 done
Event: 37.543 Loading class java/io/DataOutputStream
Event: 37.546 Loading class java/io/DataOutputStream done
Event: 40.866 Loading class java/util/EnumMap$Values
Event: 40.867 Loading class java/util/EnumMap$Values done
Event: 40.867 Loading class java/util/EnumMap$ValueIterator
Event: 40.867 Loading class java/util/EnumMap$ValueIterator done
Event: 40.868 Loading class java/util/WeakHashMap$KeyIterator
Event: 40.868 Loading class java/util/WeakHashMap$KeyIterator done
Event: 45.919 Loading class jdk/internal/module/IllegalAccessLogger
Event: 45.919 Loading class jdk/internal/module/IllegalAccessLogger done

Classes unloaded (0 events):
No events

Classes redefined (0 events):
No events

Internal exceptions (20 events):
Event: 47.305 Thread 0x0000021e3cca9ea0 Exception <a 'sun/nio/fs/WindowsException'{0x0000000086597440}> (0x0000000086597440) 
thrown [s\open\src\hotspot\share\prims\jni.cpp, line 520]
Event: 47.305 Thread 0x0000021e3cca9ea0 Exception <a 'sun/nio/fs/WindowsException'{0x0000000086597ed0}> (0x0000000086597ed0) 
thrown [s\open\src\hotspot\share\prims\jni.cpp, line 520]
Event: 47.334 Thread 0x0000021e3cca9ea0 Exception <a 'sun/nio/fs/WindowsException'{0x00000000865f5d88}> (0x00000000865f5d88) 
thrown [s\open\src\hotspot\share\prims\jni.cpp, line 520]
Event: 47.334 Thread 0x0000021e3cca9ea0 Exception <a 'sun/nio/fs/WindowsException'{0x00000000865f6750}> (0x00000000865f6750) 
thrown [s\open\src\hotspot\share\prims\jni.cpp, line 520]
Event: 47.335 Thread 0x0000021e3cca9ea0 Exception <a 'sun/nio/fs/WindowsException'{0x00000000865f71e0}> (0x00000000865f71e0) 
thrown [s\open\src\hotspot\share\prims\jni.cpp, line 520]
Event: 47.371 Thread 0x0000021e3cca9ea0 Exception <a 'sun/nio/fs/WindowsException'{0x0000000089b2ff90}> (0x0000000089b2ff90) 
thrown [s\open\src\hotspot\share\prims\jni.cpp, line 520]
Event: 47.371 Thread 0x0000021e3cca9ea0 Exception <a 'sun/nio/fs/WindowsException'{0x0000000089b30958}> (0x0000000089b30958) 
thrown [s\open\src\hotspot\share\prims\jni.cpp, line 520]
Event: 47.372 Thread 0x0000021e3cca9ea0 Exception <a 'sun/nio/fs/WindowsException'{0x0000000089b313e8}> (0x0000000089b313e8) 
thrown [s\open\src\hotspot\share\prims\jni.cpp, line 520]
Event: 47.411 Thread 0x0000021e3cca9ea0 Exception <a 'sun/nio/fs/WindowsException'{0x00000000885205f0}> (0x00000000885205f0) 
thrown [s\open\src\hotspot\share\prims\jni.cpp, line 520]
Event: 47.415 Thread 0x0000021e3cca9ea0 Exception <a 'sun/nio/fs/WindowsException'{0x00000000885378f0}> (0x00000000885378f0) 
thrown [s\open\src\hotspot\share\prims\jni.cpp, line 520]
Event: 47.429 Thread 0x0000021e3cca9ea0 Exception <a 'sun/nio/fs/WindowsException'{0x000000008854ec50}> (0x000000008854ec50) 
thrown [s\open\src\hotspot\share\prims\jni.cpp, line 520]
Event: 47.434 Thread 0x0000021e3cca9ea0 Exception <a 'sun/nio/fs/WindowsException'{0x000000008854f3d0}> (0x000000008854f3d0) 
thrown [s\open\src\hotspot\share\prims\jni.cpp, line 520]
Event: 47.440 Thread 0x0000021e3cca9ea0 Exception <a 'sun/nio/fs/WindowsException'{0x000000008854f9a0}> (0x000000008854f9a0) 
thrown [s\open\src\hotspot\share\prims\jni.cpp, line 520]
Event: 47.441 Thread 0x0000021e3cca9ea0 Exception <a 'sun/nio/fs/WindowsException'{0x00000000885500e8}> (0x00000000885500e8) 
thrown [s\open\src\hotspot\share\prims\jni.cpp, line 520]
Event: 47.442 Thread 0x0000021e3cca9ea0 Exception <a 'sun/nio/fs/WindowsException'{0x0000000088550800}> (0x0000000088550800) 
thrown [s\open\src\hotspot\share\prims\jni.cpp, line 520]
Event: 47.442 Thread 0x0000021e3cca9ea0 Exception <a 'sun/nio/fs/WindowsException'{0x0000000088550f00}> (0x0000000088550f00) 
thrown [s\open\src\hotspot\share\prims\jni.cpp, line 520]
Event: 47.484 Thread 0x0000021e3cca9ea0 Exception <a 'sun/nio/fs/WindowsException'{0x0000000088464278}> (0x0000000088464278) 
thrown [s\open\src\hotspot\share\prims\jni.cpp, line 520]
Event: 47.484 Thread 0x0000021e3cca9ea0 Exception <a 'sun/nio/fs/WindowsException'{0x0000000088464970}> (0x0000000088464970) 
thrown [s\open\src\hotspot\share\prims\jni.cpp, line 520]
Event: 47.484 Thread 0x0000021e3cca9ea0 Exception <a 'sun/nio/fs/WindowsException'{0x00000000884652f8}> (0x00000000884652f8) 
thrown [s\open\src\hotspot\share\prims\jni.cpp, line 520]
Event: 47.484 Thread 0x0000021e3cca9ea0 Exception <a 'sun/nio/fs/WindowsException'{0x0000000088465a90}> (0x0000000088465a90) 
thrown [s\open\src\hotspot\share\prims\jni.cpp, line 520]

ZGC Phase Switch (0 events):
No events

VM Operations (20 events):
Event: 41.386 Executing VM operation: G1CollectForAllocation (G1 Evacuation Pause)
Event: 41.402 Executing VM operation: G1CollectForAllocation (G1 Evacuation Pause) done
Event: 42.408 Executing VM operation: Cleanup
Event: 42.441 Executing VM operation: Cleanup done
Event: 43.455 Executing VM operation: Cleanup
Event: 43.455 Executing VM operation: Cleanup done
Event: 44.464 Executing VM operation: Cleanup
Event: 44.510 Executing VM operation: Cleanup done
Event: 45.352 Executing VM operation: G1CollectForAllocation (G1 Evacuation Pause)
Event: 45.402 Executing VM operation: G1CollectForAllocation (G1 Evacuation Pause) done
Event: 46.412 Executing VM operation: Cleanup
Event: 46.428 Executing VM operation: Cleanup done
Event: 47.336 Executing VM operation: G1CollectForAllocation (G1 Evacuation Pause)
Event: 47.362 Executing VM operation: G1CollectForAllocation (G1 Evacuation Pause) done
Event: 47.529 Executing VM operation: G1PauseRemark
Event: 47.605 Executing VM operation: G1PauseRemark done
Event: 47.661 Executing VM operation: G1PauseCleanup
Event: 47.665 Executing VM operation: G1PauseCleanup done
Event: 48.667 Executing VM operation: Cleanup
Event: 48.667 Executing VM operation: Cleanup done

Events (20 events):
Event: 47.602 Thread 0x0000021e58d841a0 flushing nmethod 0x0000021e460cb310
Event: 47.602 Thread 0x0000021e58d841a0 flushing nmethod 0x0000021e460cb810
Event: 47.602 Thread 0x0000021e58d841a0 flushing nmethod 0x0000021e460cbc90
Event: 47.602 Thread 0x0000021e58d841a0 flushing nmethod 0x0000021e460cc210
Event: 47.602 Thread 0x0000021e58d841a0 flushing nmethod 0x0000021e460df410
Event: 47.602 Thread 0x0000021e58d841a0 flushing nmethod 0x0000021e460e1810
Event: 47.602 Thread 0x0000021e58d841a0 flushing nmethod 0x0000021e460e3490
Event: 47.602 Thread 0x0000021e58d841a0 flushing nmethod 0x0000021e460e4710
Event: 47.602 Thread 0x0000021e58d841a0 flushing nmethod 0x0000021e460e5f90
Event: 47.602 Thread 0x0000021e58d841a0 flushing nmethod 0x0000021e460f4510
Event: 47.602 Thread 0x0000021e58d841a0 flushing nmethod 0x0000021e460f4f10
Event: 47.602 Thread 0x0000021e58d841a0 flushing nmethod 0x0000021e460f5890
Event: 47.602 Thread 0x0000021e58d841a0 flushing nmethod 0x0000021e46117790
Event: 47.602 Thread 0x0000021e58d841a0 flushing nmethod 0x0000021e46150490
Event: 47.602 Thread 0x0000021e58d841a0 flushing nmethod 0x0000021e46241410
Event: 47.602 Thread 0x0000021e58d841a0 flushing nmethod 0x0000021e46242390
Event: 47.602 Thread 0x0000021e58d841a0 flushing nmethod 0x0000021e46242890
Event: 47.602 Thread 0x0000021e58d841a0 flushing nmethod 0x0000021e46248090
Event: 47.602 Thread 0x0000021e58d841a0 flushing nmethod 0x0000021e46248890
Event: 47.602 Thread 0x0000021e58d841a0 flushing nmethod 0x0000021e46249410


Dynamic libraries:
0x00007ff7a0290000 - 0x00007ff7a02a0000 	C:\Program Files\Java\jdk-21\bin\java.exe
0x00007ffef5db0000 - 0x00007ffef5fa8000 	C:\Windows\SYSTEM32\ntdll.dll
0x00007ffef5810000 - 0x00007ffef58d2000 	C:\Windows\System32\KERNEL32.DLL
0x00007ffef3580000 - 0x00007ffef387f000 	C:\Windows\System32\KERNELBASE.dll
0x00007ffef3a60000 - 0x00007ffef3b60000 	C:\Windows\System32\ucrtbase.dll
0x00007ffeece30000 - 0x00007ffeece49000 	C:\Program Files\Java\jdk-21\bin\jli.dll
0x00007ffeece50000 - 0x00007ffeece6b000 	C:\Program Files\Java\jdk-21\bin\VCRUNTIME140.dll
0x00007ffef52b0000 - 0x00007ffef5361000 	C:\Windows\System32\ADVAPI32.dll
0x00007ffef5210000 - 0x00007ffef52ae000 	C:\Windows\System32\msvcrt.dll
0x00007ffef5770000 - 0x00007ffef580f000 	C:\Windows\System32\sechost.dll
0x00007ffef4fb0000 - 0x00007ffef50d3000 	C:\Windows\System32\RPCRT4.dll
0x00007ffef3880000 - 0x00007ffef38a7000 	C:\Windows\System32\bcrypt.dll
0x00007ffef4a90000 - 0x00007ffef4c2d000 	C:\Windows\System32\USER32.dll
0x00007ffef3550000 - 0x00007ffef3572000 	C:\Windows\System32\win32u.dll
0x00007ffef4f80000 - 0x00007ffef4fab000 	C:\Windows\System32\GDI32.dll
0x00007ffef3ca0000 - 0x00007ffef3db7000 	C:\Windows\System32\gdi32full.dll
0x00007ffef3440000 - 0x00007ffef34dd000 	C:\Windows\System32\msvcp_win.dll
0x00007ffedc3f0000 - 0x00007ffedc68a000 	C:\Windows\WinSxS\amd64_microsoft.windows.common-controls_6595b64144ccf1df_6.0.19041.4355_none_60b8b9eb71f62e16\COMCTL32.dll
0x00007ffee17f0000 - 0x00007ffee17fa000 	C:\Windows\SYSTEM32\VERSION.dll
0x00007ffef5680000 - 0x00007ffef56af000 	C:\Windows\System32\IMM32.DLL
0x00007ffeece20000 - 0x00007ffeece2c000 	C:\Program Files\Java\jdk-21\bin\vcruntime140_1.dll
0x00007ffeeccf0000 - 0x00007ffeecd7e000 	C:\Program Files\Java\jdk-21\bin\msvcp140.dll
0x00007ffe77360000 - 0x00007ffe78078000 	C:\Program Files\Java\jdk-21\bin\server\jvm.dll
0x00007ffef5370000 - 0x00007ffef53db000 	C:\Windows\System32\WS2_32.dll
0x00007ffedfb10000 - 0x00007ffedfb37000 	C:\Windows\SYSTEM32\WINMM.dll
0x00007ffef3180000 - 0x00007ffef31cb000 	C:\Windows\SYSTEM32\POWRPROF.dll
0x00007ffef2fb0000 - 0x00007ffef2fc2000 	C:\Windows\SYSTEM32\UMPDC.dll
0x00007ffef12a0000 - 0x00007ffef12b2000 	C:\Windows\SYSTEM32\kernel.appcore.dll
0x00007ffeece10000 - 0x00007ffeece1a000 	C:\Program Files\Java\jdk-21\bin\jimage.dll
0x00007ffedf210000 - 0x00007ffedf3f4000 	C:\Windows\SYSTEM32\DBGHELP.DLL
0x00007ffedf1d0000 - 0x00007ffedf204000 	C:\Windows\SYSTEM32\dbgcore.DLL
0x00007ffef3c10000 - 0x00007ffef3c92000 	C:\Windows\System32\bcryptPrimitives.dll
0x00007ffeece80000 - 0x00007ffeece8f000 	C:\Program Files\Java\jdk-21\bin\instrument.dll
0x00007ffeecdf0000 - 0x00007ffeece0f000 	C:\Program Files\Java\jdk-21\bin\java.dll
0x00007ffef3ea0000 - 0x00007ffef460e000 	C:\Windows\System32\SHELL32.dll
0x00007ffef14a0000 - 0x00007ffef1c44000 	C:\Windows\SYSTEM32\windows.storage.dll
0x00007ffef4730000 - 0x00007ffef4a85000 	C:\Windows\System32\combase.dll
0x00007ffef2cc0000 - 0x00007ffef2cef000 	C:\Windows\SYSTEM32\Wldp.dll
0x00007ffef4c30000 - 0x00007ffef4cfd000 	C:\Windows\System32\OLEAUT32.dll
0x00007ffef4d00000 - 0x00007ffef4dad000 	C:\Windows\System32\SHCORE.dll
0x00007ffef5150000 - 0x00007ffef51a5000 	C:\Windows\System32\shlwapi.dll
0x00007ffef3370000 - 0x00007ffef3394000 	C:\Windows\SYSTEM32\profapi.dll
0x00007ffeea8b0000 - 0x00007ffeea987000 	C:\Program Files\Java\jdk-21\bin\jsvml.dll
0x00007ffeecdc0000 - 0x00007ffeecdd8000 	C:\Program Files\Java\jdk-21\bin\zip.dll
0x00007ffeecdb0000 - 0x00007ffeecdc0000 	C:\Program Files\Java\jdk-21\bin\net.dll
0x00007ffeed9e0000 - 0x00007ffeedaed000 	C:\Windows\SYSTEM32\WINHTTP.dll
0x00007ffef2aa0000 - 0x00007ffef2b0a000 	C:\Windows\system32\mswsock.dll
0x00007ffeeccd0000 - 0x00007ffeecce6000 	C:\Program Files\Java\jdk-21\bin\nio.dll
0x00007ffeeccb0000 - 0x00007ffeeccca000 	C:\Program Files\JetBrains\IntelliJ IDEA Community Edition 2024.3.1\bin\breakgen64.dll
0x00007ffeecca0000 - 0x00007ffeecca9000 	C:\Program Files\Java\jdk-21\bin\extnet.dll
0x00007ffeecc50000 - 0x00007ffeecc74000 	C:\Users\Samuel\AppData\Local\Temp\jansi-2.4.1-1c5e8366843e84b5-jansi.dll
0x00007ffeece70000 - 0x00007ffeece80000 	C:\Program Files\Java\jdk-21\bin\verify.dll

dbghelp: loaded successfully - version: 4.0.5 - missing functions: none
symbol engine: initialized successfully - sym options: 0x614 - pdb path: .;C:\Program Files\Java\jdk-21\bin;C:\Windows\SYSTEM32;C:\Windows\WinSxS\amd64_microsoft.windows.common-controls_6595b64144ccf1df_6.0.19041.4355_none_60b8b9eb71f62e16;C:\Program Files\Java\jdk-21\bin\server;C:\Program Files\JetBrains\IntelliJ IDEA Community Edition 2024.3.1\bin;C:\Users\Samuel\AppData\Local\Temp

VM Arguments:
jvm_args: -Dmaven.multiModuleProjectDirectory=C:\Users\Samuel\intellij-workspace\time-sheet -Djansi.passthrough=true -Dmaven.home=C:\Users\Samuel\.m2\wrapper\dists\apache-maven-3.9.9-bin\4nf9hui3q3djbarqar9g711ggc\apache-maven-3.9.9 -Dclassworlds.conf=C:\Users\Samuel\.m2\wrapper\dists\apache-maven-3.9.9-bin\4nf9hui3q3djbarqar9g711ggc\apache-maven-3.9.9\bin\m2.conf -Dmaven.ext.class.path=C:\Program Files\JetBrains\IntelliJ IDEA Community Edition 2024.3.1\plugins\maven\lib\maven-event-listener.jar -javaagent:C:\Program Files\JetBrains\IntelliJ IDEA Community Edition 2024.3.1\lib\idea_rt.jar=50691:C:\Program Files\JetBrains\IntelliJ IDEA Community Edition 2024.3.1\bin -Dfile.encoding=UTF-8 -Dsun.stdout.encoding=UTF-8 -Dsun.stderr.encoding=UTF-8 
java_command: org.codehaus.classworlds.Launcher -Didea.version=2024.3.1 -DskipTests=true clean install
java_class_path (initial): C:\Users\Samuel\.m2\wrapper\dists\apache-maven-3.9.9-bin\4nf9hui3q3djbarqar9g711ggc\apache-maven-3.9.9\boot\plexus-classworlds-2.8.0.jar;C:\Users\Samuel\.m2\wrapper\dists\apache-maven-3.9.9-bin\4nf9hui3q3djbarqar9g711ggc\apache-maven-3.9.9\boot\plexus-classworlds.license
Launcher Type: SUN_STANDARD

[Global flags]
     intx CICompilerCount                          = 3                                         {product} {ergonomic}
     uint ConcGCThreads                            = 1                                         {product} {ergonomic}
     uint G1ConcRefinementThreads                  = 4                                         {product} {ergonomic}
   size_t G1HeapRegionSize                         = 1048576                                   {product} {ergonomic}
    uintx GCDrainStackTargetSize                   = 64                                        {product} {ergonomic}
   size_t InitialHeapSize                          = 134217728                                 {product} {ergonomic}
   size_t MarkStackSize                            = 4194304                                   {product} {ergonomic}
   size_t MaxHeapSize                              = 2118123520                                {product} {ergonomic}
   size_t MaxNewSize                               = 1270874112                                {product} {ergonomic}
   size_t MinHeapDeltaBytes                        = 1048576                                   {product} {ergonomic}
   size_t MinHeapSize                              = 8388608                                   {product} {ergonomic}
    uintx NonNMethodCodeHeapSize                   = 5832780                                {pd product} {ergonomic}
    uintx NonProfiledCodeHeapSize                  = 122912730                              {pd product} {ergonomic}
    uintx ProfiledCodeHeapSize                     = 122912730                              {pd product} {ergonomic}
    uintx ReservedCodeCacheSize                    = 251658240                              {pd product} {ergonomic}
     bool SegmentedCodeCache                       = true                                      {product} {ergonomic}
   size_t SoftMaxHeapSize                          = 2118123520                             {manageable} {ergonomic}
     bool UseCompressedOops                        = true                           {product lp64_product} {ergonomic}
     bool UseG1GC                                  = true                                      {product} {ergonomic}
     bool UseLargePagesIndividualAllocation        = false                                  {pd product} {ergonomic}

Logging:
Log output configuration:
 #0: stdout all=warning uptime,level,tags foldmultilines=false
 #1: stderr all=off uptime,level,tags foldmultilines=false

Environment Variables:
JAVA_HOME=C:\Program Files\Java\jdk-21
PATH=C:\Program Files\Common Files\Oracle\Java\javapath;C:\Windows\system32;C:\Windows;C:\Windows\System32\Wbem;C:\Windows\System32\WindowsPowerShell\v1.0\;C:\Windows\System32\OpenSSH\;C:\Program Files\dotnet\;C:\Program Files\Maven\apache-maven-3.9.6\bin;C:\Program Files (x86)\HP\HP OCR\DB_Lib\;C:\Program Files\HP\Common\HPDestPlgIn\;C:\Program Files (x86)\HP\Common\HPDestPlgIn\;C:\Program Files\Microsoft VS Code\bin;C:\Program Files\Git\cmd;C:\Program Files\nodejs\;C:\Program Files\Java\jdk-21\bin;;C:\Program Files\Docker\Docker\resources\bin;C:\Users\Samuel\AppData\Local\Microsoft\WindowsApps;C:\Users\Samuel\AppData\Local\Programs\Microsoft VS Code\bin;C:\Program Files\HP\Common\HPDestPlgIn\;C:\Program Files (x86)\HP\Common\HPDestPlgIn\;C:\Users\Samuel\AppData\Local\GitHubDesktop\bin;C:\Users\Samuel\AppData\Roaming\npm;C:\Program Files\Java\jdk-21\bin;
USERNAME=Samuel
OS=Windows_NT
PROCESSOR_IDENTIFIER=Intel64 Family 6 Model 58 Stepping 9, GenuineIntel
TMP=C:\Users\Samuel\AppData\Local\Temp
TEMP=C:\Users\Samuel\AppData\Local\Temp




Periodic native trim disabled

---------------  S Y S T E M  ---------------

OS:
 Windows 10 , 64 bit Build 19041 (10.0.19041.5198)
OS uptime: 0 days 18:09 hours
Hyper-V role detected

CPU: total 4 (initial active 4) (2 cores per cpu, 2 threads per core) family 6 model 58 stepping 9 microcode 0x21, cx8, cmov, fxsr, ht, mmx, sse, sse2, sse3, ssse3, sse4.1, sse4.2, popcnt, tsc, tscinvbit, avx, erms, clmul, vzeroupper, clflush, hv, rdtscp, f16c
Processor Information for all 4 processors :
  Max Mhz: 3300, Current Mhz: 3300, Mhz Limit: 3300

Memory: 4k page, system-wide physical 8077M (67M free)
TotalPageFile size 16269M (AvailPageFile size 2M)
current process WorkingSet (physical memory assigned to process): 266M, peak: 266M
current process commit charge ("private bytes"): 341M, peak: 341M

vm_info: Java HotSpot(TM) 64-Bit Server VM (21.0.5+9-LTS-239) for windows-amd64 JRE (21.0.5+9-LTS-239), built on 2024-09-30T05:17:38Z by "mach5one" with MS VC++ 17.6 (VS2022)

END.
