#
# There is insufficient memory for the Java Runtime Environment to continue.
# Native memory allocation (malloc) failed to allocate 131088 bytes for Chunk::new
# Possible reasons:
#   The system is out of physical RAM or swap space
#   The process is running with CompressedOops enabled, and the Java Heap may be blocking the growth of the native heap
# Possible solutions:
#   Reduce memory load on the system
#   Increase physical memory or swap space
#   Check if swap backing store is full
#   Decrease Java heap size (-Xmx/-Xms)
#   Decrease number of Java threads
#   Decrease Java thread stack sizes (-Xss)
#   Set larger code cache with -XX:ReservedCodeCacheSize=
#   JVM is running with Unscaled Compressed Oops mode in which the Java heap is
#     placed in the first 4GB address space. The Java Heap base address is the
#     maximum limit for the native heap growth. Please use -XX:HeapBaseMinAddress
#     to set the Java Heap base and to place the Java Heap above 4GB virtual address.
# This output file may be truncated or incomplete.
#
#  Out of Memory Error (arena.cpp:168), pid=3508, tid=48348
#
# JRE version: Java(TM) SE Runtime Environment (21.0.5+9) (build 21.0.5+9-LTS-239)
# Java VM: Java HotSpot(TM) 64-Bit Server VM (21.0.5+9-LTS-239, mixed mode, sharing, tiered, compressed oops, compressed class ptrs, g1 gc, windows-amd64)
# No core dump will be written. Minidumps are not enabled by default on client versions of Windows
#

---------------  S U M M A R Y ------------

Command Line: -javaagent:C:\Program Files\JetBrains\IntelliJ IDEA Community Edition 2024.3.1\lib\idea_rt.jar=59795:C:\Program Files\JetBrains\IntelliJ IDEA Community Edition 2024.3.1\bin -Dfile.encoding=UTF-8 -Dsun.stdout.encoding=UTF-8 -Dsun.stderr.encoding=UTF-8 io.github.samuelsantos20.time_sheet.TimeSheetApplication

Host: Intel(R) Core(TM) i3-3220 CPU @ 3.30GHz, 4 cores, 7G,  Windows 10 , 64 bit Build 19041 (10.0.19041.5198)
Time: Tue Jan 21 20:59:04 2025 Hora oficial do Brasil elapsed time: 4.985411 seconds (0d 0h 0m 4s)

---------------  T H R E A D  ---------------

Current thread (0x000001b739d730a0):  JavaThread "C2 CompilerThread0" daemon [_thread_in_native, id=48348, stack(0x0000006c17100000,0x0000006c17200000) (1024K)]


Current CompileTask:
C2:   4985 2484   !   4       jdk.internal.loader.BuiltinClassLoader::loadClassOrNull (143 bytes)

Stack: [0x0000006c17100000,0x0000006c17200000]
Native frames: (J=compiled Java code, j=interpreted, Vv=VM code, C=native code)
V  [jvm.dll+0x6ca289]
V  [jvm.dll+0x854a51]
V  [jvm.dll+0x856f7e]
V  [jvm.dll+0x857653]
V  [jvm.dll+0x27dd26]
V  [jvm.dll+0xc4c2d]
V  [jvm.dll+0xc5163]
V  [jvm.dll+0xd0bcd]
V  [jvm.dll+0x5f521f]
V  [jvm.dll+0x24f882]
V  [jvm.dll+0x247fae]
V  [jvm.dll+0x245de4]
V  [jvm.dll+0x1c6d0e]
V  [jvm.dll+0x2554d9]
V  [jvm.dll+0x253a6a]
V  [jvm.dll+0x3ee136]
V  [jvm.dll+0x7fee9b]
V  [jvm.dll+0x6c896d]
C  [ucrtbase.dll+0x21bb2]
C  [KERNEL32.DLL+0x17374]
C  [ntdll.dll+0x4cc91]


---------------  P R O C E S S  ---------------

Threads class SMR info:
_java_thread_list=0x000001b700681e10, length=17, elements={
0x000001b71dc88120, 0x000001b739d6a940, 0x000001b739d6b850, 0x000001b739d70430,
0x000001b739d70e80, 0x000001b739d718d0, 0x000001b739d72320, 0x000001b739d730a0,
0x000001b739d762e0, 0x000001b739d3c550, 0x000001b77f390800, 0x000001b77f2785f0,
0x000001b700118d50, 0x000001b77fa40a40, 0x000001b70028a050, 0x000001b70082f720,
0x000001b70082ea00
}

Java Threads: ( => current thread )
  0x000001b71dc88120 JavaThread "main"                              [_thread_blocked, id=52092, stack(0x0000006c16300000,0x0000006c16400000) (1024K)]
  0x000001b739d6a940 JavaThread "Reference Handler"          daemon [_thread_blocked, id=52840, stack(0x0000006c16b00000,0x0000006c16c00000) (1024K)]
  0x000001b739d6b850 JavaThread "Finalizer"                  daemon [_thread_blocked, id=53700, stack(0x0000006c16c00000,0x0000006c16d00000) (1024K)]
  0x000001b739d70430 JavaThread "Signal Dispatcher"          daemon [_thread_blocked, id=53128, stack(0x0000006c16d00000,0x0000006c16e00000) (1024K)]
  0x000001b739d70e80 JavaThread "Attach Listener"            daemon [_thread_blocked, id=49316, stack(0x0000006c16e00000,0x0000006c16f00000) (1024K)]
  0x000001b739d718d0 JavaThread "Service Thread"             daemon [_thread_blocked, id=52484, stack(0x0000006c16f00000,0x0000006c17000000) (1024K)]
  0x000001b739d72320 JavaThread "Monitor Deflation Thread"   daemon [_thread_blocked, id=51688, stack(0x0000006c17000000,0x0000006c17100000) (1024K)]
=>0x000001b739d730a0 JavaThread "C2 CompilerThread0"         daemon [_thread_in_native, id=48348, stack(0x0000006c17100000,0x0000006c17200000) (1024K)]
  0x000001b739d762e0 JavaThread "C1 CompilerThread0"         daemon [_thread_blocked, id=54180, stack(0x0000006c17200000,0x0000006c17300000) (1024K)]
  0x000001b739d3c550 JavaThread "Common-Cleaner"             daemon [_thread_blocked, id=53460, stack(0x0000006c17300000,0x0000006c17400000) (1024K)]
  0x000001b77f390800 JavaThread "Monitor Ctrl-Break"         daemon [_thread_in_native, id=53548, stack(0x0000006c17400000,0x0000006c17500000) (1024K)]
  0x000001b77f2785f0 JavaThread "Notification Thread"        daemon [_thread_blocked, id=51872, stack(0x0000006c17500000,0x0000006c17600000) (1024K)]
  0x000001b700118d50 JavaThread "Thread-0"                          [_thread_blocked, id=53344, stack(0x0000006c17900000,0x0000006c17a00000) (1024K)]
  0x000001b77fa40a40 JavaThread "restartedMain"                     [_thread_in_native, id=53184, stack(0x0000006c17a00000,0x0000006c17b00000) (1024K)]
  0x000001b70028a050 JavaThread "background-preinit"                [_thread_in_Java, id=53732, stack(0x0000006c17b00000,0x0000006c17c00000) (1024K)]
  0x000001b70082f720 JavaThread "OutputReader-stdout"        daemon [_thread_in_native, id=51756, stack(0x0000006c17c00000,0x0000006c17d00000) (1024K)]
  0x000001b70082ea00 JavaThread "OutputReader-stderr"        daemon [_thread_in_native, id=53880, stack(0x0000006c17d00000,0x0000006c17e00000) (1024K)]
Total: 17

Other Threads:
  0x000001b739d4ca20 VMThread "VM Thread"                           [id=51612, stack(0x0000006c16a00000,0x0000006c16b00000) (1024K)]
  0x000001b739d3b380 WatcherThread "VM Periodic Task Thread"        [id=40380, stack(0x0000006c16900000,0x0000006c16a00000) (1024K)]
  0x000001b71dce09f0 WorkerThread "GC Thread#0"                     [id=51540, stack(0x0000006c16400000,0x0000006c16500000) (1024K)]
  0x000001b77f7f0ca0 WorkerThread "GC Thread#1"                     [id=52052, stack(0x0000006c17600000,0x0000006c17700000) (1024K)]
  0x000001b77f7f1450 WorkerThread "GC Thread#2"                     [id=51008, stack(0x0000006c17700000,0x0000006c17800000) (1024K)]
  0x000001b77f8af050 WorkerThread "GC Thread#3"                     [id=51632, stack(0x0000006c17800000,0x0000006c17900000) (1024K)]
  0x000001b71dcf1560 ConcurrentGCThread "G1 Main Marker"            [id=52168, stack(0x0000006c16500000,0x0000006c16600000) (1024K)]
  0x000001b71dcf2120 WorkerThread "G1 Conc#0"                       [id=51184, stack(0x0000006c16600000,0x0000006c16700000) (1024K)]
  0x000001b739bfc8b0 ConcurrentGCThread "G1 Refine#0"               [id=7748, stack(0x0000006c16700000,0x0000006c16800000) (1024K)]
  0x000001b739bfd0d0 ConcurrentGCThread "G1 Service"                [id=7884, stack(0x0000006c16800000,0x0000006c16900000) (1024K)]
Total: 10

Threads with active compile tasks:
C2 CompilerThread0     5039 2484   !   4       jdk.internal.loader.BuiltinClassLoader::loadClassOrNull (143 bytes)
Total: 1

VM state: not at safepoint (normal execution)

VM Mutex/Monitor currently owned by a thread: None

Heap address: 0x0000000081c00000, size: 2020 MB, Compressed Oops mode: 32-bit

CDS archive(s) mapped at: [0x000001b73a000000-0x000001b73ac90000-0x000001b73ac90000), size 13172736, SharedBaseAddress: 0x000001b73a000000, ArchiveRelocationMode: 1.
Compressed class space mapped at: 0x000001b73b000000-0x000001b77b000000, reserved size: 1073741824
Narrow klass base: 0x000001b73a000000, Narrow klass shift: 0, Narrow klass range: 0x100000000

GC Precious Log:
 CardTable entry size: 512
 Card Set container configuration: InlinePtr #cards 5 size 8 Array Of Cards #cards 12 size 40 Howl #buckets 4 coarsen threshold 1843 Howl Bitmap #cards 512 size 80 coarsen threshold 460 Card regions per heap region 1 cards per card region 2048
 CPUs: 4 total, 4 available
 Memory: 8077M
 Large Page Support: Disabled
 NUMA Support: Disabled
 Compressed Oops: Enabled (32-bit)
 Heap Region Size: 1M
 Heap Min Capacity: 8M
 Heap Initial Capacity: 128M
 Heap Max Capacity: 2020M
 Pre-touch: Disabled
 Parallel Workers: 4
 Concurrent Workers: 1
 Concurrent Refinement Workers: 4
 Periodic GC: Disabled

Heap:
 garbage-first heap   total 131072K, used 25275K [0x0000000081c00000, 0x0000000100000000)
  region size 1024K, 20 young (20480K), 5 survivors (5120K)
 Metaspace       used 19082K, committed 19456K, reserved 1114112K
  class space    used 2401K, committed 2560K, reserved 1048576K

Heap Regions: E=young(eden), S=young(survivor), O=old, HS=humongous(starts), HC=humongous(continues), CS=collection set, F=free, TAMS=top-at-mark-start, PB=parsable bottom
|   0|0x0000000081c00000, 0x0000000081d00000, 0x0000000081d00000|100%|HS|  |TAMS 0x0000000081c00000| PB 0x0000000081c00000| Complete 
|   1|0x0000000081d00000, 0x0000000081e00000, 0x0000000081e00000|100%| O|  |TAMS 0x0000000081d00000| PB 0x0000000081d00000| Untracked 
|   2|0x0000000081e00000, 0x0000000081f00000, 0x0000000081f00000|100%| O|  |TAMS 0x0000000081e00000| PB 0x0000000081e00000| Untracked 
|   3|0x0000000081f00000, 0x0000000082000000, 0x0000000082000000|100%| O|  |TAMS 0x0000000081f00000| PB 0x0000000081f00000| Untracked 
|   4|0x0000000082000000, 0x0000000082100000, 0x0000000082100000|100%| O|  |TAMS 0x0000000082000000| PB 0x0000000082000000| Untracked 
|   5|0x0000000082100000, 0x0000000082200000, 0x0000000082200000|100%| O|  |TAMS 0x0000000082100000| PB 0x0000000082100000| Untracked 
|   6|0x0000000082200000, 0x0000000082289468, 0x0000000082300000| 53%| O|  |TAMS 0x0000000082200000| PB 0x0000000082200000| Untracked 
|   7|0x0000000082300000, 0x0000000082300000, 0x0000000082400000|  0%| F|  |TAMS 0x0000000082300000| PB 0x0000000082300000| Untracked 
|   8|0x0000000082400000, 0x0000000082400000, 0x0000000082500000|  0%| F|  |TAMS 0x0000000082400000| PB 0x0000000082400000| Untracked 
|   9|0x0000000082500000, 0x0000000082500000, 0x0000000082600000|  0%| F|  |TAMS 0x0000000082500000| PB 0x0000000082500000| Untracked 
|  10|0x0000000082600000, 0x0000000082600000, 0x0000000082700000|  0%| F|  |TAMS 0x0000000082600000| PB 0x0000000082600000| Untracked 
|  11|0x0000000082700000, 0x0000000082700000, 0x0000000082800000|  0%| F|  |TAMS 0x0000000082700000| PB 0x0000000082700000| Untracked 
|  12|0x0000000082800000, 0x0000000082800000, 0x0000000082900000|  0%| F|  |TAMS 0x0000000082800000| PB 0x0000000082800000| Untracked 
|  13|0x0000000082900000, 0x0000000082900000, 0x0000000082a00000|  0%| F|  |TAMS 0x0000000082900000| PB 0x0000000082900000| Untracked 
|  14|0x0000000082a00000, 0x0000000082a00000, 0x0000000082b00000|  0%| F|  |TAMS 0x0000000082a00000| PB 0x0000000082a00000| Untracked 
|  15|0x0000000082b00000, 0x0000000082b00000, 0x0000000082c00000|  0%| F|  |TAMS 0x0000000082b00000| PB 0x0000000082b00000| Untracked 
|  16|0x0000000082c00000, 0x0000000082c00000, 0x0000000082d00000|  0%| F|  |TAMS 0x0000000082c00000| PB 0x0000000082c00000| Untracked 
|  17|0x0000000082d00000, 0x0000000082d00000, 0x0000000082e00000|  0%| F|  |TAMS 0x0000000082d00000| PB 0x0000000082d00000| Untracked 
|  18|0x0000000082e00000, 0x0000000082e00000, 0x0000000082f00000|  0%| F|  |TAMS 0x0000000082e00000| PB 0x0000000082e00000| Untracked 
|  19|0x0000000082f00000, 0x0000000082f00000, 0x0000000083000000|  0%| F|  |TAMS 0x0000000082f00000| PB 0x0000000082f00000| Untracked 
|  20|0x0000000083000000, 0x0000000083000000, 0x0000000083100000|  0%| F|  |TAMS 0x0000000083000000| PB 0x0000000083000000| Untracked 
|  21|0x0000000083100000, 0x0000000083100000, 0x0000000083200000|  0%| F|  |TAMS 0x0000000083100000| PB 0x0000000083100000| Untracked 
|  22|0x0000000083200000, 0x0000000083200000, 0x0000000083300000|  0%| F|  |TAMS 0x0000000083200000| PB 0x0000000083200000| Untracked 
|  23|0x0000000083300000, 0x0000000083300000, 0x0000000083400000|  0%| F|  |TAMS 0x0000000083300000| PB 0x0000000083300000| Untracked 
|  24|0x0000000083400000, 0x0000000083400000, 0x0000000083500000|  0%| F|  |TAMS 0x0000000083400000| PB 0x0000000083400000| Untracked 
|  25|0x0000000083500000, 0x0000000083500000, 0x0000000083600000|  0%| F|  |TAMS 0x0000000083500000| PB 0x0000000083500000| Untracked 
|  26|0x0000000083600000, 0x0000000083600000, 0x0000000083700000|  0%| F|  |TAMS 0x0000000083600000| PB 0x0000000083600000| Untracked 
|  27|0x0000000083700000, 0x0000000083700000, 0x0000000083800000|  0%| F|  |TAMS 0x0000000083700000| PB 0x0000000083700000| Untracked 
|  28|0x0000000083800000, 0x0000000083800000, 0x0000000083900000|  0%| F|  |TAMS 0x0000000083800000| PB 0x0000000083800000| Untracked 
|  29|0x0000000083900000, 0x0000000083900000, 0x0000000083a00000|  0%| F|  |TAMS 0x0000000083900000| PB 0x0000000083900000| Untracked 
|  30|0x0000000083a00000, 0x0000000083a00000, 0x0000000083b00000|  0%| F|  |TAMS 0x0000000083a00000| PB 0x0000000083a00000| Untracked 
|  31|0x0000000083b00000, 0x0000000083b00000, 0x0000000083c00000|  0%| F|  |TAMS 0x0000000083b00000| PB 0x0000000083b00000| Untracked 
|  32|0x0000000083c00000, 0x0000000083c00000, 0x0000000083d00000|  0%| F|  |TAMS 0x0000000083c00000| PB 0x0000000083c00000| Untracked 
|  33|0x0000000083d00000, 0x0000000083d00000, 0x0000000083e00000|  0%| F|  |TAMS 0x0000000083d00000| PB 0x0000000083d00000| Untracked 
|  34|0x0000000083e00000, 0x0000000083e00000, 0x0000000083f00000|  0%| F|  |TAMS 0x0000000083e00000| PB 0x0000000083e00000| Untracked 
|  35|0x0000000083f00000, 0x0000000083f00000, 0x0000000084000000|  0%| F|  |TAMS 0x0000000083f00000| PB 0x0000000083f00000| Untracked 
|  36|0x0000000084000000, 0x0000000084000000, 0x0000000084100000|  0%| F|  |TAMS 0x0000000084000000| PB 0x0000000084000000| Untracked 
|  37|0x0000000084100000, 0x0000000084100000, 0x0000000084200000|  0%| F|  |TAMS 0x0000000084100000| PB 0x0000000084100000| Untracked 
|  38|0x0000000084200000, 0x0000000084200000, 0x0000000084300000|  0%| F|  |TAMS 0x0000000084200000| PB 0x0000000084200000| Untracked 
|  39|0x0000000084300000, 0x0000000084300000, 0x0000000084400000|  0%| F|  |TAMS 0x0000000084300000| PB 0x0000000084300000| Untracked 
|  40|0x0000000084400000, 0x0000000084400000, 0x0000000084500000|  0%| F|  |TAMS 0x0000000084400000| PB 0x0000000084400000| Untracked 
|  41|0x0000000084500000, 0x0000000084500000, 0x0000000084600000|  0%| F|  |TAMS 0x0000000084500000| PB 0x0000000084500000| Untracked 
|  42|0x0000000084600000, 0x0000000084600000, 0x0000000084700000|  0%| F|  |TAMS 0x0000000084600000| PB 0x0000000084600000| Untracked 
|  43|0x0000000084700000, 0x0000000084700000, 0x0000000084800000|  0%| F|  |TAMS 0x0000000084700000| PB 0x0000000084700000| Untracked 
|  44|0x0000000084800000, 0x0000000084800000, 0x0000000084900000|  0%| F|  |TAMS 0x0000000084800000| PB 0x0000000084800000| Untracked 
|  45|0x0000000084900000, 0x0000000084900000, 0x0000000084a00000|  0%| F|  |TAMS 0x0000000084900000| PB 0x0000000084900000| Untracked 
|  46|0x0000000084a00000, 0x0000000084a00000, 0x0000000084b00000|  0%| F|  |TAMS 0x0000000084a00000| PB 0x0000000084a00000| Untracked 
|  47|0x0000000084b00000, 0x0000000084b00000, 0x0000000084c00000|  0%| F|  |TAMS 0x0000000084b00000| PB 0x0000000084b00000| Untracked 
|  48|0x0000000084c00000, 0x0000000084c00000, 0x0000000084d00000|  0%| F|  |TAMS 0x0000000084c00000| PB 0x0000000084c00000| Untracked 
|  49|0x0000000084d00000, 0x0000000084d00000, 0x0000000084e00000|  0%| F|  |TAMS 0x0000000084d00000| PB 0x0000000084d00000| Untracked 
|  50|0x0000000084e00000, 0x0000000084e00000, 0x0000000084f00000|  0%| F|  |TAMS 0x0000000084e00000| PB 0x0000000084e00000| Untracked 
|  51|0x0000000084f00000, 0x0000000084f00000, 0x0000000085000000|  0%| F|  |TAMS 0x0000000084f00000| PB 0x0000000084f00000| Untracked 
|  52|0x0000000085000000, 0x0000000085000000, 0x0000000085100000|  0%| F|  |TAMS 0x0000000085000000| PB 0x0000000085000000| Untracked 
|  53|0x0000000085100000, 0x0000000085100000, 0x0000000085200000|  0%| F|  |TAMS 0x0000000085100000| PB 0x0000000085100000| Untracked 
|  54|0x0000000085200000, 0x0000000085200000, 0x0000000085300000|  0%| F|  |TAMS 0x0000000085200000| PB 0x0000000085200000| Untracked 
|  55|0x0000000085300000, 0x0000000085300000, 0x0000000085400000|  0%| F|  |TAMS 0x0000000085300000| PB 0x0000000085300000| Untracked 
|  56|0x0000000085400000, 0x0000000085400000, 0x0000000085500000|  0%| F|  |TAMS 0x0000000085400000| PB 0x0000000085400000| Untracked 
|  57|0x0000000085500000, 0x0000000085500000, 0x0000000085600000|  0%| F|  |TAMS 0x0000000085500000| PB 0x0000000085500000| Untracked 
|  58|0x0000000085600000, 0x0000000085600000, 0x0000000085700000|  0%| F|  |TAMS 0x0000000085600000| PB 0x0000000085600000| Untracked 
|  59|0x0000000085700000, 0x0000000085700000, 0x0000000085800000|  0%| F|  |TAMS 0x0000000085700000| PB 0x0000000085700000| Untracked 
|  60|0x0000000085800000, 0x0000000085800000, 0x0000000085900000|  0%| F|  |TAMS 0x0000000085800000| PB 0x0000000085800000| Untracked 
|  61|0x0000000085900000, 0x0000000085900000, 0x0000000085a00000|  0%| F|  |TAMS 0x0000000085900000| PB 0x0000000085900000| Untracked 
|  62|0x0000000085a00000, 0x0000000085a00000, 0x0000000085b00000|  0%| F|  |TAMS 0x0000000085a00000| PB 0x0000000085a00000| Untracked 
|  63|0x0000000085b00000, 0x0000000085b00000, 0x0000000085c00000|  0%| F|  |TAMS 0x0000000085b00000| PB 0x0000000085b00000| Untracked 
|  64|0x0000000085c00000, 0x0000000085c00000, 0x0000000085d00000|  0%| F|  |TAMS 0x0000000085c00000| PB 0x0000000085c00000| Untracked 
|  65|0x0000000085d00000, 0x0000000085d00000, 0x0000000085e00000|  0%| F|  |TAMS 0x0000000085d00000| PB 0x0000000085d00000| Untracked 
|  66|0x0000000085e00000, 0x0000000085e00000, 0x0000000085f00000|  0%| F|  |TAMS 0x0000000085e00000| PB 0x0000000085e00000| Untracked 
|  67|0x0000000085f00000, 0x0000000085f00000, 0x0000000086000000|  0%| F|  |TAMS 0x0000000085f00000| PB 0x0000000085f00000| Untracked 
|  68|0x0000000086000000, 0x0000000086000000, 0x0000000086100000|  0%| F|  |TAMS 0x0000000086000000| PB 0x0000000086000000| Untracked 
|  69|0x0000000086100000, 0x0000000086100000, 0x0000000086200000|  0%| F|  |TAMS 0x0000000086100000| PB 0x0000000086100000| Untracked 
|  70|0x0000000086200000, 0x0000000086200000, 0x0000000086300000|  0%| F|  |TAMS 0x0000000086200000| PB 0x0000000086200000| Untracked 
|  71|0x0000000086300000, 0x0000000086300000, 0x0000000086400000|  0%| F|  |TAMS 0x0000000086300000| PB 0x0000000086300000| Untracked 
|  72|0x0000000086400000, 0x0000000086400000, 0x0000000086500000|  0%| F|  |TAMS 0x0000000086400000| PB 0x0000000086400000| Untracked 
|  73|0x0000000086500000, 0x0000000086500000, 0x0000000086600000|  0%| F|  |TAMS 0x0000000086500000| PB 0x0000000086500000| Untracked 
|  74|0x0000000086600000, 0x0000000086600000, 0x0000000086700000|  0%| F|  |TAMS 0x0000000086600000| PB 0x0000000086600000| Untracked 
|  75|0x0000000086700000, 0x0000000086700000, 0x0000000086800000|  0%| F|  |TAMS 0x0000000086700000| PB 0x0000000086700000| Untracked 
|  76|0x0000000086800000, 0x0000000086800000, 0x0000000086900000|  0%| F|  |TAMS 0x0000000086800000| PB 0x0000000086800000| Untracked 
|  77|0x0000000086900000, 0x0000000086900000, 0x0000000086a00000|  0%| F|  |TAMS 0x0000000086900000| PB 0x0000000086900000| Untracked 
|  78|0x0000000086a00000, 0x0000000086a00000, 0x0000000086b00000|  0%| F|  |TAMS 0x0000000086a00000| PB 0x0000000086a00000| Untracked 
|  79|0x0000000086b00000, 0x0000000086b00000, 0x0000000086c00000|  0%| F|  |TAMS 0x0000000086b00000| PB 0x0000000086b00000| Untracked 
|  80|0x0000000086c00000, 0x0000000086c00000, 0x0000000086d00000|  0%| F|  |TAMS 0x0000000086c00000| PB 0x0000000086c00000| Untracked 
|  81|0x0000000086d00000, 0x0000000086d00000, 0x0000000086e00000|  0%| F|  |TAMS 0x0000000086d00000| PB 0x0000000086d00000| Untracked 
|  82|0x0000000086e00000, 0x0000000086e00000, 0x0000000086f00000|  0%| F|  |TAMS 0x0000000086e00000| PB 0x0000000086e00000| Untracked 
|  83|0x0000000086f00000, 0x0000000086f00000, 0x0000000087000000|  0%| F|  |TAMS 0x0000000086f00000| PB 0x0000000086f00000| Untracked 
|  84|0x0000000087000000, 0x0000000087000000, 0x0000000087100000|  0%| F|  |TAMS 0x0000000087000000| PB 0x0000000087000000| Untracked 
|  85|0x0000000087100000, 0x0000000087100000, 0x0000000087200000|  0%| F|  |TAMS 0x0000000087100000| PB 0x0000000087100000| Untracked 
|  86|0x0000000087200000, 0x0000000087200000, 0x0000000087300000|  0%| F|  |TAMS 0x0000000087200000| PB 0x0000000087200000| Untracked 
|  87|0x0000000087300000, 0x0000000087325b40, 0x0000000087400000| 14%| S|CS|TAMS 0x0000000087300000| PB 0x0000000087300000| Complete 
|  88|0x0000000087400000, 0x0000000087500000, 0x0000000087500000|100%| S|CS|TAMS 0x0000000087400000| PB 0x0000000087400000| Complete 
|  89|0x0000000087500000, 0x0000000087600000, 0x0000000087600000|100%| S|CS|TAMS 0x0000000087500000| PB 0x0000000087500000| Complete 
|  90|0x0000000087600000, 0x0000000087700000, 0x0000000087700000|100%| S|CS|TAMS 0x0000000087600000| PB 0x0000000087600000| Complete 
|  91|0x0000000087700000, 0x0000000087800000, 0x0000000087800000|100%| S|CS|TAMS 0x0000000087700000| PB 0x0000000087700000| Complete 
|  92|0x0000000087800000, 0x0000000087800000, 0x0000000087900000|  0%| F|  |TAMS 0x0000000087800000| PB 0x0000000087800000| Untracked 
|  93|0x0000000087900000, 0x0000000087900000, 0x0000000087a00000|  0%| F|  |TAMS 0x0000000087900000| PB 0x0000000087900000| Untracked 
|  94|0x0000000087a00000, 0x0000000087a00000, 0x0000000087b00000|  0%| F|  |TAMS 0x0000000087a00000| PB 0x0000000087a00000| Untracked 
|  95|0x0000000087b00000, 0x0000000087b00000, 0x0000000087c00000|  0%| F|  |TAMS 0x0000000087b00000| PB 0x0000000087b00000| Untracked 
|  96|0x0000000087c00000, 0x0000000087c00000, 0x0000000087d00000|  0%| F|  |TAMS 0x0000000087c00000| PB 0x0000000087c00000| Untracked 
|  97|0x0000000087d00000, 0x0000000087d00000, 0x0000000087e00000|  0%| F|  |TAMS 0x0000000087d00000| PB 0x0000000087d00000| Untracked 
|  98|0x0000000087e00000, 0x0000000087e00000, 0x0000000087f00000|  0%| F|  |TAMS 0x0000000087e00000| PB 0x0000000087e00000| Untracked 
|  99|0x0000000087f00000, 0x0000000087f00000, 0x0000000088000000|  0%| F|  |TAMS 0x0000000087f00000| PB 0x0000000087f00000| Untracked 
| 100|0x0000000088000000, 0x0000000088000000, 0x0000000088100000|  0%| F|  |TAMS 0x0000000088000000| PB 0x0000000088000000| Untracked 
| 101|0x0000000088100000, 0x0000000088100000, 0x0000000088200000|  0%| F|  |TAMS 0x0000000088100000| PB 0x0000000088100000| Untracked 
| 102|0x0000000088200000, 0x0000000088200000, 0x0000000088300000|  0%| F|  |TAMS 0x0000000088200000| PB 0x0000000088200000| Untracked 
| 103|0x0000000088300000, 0x0000000088300000, 0x0000000088400000|  0%| F|  |TAMS 0x0000000088300000| PB 0x0000000088300000| Untracked 
| 104|0x0000000088400000, 0x0000000088400000, 0x0000000088500000|  0%| F|  |TAMS 0x0000000088400000| PB 0x0000000088400000| Untracked 
| 105|0x0000000088500000, 0x0000000088500000, 0x0000000088600000|  0%| F|  |TAMS 0x0000000088500000| PB 0x0000000088500000| Untracked 
| 106|0x0000000088600000, 0x0000000088600000, 0x0000000088700000|  0%| F|  |TAMS 0x0000000088600000| PB 0x0000000088600000| Untracked 
| 107|0x0000000088700000, 0x0000000088700000, 0x0000000088800000|  0%| F|  |TAMS 0x0000000088700000| PB 0x0000000088700000| Untracked 
| 108|0x0000000088800000, 0x0000000088800000, 0x0000000088900000|  0%| F|  |TAMS 0x0000000088800000| PB 0x0000000088800000| Untracked 
| 109|0x0000000088900000, 0x0000000088900000, 0x0000000088a00000|  0%| F|  |TAMS 0x0000000088900000| PB 0x0000000088900000| Untracked 
| 110|0x0000000088a00000, 0x0000000088a00000, 0x0000000088b00000|  0%| F|  |TAMS 0x0000000088a00000| PB 0x0000000088a00000| Untracked 
| 111|0x0000000088b00000, 0x0000000088b00000, 0x0000000088c00000|  0%| F|  |TAMS 0x0000000088b00000| PB 0x0000000088b00000| Untracked 
| 112|0x0000000088c00000, 0x0000000088c00000, 0x0000000088d00000|  0%| F|  |TAMS 0x0000000088c00000| PB 0x0000000088c00000| Untracked 
| 113|0x0000000088d00000, 0x0000000088d63a68, 0x0000000088e00000| 38%| E|  |TAMS 0x0000000088d00000| PB 0x0000000088d00000| Complete 
| 114|0x0000000088e00000, 0x0000000088f00000, 0x0000000088f00000|100%| E|CS|TAMS 0x0000000088e00000| PB 0x0000000088e00000| Complete 
| 115|0x0000000088f00000, 0x0000000089000000, 0x0000000089000000|100%| E|CS|TAMS 0x0000000088f00000| PB 0x0000000088f00000| Complete 
| 116|0x0000000089000000, 0x0000000089100000, 0x0000000089100000|100%| E|CS|TAMS 0x0000000089000000| PB 0x0000000089000000| Complete 
| 117|0x0000000089100000, 0x0000000089200000, 0x0000000089200000|100%| E|CS|TAMS 0x0000000089100000| PB 0x0000000089100000| Complete 
| 118|0x0000000089200000, 0x0000000089300000, 0x0000000089300000|100%| E|CS|TAMS 0x0000000089200000| PB 0x0000000089200000| Complete 
| 119|0x0000000089300000, 0x0000000089400000, 0x0000000089400000|100%| E|CS|TAMS 0x0000000089300000| PB 0x0000000089300000| Complete 
| 120|0x0000000089400000, 0x0000000089500000, 0x0000000089500000|100%| E|CS|TAMS 0x0000000089400000| PB 0x0000000089400000| Complete 
| 121|0x0000000089500000, 0x0000000089600000, 0x0000000089600000|100%| E|CS|TAMS 0x0000000089500000| PB 0x0000000089500000| Complete 
| 122|0x0000000089600000, 0x0000000089700000, 0x0000000089700000|100%| E|CS|TAMS 0x0000000089600000| PB 0x0000000089600000| Complete 
| 123|0x0000000089700000, 0x0000000089800000, 0x0000000089800000|100%| E|CS|TAMS 0x0000000089700000| PB 0x0000000089700000| Complete 
| 124|0x0000000089800000, 0x0000000089900000, 0x0000000089900000|100%| E|CS|TAMS 0x0000000089800000| PB 0x0000000089800000| Complete 
| 125|0x0000000089900000, 0x0000000089a00000, 0x0000000089a00000|100%| E|CS|TAMS 0x0000000089900000| PB 0x0000000089900000| Complete 
| 126|0x0000000089a00000, 0x0000000089b00000, 0x0000000089b00000|100%| E|CS|TAMS 0x0000000089a00000| PB 0x0000000089a00000| Complete 
| 127|0x0000000089b00000, 0x0000000089c00000, 0x0000000089c00000|100%| E|CS|TAMS 0x0000000089b00000| PB 0x0000000089b00000| Complete 

Card table byte_map: [0x000001b735510000,0x000001b735910000] _byte_map_base: 0x000001b735102000

Marking Bits: (CMBitMap*) 0x000001b71dce1000
 Bits: [0x000001b735910000, 0x000001b7378a0000)

Polling page: 0x000001b71bc20000

Metaspace:

Usage:
  Non-class:     16.31 MB used.
      Class:      2.35 MB used.
       Both:     18.65 MB used.

Virtual space:
  Non-class space:       64.00 MB reserved,      16.50 MB ( 26%) committed,  1 nodes.
      Class space:        1.00 GB reserved,       2.50 MB ( <1%) committed,  1 nodes.
             Both:        1.06 GB reserved,      19.00 MB (  2%) committed. 

Chunk freelists:
   Non-Class:  14.56 MB
       Class:  13.54 MB
        Both:  28.10 MB

MaxMetaspaceSize: unlimited
CompressedClassSpaceSize: 1.00 GB
Initial GC threshold: 21.00 MB
Current GC threshold: 21.00 MB
CDS: on
 - commit_granule_bytes: 65536.
 - commit_granule_words: 8192.
 - virtual_space_node_default_size: 8388608.
 - enlarge_chunks_in_place: 1.
 - use_allocation_guard: 0.


Internal statistics:

num_allocs_failed_limit: 0.
num_arena_births: 374.
num_arena_deaths: 0.
num_vsnodes_births: 2.
num_vsnodes_deaths: 0.
num_space_committed: 304.
num_space_uncommitted: 0.
num_chunks_returned_to_freelist: 0.
num_chunks_taken_from_freelist: 1022.
num_chunk_merges: 0.
num_chunk_splits: 668.
num_chunks_enlarged: 465.
num_inconsistent_stats: 0.

CodeHeap 'non-profiled nmethods': size=120000Kb used=1004Kb max_used=1004Kb free=118995Kb
 bounds [0x000001b72dbe0000, 0x000001b72de50000, 0x000001b735110000]
CodeHeap 'profiled nmethods': size=120000Kb used=4716Kb max_used=4716Kb free=115283Kb
 bounds [0x000001b726110000, 0x000001b7265b0000, 0x000001b72d640000]
CodeHeap 'non-nmethods': size=5760Kb used=1441Kb max_used=1463Kb free=4319Kb
 bounds [0x000001b72d640000, 0x000001b72d8b0000, 0x000001b72dbe0000]
 total_blobs=3031 nmethods=2504 adapters=431
 compilation: enabled
              stopped_count=0, restarted_count=0
 full_count=0

Compilation events (20 events):
Event: 4.935 Thread 0x000001b739d762e0 2495       3       java.lang.invoke.MemberName::equals (69 bytes)
Event: 4.936 Thread 0x000001b739d762e0 nmethod 2495 0x000001b726596010 code [0x000001b7265962a0, 0x000001b726596e10]
Event: 4.937 Thread 0x000001b739d762e0 2496       3       java.lang.invoke.DelegatingMethodHandle::<init> (10 bytes)
Event: 4.938 Thread 0x000001b739d762e0 nmethod 2496 0x000001b726597110 code [0x000001b7265972e0, 0x000001b7265976a8]
Event: 4.938 Thread 0x000001b739d762e0 2497       3       java.lang.invoke.DelegatingMethodHandle::chooseDelegatingForm (24 bytes)
Event: 4.938 Thread 0x000001b739d762e0 nmethod 2497 0x000001b726597810 code [0x000001b7265979c0, 0x000001b726597ce8]
Event: 4.966 Thread 0x000001b739d762e0 2499   !   3       java.lang.invoke.MethodHandles$Lookup::revealDirect (196 bytes)
Event: 4.968 Thread 0x000001b739d762e0 nmethod 2499 0x000001b726597e10 code [0x000001b726598160, 0x000001b726599418]
Event: 4.968 Thread 0x000001b739d762e0 2502       3       java.lang.invoke.AbstractValidatingLambdaMetafactory::validateMetafactoryArgs (607 bytes)
Event: 4.976 Thread 0x000001b739d762e0 nmethod 2502 0x000001b726599b10 code [0x000001b72659a5e0, 0x000001b7265a1f38]
Event: 4.976 Thread 0x000001b739d762e0 2504       3       java.lang.invoke.AbstractValidatingLambdaMetafactory::checkDescriptor (133 bytes)
Event: 4.979 Thread 0x000001b739d762e0 nmethod 2504 0x000001b7265a4790 code [0x000001b7265a4bc0, 0x000001b7265a6f78]
Event: 4.979 Thread 0x000001b739d762e0 2500       3       java.lang.invoke.InfoFromMemberName::<init> (72 bytes)
Event: 4.979 Thread 0x000001b739d762e0 nmethod 2500 0x000001b7265a7b10 code [0x000001b7265a7cc0, 0x000001b7265a7ea0]
Event: 4.979 Thread 0x000001b739d762e0 2501       3       java.lang.invoke.InnerClassLambdaMetafactory::lambdaClassName (48 bytes)
Event: 4.980 Thread 0x000001b739d762e0 nmethod 2501 0x000001b7265a7f90 code [0x000001b7265a81e0, 0x000001b7265a88b8]
Event: 4.980 Thread 0x000001b739d762e0 2503       3       java.lang.invoke.AbstractValidatingLambdaMetafactory::isAdaptableToAsReturn (36 bytes)
Event: 4.980 Thread 0x000001b739d762e0 nmethod 2503 0x000001b7265a8b90 code [0x000001b7265a8d60, 0x000001b7265a91e8]
Event: 4.980 Thread 0x000001b739d762e0 2506       3       java.lang.invoke.LambdaMetafactory::metafactory (71 bytes)
Event: 4.981 Thread 0x000001b739d762e0 nmethod 2506 0x000001b7265a9310 code [0x000001b7265a95a0, 0x000001b7265aa0c0]

GC Heap History (6 events):
Event: 1.194 GC heap before
{Heap before GC invocations=0 (full 0):
 garbage-first heap   total 131072K, used 13312K [0x0000000081c00000, 0x0000000100000000)
  region size 1024K, 13 young (13312K), 0 survivors (0K)
 Metaspace       used 3349K, committed 3520K, reserved 1114112K
  class space    used 325K, committed 384K, reserved 1048576K
}
Event: 1.200 GC heap after
{Heap after GC invocations=1 (full 0):
 garbage-first heap   total 131072K, used 6651K [0x0000000081c00000, 0x0000000100000000)
  region size 1024K, 2 young (2048K), 2 survivors (2048K)
 Metaspace       used 3349K, committed 3520K, reserved 1114112K
  class space    used 325K, committed 384K, reserved 1048576K
}
Event: 1.837 GC heap before
{Heap before GC invocations=1 (full 0):
 garbage-first heap   total 131072K, used 17915K [0x0000000081c00000, 0x0000000100000000)
  region size 1024K, 14 young (14336K), 2 survivors (2048K)
 Metaspace       used 6168K, committed 6464K, reserved 1114112K
  class space    used 704K, committed 832K, reserved 1048576K
}
Event: 1.845 GC heap after
{Heap after GC invocations=2 (full 0):
 garbage-first heap   total 131072K, used 7472K [0x0000000081c00000, 0x0000000100000000)
  region size 1024K, 1 young (1024K), 1 survivors (1024K)
 Metaspace       used 6168K, committed 6464K, reserved 1114112K
  class space    used 704K, committed 832K, reserved 1048576K
}
Event: 4.354 GC heap before
{Heap before GC invocations=2 (full 0):
 garbage-first heap   total 131072K, used 42288K [0x0000000081c00000, 0x0000000100000000)
  region size 1024K, 36 young (36864K), 1 survivors (1024K)
 Metaspace       used 15312K, committed 15616K, reserved 1114112K
  class space    used 1976K, committed 2112K, reserved 1048576K
}
Event: 4.366 GC heap after
{Heap after GC invocations=3 (full 0):
 garbage-first heap   total 131072K, used 10939K [0x0000000081c00000, 0x0000000100000000)
  region size 1024K, 5 young (5120K), 5 survivors (5120K)
 Metaspace       used 15312K, committed 15616K, reserved 1114112K
  class space    used 1976K, committed 2112K, reserved 1048576K
}

Dll operation events (12 events):
Event: 0.015 Loaded shared library C:\Program Files\Java\jdk-21\bin\java.dll
Event: 0.076 Loaded shared library C:\Program Files\Java\jdk-21\bin\jsvml.dll
Event: 0.390 Loaded shared library C:\Program Files\Java\jdk-21\bin\zip.dll
Event: 0.397 Loaded shared library C:\Program Files\Java\jdk-21\bin\instrument.dll
Event: 0.409 Loaded shared library C:\Program Files\Java\jdk-21\bin\net.dll
Event: 0.411 Loaded shared library C:\Program Files\Java\jdk-21\bin\nio.dll
Event: 0.417 Loaded shared library C:\Program Files\Java\jdk-21\bin\zip.dll
Event: 0.637 Loaded shared library C:\Program Files\JetBrains\IntelliJ IDEA Community Edition 2024.3.1\bin\breakgen64.dll
Event: 0.655 Loaded shared library C:\Program Files\Java\jdk-21\bin\extnet.dll
Event: 0.747 Loaded shared library C:\Program Files\Java\jdk-21\bin\jimage.dll
Event: 1.545 Loaded shared library C:\Program Files\Java\jdk-21\bin\management.dll
Event: 1.549 Loaded shared library C:\Program Files\Java\jdk-21\bin\management_ext.dll

Deoptimization events (20 events):
Event: 3.934 Thread 0x000001b77fa40a40 Uncommon trap: trap_request=0xffffff45 fr.pc=0x000001b72dc4539c relative=0x00000000000005bc
Event: 3.934 Thread 0x000001b77fa40a40 Uncommon trap: reason=unstable_if action=reinterpret pc=0x000001b72dc4539c method=java.lang.AbstractStringBuilder.append(Ljava/lang/String;)Ljava/lang/AbstractStringBuilder; @ 1 c2
Event: 3.934 Thread 0x000001b77fa40a40 DEOPT PACKING pc=0x000001b72dc4539c sp=0x0000006c17afdff0
Event: 3.934 Thread 0x000001b77fa40a40 DEOPT UNPACKING pc=0x000001b72d6946a2 sp=0x0000006c17afdf70 mode 2
Event: 4.078 Thread 0x000001b70028a050 Uncommon trap: trap_request=0xffffff45 fr.pc=0x000001b72dc4efa8 relative=0x0000000000000268
Event: 4.078 Thread 0x000001b70028a050 Uncommon trap: reason=unstable_if action=reinterpret pc=0x000001b72dc4efa8 method=java.util.concurrent.ConcurrentHashMap.get(Ljava/lang/Object;)Ljava/lang/Object; @ 76 c2
Event: 4.078 Thread 0x000001b70028a050 DEOPT PACKING pc=0x000001b72dc4efa8 sp=0x0000006c17bfd8f0
Event: 4.078 Thread 0x000001b70028a050 DEOPT UNPACKING pc=0x000001b72d6946a2 sp=0x0000006c17bfd868 mode 2
Event: 4.131 Thread 0x000001b70028a050 Uncommon trap: trap_request=0xffffffde fr.pc=0x000001b72dc8c2cc relative=0x000000000000080c
Event: 4.131 Thread 0x000001b70028a050 Uncommon trap: reason=class_check action=maybe_recompile pc=0x000001b72dc8c2cc method=java.util.HashMap.putVal(ILjava/lang/Object;Ljava/lang/Object;ZZ)Ljava/lang/Object; @ 203 c2
Event: 4.131 Thread 0x000001b70028a050 DEOPT PACKING pc=0x000001b72dc8c2cc sp=0x0000006c17bfe730
Event: 4.131 Thread 0x000001b70028a050 DEOPT UNPACKING pc=0x000001b72d6946a2 sp=0x0000006c17bfe6b0 mode 2
Event: 4.131 Thread 0x000001b70028a050 Uncommon trap: trap_request=0xffffffde fr.pc=0x000001b72dc8c2cc relative=0x000000000000080c
Event: 4.136 Thread 0x000001b70028a050 Uncommon trap: reason=class_check action=maybe_recompile pc=0x000001b72dc8c2cc method=java.util.HashMap.putVal(ILjava/lang/Object;Ljava/lang/Object;ZZ)Ljava/lang/Object; @ 203 c2
Event: 4.136 Thread 0x000001b70028a050 DEOPT PACKING pc=0x000001b72dc8c2cc sp=0x0000006c17bfe730
Event: 4.136 Thread 0x000001b70028a050 DEOPT UNPACKING pc=0x000001b72d6946a2 sp=0x0000006c17bfe6b0 mode 2
Event: 4.709 Thread 0x000001b77fa40a40 Uncommon trap: trap_request=0xffffff45 fr.pc=0x000001b72dc22bd8 relative=0x0000000000000678
Event: 4.709 Thread 0x000001b77fa40a40 Uncommon trap: reason=unstable_if action=reinterpret pc=0x000001b72dc22bd8 method=java.lang.AbstractStringBuilder.append(Ljava/lang/String;)Ljava/lang/AbstractStringBuilder; @ 1 c2
Event: 4.709 Thread 0x000001b77fa40a40 DEOPT PACKING pc=0x000001b72dc22bd8 sp=0x0000006c17afdfb0
Event: 4.709 Thread 0x000001b77fa40a40 DEOPT UNPACKING pc=0x000001b72d6946a2 sp=0x0000006c17afdf88 mode 2

Classes loaded (20 events):
Event: 4.589 Loading class sun/text/resources/cldr/FormatData_en_US
Event: 4.589 Loading class sun/text/resources/cldr/FormatData_en_US done
Event: 4.619 Loading class java/io/CharArrayReader
Event: 4.621 Loading class java/io/CharArrayReader done
Event: 4.907 Loading class java/lang/reflect/MalformedParametersException
Event: 4.907 Loading class java/lang/reflect/MalformedParametersException done
Event: 4.912 Loading class java/util/regex/Pattern$Pos
Event: 4.912 Loading class java/util/regex/Pattern$Pos done
Event: 4.965 Loading class java/lang/ThreadLocal$SuppliedThreadLocal
Event: 4.965 Loading class java/lang/ThreadLocal$SuppliedThreadLocal done
Event: 4.965 Loading class sun/util/locale/provider/TimeZoneNameUtility
Event: 4.966 Loading class sun/util/locale/provider/TimeZoneNameUtility done
Event: 4.966 Loading class sun/util/locale/provider/TimeZoneNameUtility$TimeZoneNameGetter
Event: 4.966 Loading class sun/util/locale/provider/TimeZoneNameUtility$TimeZoneNameGetter done
Event: 4.967 Loading class sun/util/cldr/CLDRTimeZoneNameProviderImpl
Event: 4.967 Loading class sun/util/locale/provider/TimeZoneNameProviderImpl
Event: 4.968 Loading class sun/util/locale/provider/TimeZoneNameProviderImpl done
Event: 4.968 Loading class sun/util/cldr/CLDRTimeZoneNameProviderImpl done
Event: 4.971 Loading class sun/util/locale/provider/BaseLocaleDataMetaInfo
Event: 4.982 Loading class sun/util/locale/provider/BaseLocaleDataMetaInfo done

Classes unloaded (0 events):
No events

Classes redefined (0 events):
No events

Internal exceptions (20 events):
Event: 3.262 Thread 0x000001b77fa40a40 Exception <a 'java/lang/NoSuchMethodError'{0x0000000088cbca40}: 'void java.lang.invoke.DirectMethodHandle$Holder.invokeStatic(java.lang.Object, java.lang.Object, int)'> (0x0000000088cbca40) 
thrown [s\open\src\hotspot\share\interpreter\linkResolver.cpp, line 773]
Event: 3.288 Thread 0x000001b77fa40a40 Exception <a 'java/lang/IncompatibleClassChangeError'{0x0000000088ceb530}: Found class java.lang.Object, but interface was expected> (0x0000000088ceb530) 
thrown [s\open\src\hotspot\share\interpreter\linkResolver.cpp, line 840]
Event: 3.300 Thread 0x000001b77fa40a40 Exception <a 'java/lang/NoSuchMethodError'{0x0000000088b039f0}: 'java.lang.Object java.lang.invoke.DirectMethodHandle$Holder.invokeStaticInit(java.lang.Object, int)'> (0x0000000088b039f0) 
thrown [s\open\src\hotspot\share\interpreter\linkResolver.cpp, line 773]
Event: 3.304 Thread 0x000001b77fa40a40 Exception <a 'java/lang/NoSuchMethodError'{0x0000000088b0da98}: 'java.lang.Object java.lang.invoke.DirectMethodHandle$Holder.invokeStatic(java.lang.Object, int, java.lang.Object)'> (0x0000000088b0da98) 
thrown [s\open\src\hotspot\share\interpreter\linkResolver.cpp, line 773]
Event: 3.305 Thread 0x000001b77fa40a40 Exception <a 'java/lang/NoSuchMethodError'{0x0000000088b110f8}: 'java.lang.Object java.lang.invoke.DirectMethodHandle$Holder.invokeStaticInit(java.lang.Object, int, java.lang.Object)'> (0x0000000088b110f8) 
thrown [s\open\src\hotspot\share\interpreter\linkResolver.cpp, line 773]
Event: 3.392 Thread 0x000001b70028a050 Exception <a 'java/lang/NoSuchMethodError'{0x000000008897d390}: 'int java.lang.invoke.DirectMethodHandle$Holder.invokeSpecial(java.lang.Object, java.lang.Object, java.lang.Object, int)'> (0x000000008897d390) 
thrown [s\open\src\hotspot\share\interpreter\linkResolver.cpp, line 773]
Event: 3.401 Thread 0x000001b70028a050 Exception <a 'java/lang/NoSuchMethodError'{0x00000000889e6c20}: 'java.lang.Object java.lang.invoke.DirectMethodHandle$Holder.invokeStatic(java.lang.Object, java.lang.Object, java.lang.Object, java.lang.Object, int)'> (0x00000000889e6c20) 
thrown [s\open\src\hotspot\share\interpreter\linkResolver.cpp, line 773]
Event: 3.403 Thread 0x000001b70028a050 Exception <a 'java/lang/NoSuchMethodError'{0x00000000889f2300}: 'void java.lang.invoke.DelegatingMethodHandle$Holder.reinvoke_L(java.lang.Object, java.lang.Object, java.lang.Object, java.lang.Object, int, java.lang.Object, java.lang.Object, java.lang.Object)'> (0x00000000889f2300) 
thrown [s\open\src\hotspot\share\interpreter\linkResolver.cpp, line 773]
Event: 3.411 Thread 0x000001b70028a050 Exception <a 'java/lang/NoSuchMethodError'{0x0000000088822d68}: 'java.lang.Object java.lang.invoke.DirectMethodHandle$Holder.invokeStatic(java.lang.Object, java.lang.Object, int)'> (0x0000000088822d68) 
thrown [s\open\src\hotspot\share\interpreter\linkResolver.cpp, line 773]
Event: 3.413 Thread 0x000001b70028a050 Exception <a 'java/lang/NoSuchMethodError'{0x000000008882db70}: 'void java.lang.invoke.DelegatingMethodHandle$Holder.delegate(java.lang.Object, java.lang.Object, int, java.lang.Object)'> (0x000000008882db70) 
thrown [s\open\src\hotspot\share\interpreter\linkResolver.cpp, line 773]
Event: 3.786 Thread 0x000001b77fa40a40 Exception <a 'java/lang/NoSuchMethodError'{0x0000000087f54bb0}: 'java.lang.reflect.Field[] java.lang.Class.getDeclaredFields(java.lang.Class)'> (0x0000000087f54bb0) 
thrown [s\open\src\hotspot\share\interpreter\linkResolver.cpp, line 773]
Event: 3.927 Thread 0x000001b77fa40a40 Exception <a 'java/lang/NoSuchMethodError'{0x0000000087d5ae38}: 'void java.lang.invoke.DirectMethodHandle$Holder.invokeStatic(java.lang.Object, long)'> (0x0000000087d5ae38) 
thrown [s\open\src\hotspot\share\interpreter\linkResolver.cpp, line 773]
Event: 3.934 Thread 0x000001b77fa40a40 Implicit null exception at 0x000001b72dc44e20 to 0x000001b72dc45388
Event: 4.709 Thread 0x000001b77fa40a40 Implicit null exception at 0x000001b72dc225a0 to 0x000001b72dc22bc4
Event: 4.928 Thread 0x000001b70028a050 Exception <a 'java/lang/NoSuchMethodError'{0x0000000088e1fff8}: 'long java.lang.invoke.DirectMethodHandle$Holder.invokeSpecial(java.lang.Object, java.lang.Object)'> (0x0000000088e1fff8) 
thrown [s\open\src\hotspot\share\interpreter\linkResolver.cpp, line 773]
Event: 4.931 Thread 0x000001b70028a050 Exception <a 'java/lang/NoSuchMethodError'{0x0000000088e29b40}: 'long java.lang.invoke.DirectMethodHandle$Holder.invokeStatic(java.lang.Object, java.lang.Object)'> (0x0000000088e29b40) 
thrown [s\open\src\hotspot\share\interpreter\linkResolver.cpp, line 773]
Event: 4.932 Thread 0x000001b70028a050 Exception <a 'java/lang/NoSuchMethodError'{0x0000000088e2cc08}: 'long java.lang.invoke.DirectMethodHandle$Holder.invokeStaticInit(java.lang.Object, java.lang.Object)'> (0x0000000088e2cc08) 
thrown [s\open\src\hotspot\share\interpreter\linkResolver.cpp, line 773]
Event: 4.935 Thread 0x000001b70028a050 Exception <a 'java/lang/NoSuchMethodError'{0x0000000088e38d58}: 'long java.lang.invoke.DirectMethodHandle$Holder.invokeInterface(java.lang.Object, java.lang.Object)'> (0x0000000088e38d58) 
thrown [s\open\src\hotspot\share\interpreter\linkResolver.cpp, line 773]
Event: 4.935 Thread 0x000001b70028a050 Exception <a 'java/lang/IncompatibleClassChangeError'{0x0000000088e3bd68}: Found class java.lang.Object, but interface was expected> (0x0000000088e3bd68) 
thrown [s\open\src\hotspot\share\interpreter\linkResolver.cpp, line 840]
Event: 4.955 Thread 0x000001b70028a050 Exception <a 'java/lang/NoSuchMethodError'{0x0000000088e50520}: 'java.lang.Object java.lang.invoke.DirectMethodHandle$Holder.invokeVirtual(java.lang.Object, java.lang.Object, java.lang.Object, java.lang.Object)'> (0x0000000088e50520) 
thrown [s\open\src\hotspot\share\interpreter\linkResolver.cpp, line 773]

ZGC Phase Switch (0 events):
No events

VM Operations (20 events):
Event: 1.837 Executing VM operation: G1CollectForAllocation (G1 Evacuation Pause)
Event: 1.846 Executing VM operation: G1CollectForAllocation (G1 Evacuation Pause) done
Event: 2.330 Executing VM operation: HandshakeAllThreads (Deoptimize)
Event: 2.330 Executing VM operation: HandshakeAllThreads (Deoptimize) done
Event: 2.911 Executing VM operation: HandshakeAllThreads (Deoptimize)
Event: 2.911 Executing VM operation: HandshakeAllThreads (Deoptimize) done
Event: 2.911 Executing VM operation: Cleanup
Event: 2.912 Executing VM operation: Cleanup done
Event: 2.923 Executing VM operation: HandshakeAllThreads (Deoptimize)
Event: 2.923 Executing VM operation: HandshakeAllThreads (Deoptimize) done
Event: 2.925 Executing VM operation: HandshakeAllThreads (Deoptimize)
Event: 2.925 Executing VM operation: HandshakeAllThreads (Deoptimize) done
Event: 3.140 Executing VM operation: HandshakeAllThreads (Deoptimize)
Event: 3.140 Executing VM operation: HandshakeAllThreads (Deoptimize) done
Event: 3.410 Executing VM operation: HandshakeAllThreads (Deoptimize)
Event: 3.410 Executing VM operation: HandshakeAllThreads (Deoptimize) done
Event: 4.163 Executing VM operation: ICBufferFull
Event: 4.163 Executing VM operation: ICBufferFull done
Event: 4.354 Executing VM operation: G1CollectForAllocation (G1 Evacuation Pause)
Event: 4.366 Executing VM operation: G1CollectForAllocation (G1 Evacuation Pause) done

Events (20 events):
Event: 0.070 Thread 0x000001b739d6a940 Thread added: 0x000001b739d6a940
Event: 0.071 Thread 0x000001b739d6b850 Thread added: 0x000001b739d6b850
Event: 0.071 Thread 0x000001b739d70430 Thread added: 0x000001b739d70430
Event: 0.071 Thread 0x000001b739d70e80 Thread added: 0x000001b739d70e80
Event: 0.071 Thread 0x000001b739d718d0 Thread added: 0x000001b739d718d0
Event: 0.071 Thread 0x000001b739d72320 Thread added: 0x000001b739d72320
Event: 0.072 Thread 0x000001b739d730a0 Thread added: 0x000001b739d730a0
Event: 0.073 Thread 0x000001b739d762e0 Thread added: 0x000001b739d762e0
Event: 0.341 Thread 0x000001b739d3c550 Thread added: 0x000001b739d3c550
Event: 0.638 Thread 0x000001b77f390800 Thread added: 0x000001b77f390800
Event: 0.638 Thread 0x000001b77f2785f0 Thread added: 0x000001b77f2785f0
Event: 1.654 Thread 0x000001b700118d50 Thread added: 0x000001b700118d50
Event: 1.660 Thread 0x000001b77fa40a40 Thread added: 0x000001b77fa40a40
Event: 3.277 Thread 0x000001b70028a050 Thread added: 0x000001b70028a050
Event: 3.950 Thread 0x000001b7006bbe20 Thread added: 0x000001b7006bbe20
Event: 3.950 Thread 0x000001b700592320 Thread added: 0x000001b700592320
Event: 4.700 Thread 0x000001b7006bbe20 Thread exited: 0x000001b7006bbe20
Event: 4.700 Thread 0x000001b700592320 Thread exited: 0x000001b700592320
Event: 4.718 Thread 0x000001b70082f720 Thread added: 0x000001b70082f720
Event: 4.718 Thread 0x000001b70082ea00 Thread added: 0x000001b70082ea00


Dynamic libraries:
0x00007ff773760000 - 0x00007ff773770000 	C:\Program Files\Java\jdk-21\bin\java.exe
0x00007ffb7e5b0000 - 0x00007ffb7e7a8000 	C:\Windows\SYSTEM32\ntdll.dll
0x00007ffb7e2e0000 - 0x00007ffb7e3a2000 	C:\Windows\System32\KERNEL32.DLL
0x00007ffb7c2c0000 - 0x00007ffb7c5bf000 	C:\Windows\System32\KERNELBASE.dll
0x00007ffb7bef0000 - 0x00007ffb7bff0000 	C:\Windows\System32\ucrtbase.dll
0x00007ffb767d0000 - 0x00007ffb767e9000 	C:\Program Files\Java\jdk-21\bin\jli.dll
0x00007ffb7c760000 - 0x00007ffb7c811000 	C:\Windows\System32\ADVAPI32.dll
0x00007ffb7c820000 - 0x00007ffb7c8be000 	C:\Windows\System32\msvcrt.dll
0x00007ffb7e240000 - 0x00007ffb7e2df000 	C:\Windows\System32\sechost.dll
0x00007ffb7e3b0000 - 0x00007ffb7e4d3000 	C:\Windows\System32\RPCRT4.dll
0x00007ffb64580000 - 0x00007ffb6459b000 	C:\Program Files\Java\jdk-21\bin\VCRUNTIME140.dll
0x00007ffb7bd80000 - 0x00007ffb7bda7000 	C:\Windows\System32\bcrypt.dll
0x00007ffb7c5c0000 - 0x00007ffb7c75d000 	C:\Windows\System32\USER32.dll
0x00007ffb7bdb0000 - 0x00007ffb7bdd2000 	C:\Windows\System32\win32u.dll
0x00007ffb7de00000 - 0x00007ffb7de2b000 	C:\Windows\System32\GDI32.dll
0x00007ffb7c040000 - 0x00007ffb7c157000 	C:\Windows\System32\gdi32full.dll
0x00007ffb7bde0000 - 0x00007ffb7be7d000 	C:\Windows\System32\msvcp_win.dll
0x00007ffb65150000 - 0x00007ffb653ea000 	C:\Windows\WinSxS\amd64_microsoft.windows.common-controls_6595b64144ccf1df_6.0.19041.4355_none_60b8b9eb71f62e16\COMCTL32.dll
0x00007ffb6a690000 - 0x00007ffb6a69a000 	C:\Windows\SYSTEM32\VERSION.dll
0x00007ffb7c920000 - 0x00007ffb7c94f000 	C:\Windows\System32\IMM32.DLL
0x00007ffb76900000 - 0x00007ffb7690c000 	C:\Program Files\Java\jdk-21\bin\vcruntime140_1.dll
0x00007ffb4c600000 - 0x00007ffb4c68e000 	C:\Program Files\Java\jdk-21\bin\msvcp140.dll
0x00007ffb11380000 - 0x00007ffb12098000 	C:\Program Files\Java\jdk-21\bin\server\jvm.dll
0x00007ffb7d3d0000 - 0x00007ffb7d43b000 	C:\Windows\System32\WS2_32.dll
0x00007ffb7b9f0000 - 0x00007ffb7ba3b000 	C:\Windows\SYSTEM32\POWRPROF.dll
0x00007ffb67290000 - 0x00007ffb672b7000 	C:\Windows\SYSTEM32\WINMM.dll
0x00007ffb7b960000 - 0x00007ffb7b972000 	C:\Windows\SYSTEM32\UMPDC.dll
0x00007ffb79aa0000 - 0x00007ffb79ab2000 	C:\Windows\SYSTEM32\kernel.appcore.dll
0x00007ffb75320000 - 0x00007ffb7532a000 	C:\Program Files\Java\jdk-21\bin\jimage.dll
0x00007ffb67e80000 - 0x00007ffb68064000 	C:\Windows\SYSTEM32\DBGHELP.DLL
0x00007ffb67e30000 - 0x00007ffb67e64000 	C:\Windows\SYSTEM32\dbgcore.DLL
0x00007ffb7bcf0000 - 0x00007ffb7bd72000 	C:\Windows\System32\bcryptPrimitives.dll
0x00007ffb6ed40000 - 0x00007ffb6ed4f000 	C:\Program Files\Java\jdk-21\bin\instrument.dll
0x00007ffb5fa20000 - 0x00007ffb5fa3f000 	C:\Program Files\Java\jdk-21\bin\java.dll
0x00007ffb7c9b0000 - 0x00007ffb7d11e000 	C:\Windows\System32\SHELL32.dll
0x00007ffb79ca0000 - 0x00007ffb7a444000 	C:\Windows\SYSTEM32\windows.storage.dll
0x00007ffb7d440000 - 0x00007ffb7d795000 	C:\Windows\System32\combase.dll
0x00007ffb7b4c0000 - 0x00007ffb7b4ef000 	C:\Windows\SYSTEM32\Wldp.dll
0x00007ffb7d250000 - 0x00007ffb7d31d000 	C:\Windows\System32\OLEAUT32.dll
0x00007ffb7dd50000 - 0x00007ffb7ddfd000 	C:\Windows\System32\SHCORE.dll
0x00007ffb7de30000 - 0x00007ffb7de85000 	C:\Windows\System32\shlwapi.dll
0x00007ffb7bb70000 - 0x00007ffb7bb94000 	C:\Windows\SYSTEM32\profapi.dll
0x00007ffb4c230000 - 0x00007ffb4c307000 	C:\Program Files\Java\jdk-21\bin\jsvml.dll
0x00007ffb5fa00000 - 0x00007ffb5fa18000 	C:\Program Files\Java\jdk-21\bin\zip.dll
0x00007ffb68cc0000 - 0x00007ffb68cd0000 	C:\Program Files\Java\jdk-21\bin\net.dll
0x00007ffb75980000 - 0x00007ffb75a8d000 	C:\Windows\SYSTEM32\WINHTTP.dll
0x00007ffb7b2a0000 - 0x00007ffb7b30a000 	C:\Windows\system32\mswsock.dll
0x00007ffb5f9e0000 - 0x00007ffb5f9f6000 	C:\Program Files\Java\jdk-21\bin\nio.dll
0x00007ffb5f9c0000 - 0x00007ffb5f9da000 	C:\Program Files\JetBrains\IntelliJ IDEA Community Edition 2024.3.1\bin\breakgen64.dll
0x00007ffb67e70000 - 0x00007ffb67e79000 	C:\Program Files\Java\jdk-21\bin\extnet.dll
0x00007ffb67670000 - 0x00007ffb6767a000 	C:\Program Files\Java\jdk-21\bin\management.dll
0x00007ffb657e0000 - 0x00007ffb657eb000 	C:\Program Files\Java\jdk-21\bin\management_ext.dll
0x00007ffb7d1b0000 - 0x00007ffb7d1b8000 	C:\Windows\System32\PSAPI.DLL

dbghelp: loaded successfully - version: 4.0.5 - missing functions: none
symbol engine: initialized successfully - sym options: 0x614 - pdb path: .;C:\Program Files\Java\jdk-21\bin;C:\Windows\SYSTEM32;C:\Windows\WinSxS\amd64_microsoft.windows.common-controls_6595b64144ccf1df_6.0.19041.4355_none_60b8b9eb71f62e16;C:\Program Files\Java\jdk-21\bin\server;C:\Program Files\JetBrains\IntelliJ IDEA Community Edition 2024.3.1\bin

VM Arguments:
jvm_args: -javaagent:C:\Program Files\JetBrains\IntelliJ IDEA Community Edition 2024.3.1\lib\idea_rt.jar=59795:C:\Program Files\JetBrains\IntelliJ IDEA Community Edition 2024.3.1\bin -Dfile.encoding=UTF-8 -Dsun.stdout.encoding=UTF-8 -Dsun.stderr.encoding=UTF-8 
java_command: io.github.samuelsantos20.time_sheet.TimeSheetApplication
java_class_path (initial): C:\Users\Samuel\intellij-workspace\time-sheet\target\classes;C:\Users\Samuel\.m2\repository\org\springframework\boot\spring-boot-starter-data-jdbc\3.3.7\spring-boot-starter-data-jdbc-3.3.7.jar;C:\Users\Samuel\.m2\repository\org\springframework\boot\spring-boot-starter-jdbc\3.3.7\spring-boot-starter-jdbc-3.3.7.jar;C:\Users\Samuel\.m2\repository\com\zaxxer\HikariCP\5.1.0\HikariCP-5.1.0.jar;C:\Users\Samuel\.m2\repository\org\springframework\spring-jdbc\6.1.16\spring-jdbc-6.1.16.jar;C:\Users\Samuel\.m2\repository\org\springframework\data\spring-data-jdbc\3.3.7\spring-data-jdbc-3.3.7.jar;C:\Users\Samuel\.m2\repository\org\springframework\data\spring-data-relational\3.3.7\spring-data-relational-3.3.7.jar;C:\Users\Samuel\.m2\repository\org\springframework\data\spring-data-commons\3.3.7\spring-data-commons-3.3.7.jar;C:\Users\Samuel\.m2\repository\org\springframework\spring-tx\6.1.16\spring-tx-6.1.16.jar;C:\Users\Samuel\.m2\repository\org\springframework\spring-context\6.1.16\spring-context-6.1.16.jar;C:\Users\Samuel\.m2\repository\org\springframework\spring-beans\6.1.16\spring-beans-6.1.16.jar;C:\Users\Samuel\.m2\repository\org\slf4j\slf4j-api\2.0.16\slf4j-api-2.0.16.jar;C:\Users\Samuel\.m2\repository\org\springframework\boot\spring-boot-starter-data-jpa\3.3.7\spring-boot-starter-data-jpa-3.3.7.jar;C:\Users\Samuel\.m2\repository\org\springframework\boot\spring-boot-starter-aop\3.3.7\spring-boot-starter-aop-3.3.7.jar;C:\Users\Samuel\.m2\repository\org\springframework\spring-aop\6.1.16\spring-aop-6.1.16.jar;C:\Users\Samuel\.m2\repository\org\aspectj\aspectjweaver\1.9.22.1\aspectjweaver-1.9.22.1.jar;C:\Users\Samuel\.m2\repository\org\hibernate\orm\hibernate-core\6.5.3.Final\hibernate-core-6.5.3.Final.jar;C:\Users\Samuel\.m2\repository\jakarta\persistence\jakarta.persistence-api\3.1.0\jakarta.persistence-api-3.1.0.jar;C:\Users\Samuel\.m2\repository\jakarta\transaction\jakarta.transaction-api\2.0.1\jakarta.transaction-api-2.0.1.jar;C:\Users\Samuel\.m2\repository\org\jboss\logging\jboss-logging\3.5.3.Final\jboss-logging-3.5.3.Final.jar;C:\Users\Samuel\.m2\repository\org\hibernate\common\hibernate-commons-annotations\6.0.6.Final\hibernate-commons-annotations-6.0.6.Final.jar;C:\Users\Samuel\.m2\repository\io\smallrye\jandex\3.1.2\jandex-3.1.2.jar;C:\Users\Samuel\.m2\repository\com\fasterxml\classmate\1.7.0\classmate-1.7.0.jar;C:\Users\Samuel\.m2\repository\net\bytebuddy\byte-buddy\1.14.19\byte-buddy-1.14.19.jar;C:\Users\Samuel\.m2\repository\org\glassfish\jaxb\jaxb-runtime\4.0.5\jaxb-runtime-4.0.5.jar;C:\Users\Samuel\.m2\repository\org\glassfish\jaxb\jaxb-core\4.0.5\jaxb-core-4.0.5.jar;C:\Users\Samuel\.m2\repository\org\eclipse\angus\angus-activation\2.0.2\angus-activation-2.0.2.jar;C:\Users\Samuel\.m2\repository\org\glassfish\jaxb\txw2\4.0.5\txw2-4.0.5.jar;C:\Users\Samuel\.m2\repository\com\sun\istack\istack-commons-runtime\4.1.2\istack-commons-runtime-4.1.2.jar;C:\Users\Samuel\.m2\repository\jakarta\inject\jakarta.inject-api\2.0.1\jakarta.inject-api-2.0.1.jar;C:\Users\Samuel\.m2\repository\org\antlr\antlr4-runtime\4.13.0\antlr4-runtime-4.13.0.jar;C:\Users\Samuel\.m2\repository\org\springframework\data\spring-data-jpa\3.3.7\spring-data-jpa-3.3.7.jar;C:\Users\Samuel\.m2\repository\org\springframework\spring-orm\6.1.16\spring-orm-6.1.16.jar;C:\Users\Samuel\.m2\repository\jakarta\annotation\jakarta.annotation-api\2.1.1\jakarta.annotation-api-2.1.1.jar;C:\Users\Samuel\.m2\repository\org\springframework\spring-aspects\6.1.16\spring-aspects-6.1.16.jar;C:\Users\Samuel\.m2\repository\org\springframework\boot\spring-boot-starter-data-rest\3.3.7\spring-boot-starter-data-rest-3.3.7.jar;C:\Users\Samuel\.m2\repository\org\springframework\data\spring-data-rest-webmvc\4.3.7\spring-data-rest-webmvc-4.3.7.jar;C:\Users\Samuel\.m2\repository\org\springframework\data\spring-data-rest-core\4.3.7\spring-data-rest-core-4.3.7.jar;C:\Users\Samuel\.m2\repository\org\springframework\hateoas\spring-hateoas\2.3.4\spring-hateoas-2.3.4.jar;C:\Users\Samuel\.m2\repository\org\springframework\plugin\spring-plugin-core\3.0.0\spring-plugin-core-3.0.0.jar;C:\Users\Samuel\.m2\repository\org\atteo\evo-inflector\1.3\evo-inflector-1.3.jar;C:\Users\Samuel\.m2\repository\com\fasterxml\jackson\core\jackson-annotations\2.17.3\jackson-annotations-2.17.3.jar;C:\Users\Samuel\.m2\repository\org\springframework\boot\spring-boot-starter-thymeleaf\3.3.7\spring-boot-starter-thymeleaf-3.3.7.jar;C:\Users\Samuel\.m2\repository\org\springframework\boot\spring-boot-starter\3.3.7\spring-boot-starter-3.3.7.jar;C:\Users\Samuel\.m2\repository\org\springframework\boot\spring-boot-starter-logging\3.3.7\spring-boot-starter-logging-3.3.7.jar;C:\Users\Samuel\.m2\repository\ch\qos\logback\logback-classic\1.5.12\logback-classic-1.5.12.jar;C:\Users\Samuel\.m2\repository\ch\qos\logback\logback-core\1.5.12\logback-core-1.5.12.jar;C:\Users\Samuel\.m2\repository\org\apache\logging\log4j\log4j-to-slf4j\2.23.1\log4j-to-slf4j-2.23.1.jar;C:\Users\Samuel\.m2\repository\org\apache\logging\log4j\log4j-api\2.23.1\log4j-api-2.23.1.jar;C:\Users\Samuel\.m2\repository\org\slf4j\jul-to-slf4j\2.0.16\jul-to-slf4j-2.0.16.jar;C:\Users\Samuel\.m2\repository\org\yaml\snakeyaml\2.2\snakeyaml-2.2.jar;C:\Users\Samuel\.m2\repository\org\thymeleaf\thymeleaf-spring6\3.1.3.RELEASE\thymeleaf-spring6-3.1.3.RELEASE.jar;C:\Users\Samuel\.m2\repository\org\thymeleaf\thymeleaf\3.1.3.RELEASE\thymeleaf-3.1.3.RELEASE.jar;C:\Users\Samuel\.m2\repository\org\attoparser\attoparser\2.0.7.RELEASE\attoparser-2.0.7.RELEASE.jar;C:\Users\Samuel\.m2\repository\org\unbescape\unbescape\1.1.6.RELEASE\unbescape-1.1.6.RELEASE.jar;C:\Users\Samuel\.m2\repository\org\springframework\boot\spring-boot-starter-validation\3.3.7\spring-boot-starter-validation-3.3.7.jar;C:\Users\Samuel\.m2\repository\org\apache\tomcat\embed\tomcat-embed-el\10.1.34\tomcat-embed-el-10.1.34.jar;C:\Users\Samuel\.m2\repository\org\hibernate\validator\hibernate-validator\8.0.2.Final\hibernate-validator-8.0.2.Final.jar;C:\Users\Samuel\.m2\repository\jakarta\validation\jakarta.validation-api\3.0.2\jakarta.validation-api-3.0.2.jar;C:\Users\Samuel\.m2\repository\org\springframework\boot\spring-boot-starter-web\3.3.7\spring-boot-starter-web-3.3.7.jar;C:\Users\Samuel\.m2\repository\org\springframework\boot\spring-boot-starter-json\3.3.7\spring-boot-starter-json-3.3.7.jar;C:\Users\Samuel\.m2\repository\com\fasterxml\jackson\datatype\jackson-datatype-jdk8\2.17.3\jackson-datatype-jdk8-2.17.3.jar;C:\Users\Samuel\.m2\repository\com\fasterxml\jackson\datatype\jackson-datatype-jsr310\2.17.3\jackson-datatype-jsr310-2.17.3.jar;C:\Users\Samuel\.m2\repository\org\springframework\boot\spring-boot-starter-tomcat\3.3.7\spring-boot-starter-tomcat-3.3.7.jar;C:\Users\Samuel\.m2\repository\org\apache\tomcat\embed\tomcat-embed-core\10.1.34\tomcat-embed-core-10.1.34.jar;C:\Users\Samuel\.m2\repository\org\apache\tomcat\embed\tomcat-embed-websocket\10.1.34\tomcat-embed-websocket-10.1.34.jar;C:\Users\Samuel\.m2\repository\org\springframework\spring-web\6.1.16\spring-web-6.1.16.jar;C:\Users\Samuel\.m2\repository\io\micrometer\micrometer-observation\1.13.9\micrometer-observation-1.13.9.jar;C:\Users\Samuel\.m2\repository\io\micrometer\micrometer-commons\1.13.9\micrometer-commons-1.13.9.jar;C:\Users\Samuel\.m2\repository\org\springframework\spring-webmvc\6.1.16\spring-webmvc-6.1.16.jar;C:\Users\Samuel\.m2\repository\org\springframework\spring-expression\6.1.16\spring-expression-6.1.16.jar;C:\Users\Samuel\.m2\repository\org\springframework\boot\spring-boot-devtools\3.3.7\spring-boot-devtools-3.3.7.jar;C:\Users\Samuel\.m2\repository\org\springframework\boot\spring-boot\3.3.7\spring-boot-3.3.7.jar;C:\Users\Samuel\.m2\repository\org\springframework\boot\spring-boot-autoconfigure\3.3.7\spring-boot-autoconfigure-3.3.7.jar;C:\Users\Samuel\.m2\repository\org\springframework\boot\spring-boot-docker-compose\3.3.7\spring-boot-docker-compose-3.3.7.jar;C:\Users\Samuel\.m2\repository\com\fasterxml\jackson\core\jackson-databind\2.17.3\jackson-databind-2.17.3.jar;C:\Users\Samuel\.m2\repository\com\fasterxml\jackson\core\jackson-core\2.17.3\jackson-core-2.17.3.jar;C:\Users\Samuel\.m2\repository\com\fasterxml\jackson\module\jackson-module-parameter-names\2.17.3\jackson-module-parameter-names-2.17.3.jar;C:\Users\Samuel\.m2\repository\org\mapstruct\mapstruct\1.5.5.Final\mapstruct-1.5.5.Final.jar;C:\Users\Samuel\.m2\repository\org\postgresql\postgresql\42.7.4\postgresql-42.7.4.jar;C:\Users\Samuel\.m2\repository\org\checkerframework\checker-qual\3.42.0\checker-qual-3.42.0.jar;C:\Users\Samuel\.m2\repository\org\projectlombok\lombok\1.18.30\lombok-1.18.30.jar;C:\Users\Samuel\.m2\repository\com\jayway\jsonpath\json-path\2.9.0\json-path-2.9.0.jar;C:\Users\Samuel\.m2\repository\jakarta\xml\bind\jakarta.xml.bind-api\4.0.2\jakarta.xml.bind-api-4.0.2.jar;C:\Users\Samuel\.m2\repository\jakarta\activation\jakarta.activation-api\2.1.3\jakarta.activation-api-2.1.3.jar;C:\Users\Samuel\.m2\repository\net\minidev\json-smart\2.5.1\json-smart-2.5.1.jar;C:\Users\Samuel\.m2\repository\net\minidev\accessors-smart\2.5.1\accessors-smart-2.5.1.jar;C:\Users\Samuel\.m2\repository\org\ow2\asm\asm\9.6\asm-9.6.jar;C:\Users\Samuel\.m2\repository\org\springframework\spring-core\6.1.16\spring-core-6.1.16.jar;C:\Users\Samuel\.m2\repository\org\springframework\spring-jcl\6.1.16\spring-jcl-6.1.16.jar
Launcher Type: SUN_STANDARD

[Global flags]
     intx CICompilerCount                          = 3                                         {product} {ergonomic}
     uint ConcGCThreads                            = 1                                         {product} {ergonomic}
     uint G1ConcRefinementThreads                  = 4                                         {product} {ergonomic}
   size_t G1HeapRegionSize                         = 1048576                                   {product} {ergonomic}
    uintx GCDrainStackTargetSize                   = 64                                        {product} {ergonomic}
   size_t InitialHeapSize                          = 134217728                                 {product} {ergonomic}
   size_t MarkStackSize                            = 4194304                                   {product} {ergonomic}
   size_t MaxHeapSize                              = 2118123520                                {product} {ergonomic}
   size_t MaxNewSize                               = 1270874112                                {product} {ergonomic}
   size_t MinHeapDeltaBytes                        = 1048576                                   {product} {ergonomic}
   size_t MinHeapSize                              = 8388608                                   {product} {ergonomic}
    uintx NonNMethodCodeHeapSize                   = 5832780                                {pd product} {ergonomic}
    uintx NonProfiledCodeHeapSize                  = 122912730                              {pd product} {ergonomic}
    uintx ProfiledCodeHeapSize                     = 122912730                              {pd product} {ergonomic}
    uintx ReservedCodeCacheSize                    = 251658240                              {pd product} {ergonomic}
     bool SegmentedCodeCache                       = true                                      {product} {ergonomic}
   size_t SoftMaxHeapSize                          = 2118123520                             {manageable} {ergonomic}
     bool UseCompressedOops                        = true                           {product lp64_product} {ergonomic}
     bool UseG1GC                                  = true                                      {product} {ergonomic}
     bool UseLargePagesIndividualAllocation        = false                                  {pd product} {ergonomic}

Logging:
Log output configuration:
 #0: stdout all=warning uptime,level,tags foldmultilines=false
 #1: stderr all=off uptime,level,tags foldmultilines=false

Environment Variables:
JAVA_HOME=C:\Program Files\Java\jdk-21
PATH=C:\Program Files\Common Files\Oracle\Java\javapath;C:\Windows\system32;C:\Windows;C:\Windows\System32\Wbem;C:\Windows\System32\WindowsPowerShell\v1.0\;C:\Windows\System32\OpenSSH\;C:\Program Files\dotnet\;C:\Program Files\Maven\apache-maven-3.9.6\bin;C:\Program Files (x86)\HP\HP OCR\DB_Lib\;C:\Program Files\HP\Common\HPDestPlgIn\;C:\Program Files (x86)\HP\Common\HPDestPlgIn\;C:\Program Files\Microsoft VS Code\bin;C:\Program Files\Git\cmd;C:\Program Files\nodejs\;C:\Program Files\Java\jdk-21\bin;;C:\Program Files\Docker\Docker\resources\bin;C:\Users\Samuel\AppData\Local\Microsoft\WindowsApps;C:\Users\Samuel\AppData\Local\Programs\Microsoft VS Code\bin;C:\Program Files\HP\Common\HPDestPlgIn\;C:\Program Files (x86)\HP\Common\HPDestPlgIn\;C:\Users\Samuel\AppData\Local\GitHubDesktop\bin;C:\Users\Samuel\AppData\Roaming\npm;C:\Program Files\Java\jdk-21\bin;
USERNAME=Samuel
OS=Windows_NT
PROCESSOR_IDENTIFIER=Intel64 Family 6 Model 58 Stepping 9, GenuineIntel
TMP=C:\Users\Samuel\AppData\Local\Temp
TEMP=C:\Users\Samuel\AppData\Local\Temp




Periodic native trim disabled

---------------  S Y S T E M  ---------------

OS:
 Windows 10 , 64 bit Build 19041 (10.0.19041.5198)
OS uptime: 2 days 1:53 hours
Hyper-V role detected

CPU: total 4 (initial active 4) (2 cores per cpu, 2 threads per core) family 6 model 58 stepping 9 microcode 0x21, cx8, cmov, fxsr, ht, mmx, sse, sse2, sse3, ssse3, sse4.1, sse4.2, popcnt, tsc, tscinvbit, avx, erms, clmul, vzeroupper, clflush, hv, rdtscp, f16c
Processor Information for all 4 processors :
  Max Mhz: 3300, Current Mhz: 3300, Mhz Limit: 3300

Memory: 4k page, system-wide physical 8077M (264M free)
TotalPageFile size 16269M (AvailPageFile size 16M)
current process WorkingSet (physical memory assigned to process): 130M, peak: 130M
current process commit charge ("private bytes"): 246M, peak: 246M

vm_info: Java HotSpot(TM) 64-Bit Server VM (21.0.5+9-LTS-239) for windows-amd64 JRE (21.0.5+9-LTS-239), built on 2024-09-30T05:17:38Z by "mach5one" with MS VC++ 17.6 (VS2022)

END.
