#
# There is insufficient memory for the Java Runtime Environment to continue.
# Native memory allocation (malloc) failed to allocate 451216 bytes for Chunk::new
# Possible reasons:
#   The system is out of physical RAM or swap space
#   The process is running with CompressedOops enabled, and the Java Heap may be blocking the growth of the native heap
# Possible solutions:
#   Reduce memory load on the system
#   Increase physical memory or swap space
#   Check if swap backing store is full
#   Decrease Java heap size (-Xmx/-Xms)
#   Decrease number of Java threads
#   Decrease Java thread stack sizes (-Xss)
#   Set larger code cache with -XX:ReservedCodeCacheSize=
#   JVM is running with Unscaled Compressed Oops mode in which the Java heap is
#     placed in the first 4GB address space. The Java Heap base address is the
#     maximum limit for the native heap growth. Please use -XX:HeapBaseMinAddress
#     to set the Java Heap base and to place the Java Heap above 4GB virtual address.
# This output file may be truncated or incomplete.
#
#  Out of Memory Error (arena.cpp:168), pid=38808, tid=53140
#
# JRE version: Java(TM) SE Runtime Environment (21.0.5+9) (build 21.0.5+9-LTS-239)
# Java VM: Java HotSpot(TM) 64-Bit Server VM (21.0.5+9-LTS-239, mixed mode, sharing, tiered, compressed oops, compressed class ptrs, g1 gc, windows-amd64)
# No core dump will be written. Minidumps are not enabled by default on client versions of Windows
#

---------------  S U M M A R Y ------------

Command Line: -javaagent:C:\Program Files\JetBrains\IntelliJ IDEA Community Edition 2024.3.1\lib\idea_rt.jar=59824:C:\Program Files\JetBrains\IntelliJ IDEA Community Edition 2024.3.1\bin -Dfile.encoding=UTF-8 -Dsun.stdout.encoding=UTF-8 -Dsun.stderr.encoding=UTF-8 io.github.samuelsantos20.time_sheet.TimeSheetApplication

Host: Intel(R) Core(TM) i3-3220 CPU @ 3.30GHz, 4 cores, 7G,  Windows 10 , 64 bit Build 19041 (10.0.19041.5198)
Time: Tue Jan 21 21:00:31 2025 Hora oficial do Brasil elapsed time: 4.442237 seconds (0d 0h 0m 4s)

---------------  T H R E A D  ---------------

Current thread (0x000001a6ffb23160):  JavaThread "C2 CompilerThread0" daemon [_thread_in_native, id=53140, stack(0x0000006374600000,0x0000006374700000) (1024K)]


Current CompileTask:
C2:   4442 2386   !   4       java.net.URL::<init> (543 bytes)

Stack: [0x0000006374600000,0x0000006374700000]
Native frames: (J=compiled Java code, j=interpreted, Vv=VM code, C=native code)
V  [jvm.dll+0x6ca289]
V  [jvm.dll+0x854a51]
V  [jvm.dll+0x856f7e]
V  [jvm.dll+0x857653]
V  [jvm.dll+0x27dd26]
V  [jvm.dll+0xc4c2d]
V  [jvm.dll+0xc5163]
V  [jvm.dll+0x2f0ccd]
V  [jvm.dll+0x5f4ffa]
V  [jvm.dll+0x24f882]
V  [jvm.dll+0x24829c]
V  [jvm.dll+0x245de4]
V  [jvm.dll+0x1c6d0e]
V  [jvm.dll+0x2554d9]
V  [jvm.dll+0x253a6a]
V  [jvm.dll+0x3ee136]
V  [jvm.dll+0x7fee9b]
V  [jvm.dll+0x6c896d]
C  [ucrtbase.dll+0x21bb2]
C  [KERNEL32.DLL+0x17374]
C  [ntdll.dll+0x4cc91]


---------------  P R O C E S S  ---------------

Threads class SMR info:
_java_thread_list=0x000001a6ca276fb0, length=15, elements={
0x000001a6e79c9f40, 0x000001a6ffb1cc10, 0x000001a6ffb1d920, 0x000001a6ffb204f0,
0x000001a6ffb20f40, 0x000001a6ffb21990, 0x000001a6ffb223e0, 0x000001a6ffb23160,
0x000001a6ffb25f60, 0x000001a6ffaef340, 0x000001a6c94b41e0, 0x000001a6c9466a80,
0x000001a6c994bd00, 0x000001a6c994c7e0, 0x000001a6ca1607f0
}

Java Threads: ( => current thread )
  0x000001a6e79c9f40 JavaThread "main"                              [_thread_blocked, id=52700, stack(0x0000006373800000,0x0000006373900000) (1024K)]
  0x000001a6ffb1cc10 JavaThread "Reference Handler"          daemon [_thread_blocked, id=53884, stack(0x0000006374000000,0x0000006374100000) (1024K)]
  0x000001a6ffb1d920 JavaThread "Finalizer"                  daemon [_thread_blocked, id=51472, stack(0x0000006374100000,0x0000006374200000) (1024K)]
  0x000001a6ffb204f0 JavaThread "Signal Dispatcher"          daemon [_thread_blocked, id=52812, stack(0x0000006374200000,0x0000006374300000) (1024K)]
  0x000001a6ffb20f40 JavaThread "Attach Listener"            daemon [_thread_blocked, id=53312, stack(0x0000006374300000,0x0000006374400000) (1024K)]
  0x000001a6ffb21990 JavaThread "Service Thread"             daemon [_thread_blocked, id=52124, stack(0x0000006374400000,0x0000006374500000) (1024K)]
  0x000001a6ffb223e0 JavaThread "Monitor Deflation Thread"   daemon [_thread_blocked, id=50352, stack(0x0000006374500000,0x0000006374600000) (1024K)]
=>0x000001a6ffb23160 JavaThread "C2 CompilerThread0"         daemon [_thread_in_native, id=53140, stack(0x0000006374600000,0x0000006374700000) (1024K)]
  0x000001a6ffb25f60 JavaThread "C1 CompilerThread0"         daemon [_thread_blocked, id=50240, stack(0x0000006374700000,0x0000006374800000) (1024K)]
  0x000001a6ffaef340 JavaThread "Common-Cleaner"             daemon [_thread_blocked, id=42876, stack(0x0000006374800000,0x0000006374900000) (1024K)]
  0x000001a6c94b41e0 JavaThread "Monitor Ctrl-Break"         daemon [_thread_in_native, id=6624, stack(0x0000006374900000,0x0000006374a00000) (1024K)]
  0x000001a6c9466a80 JavaThread "Notification Thread"        daemon [_thread_blocked, id=53596, stack(0x0000006374a00000,0x0000006374b00000) (1024K)]
  0x000001a6c994bd00 JavaThread "Thread-0"                          [_thread_blocked, id=53376, stack(0x0000006374e00000,0x0000006374f00000) (1024K)]
  0x000001a6c994c7e0 JavaThread "restartedMain"                     [_thread_blocked, id=52120, stack(0x0000006374f00000,0x0000006375000000) (1024K)]
  0x000001a6ca1607f0 JavaThread "background-preinit"                [_thread_in_vm, id=53044, stack(0x0000006375000000,0x0000006375100000) (1024K)]
Total: 15

Other Threads:
  0x000001a6ffaff750 VMThread "VM Thread"                           [id=52908, stack(0x0000006373f00000,0x0000006374000000) (1024K)]
  0x000001a6ffaee950 WatcherThread "VM Periodic Task Thread"        [id=52012, stack(0x0000006373e00000,0x0000006373f00000) (1024K)]
  0x000001a6e7a20430 WorkerThread "GC Thread#0"                     [id=43580, stack(0x0000006373900000,0x0000006373a00000) (1024K)]
  0x000001a6c9a099e0 WorkerThread "GC Thread#1"                     [id=52424, stack(0x0000006374b00000,0x0000006374c00000) (1024K)]
  0x000001a6c9875440 WorkerThread "GC Thread#2"                     [id=52784, stack(0x0000006374c00000,0x0000006374d00000) (1024K)]
  0x000001a6c991f170 WorkerThread "GC Thread#3"                     [id=51880, stack(0x0000006374d00000,0x0000006374e00000) (1024K)]
  0x000001a6e7a31050 ConcurrentGCThread "G1 Main Marker"            [id=42540, stack(0x0000006373a00000,0x0000006373b00000) (1024K)]
  0x000001a6e7a31960 WorkerThread "G1 Conc#0"                       [id=38052, stack(0x0000006373b00000,0x0000006373c00000) (1024K)]
  0x000001a6ff9b0140 ConcurrentGCThread "G1 Refine#0"               [id=51416, stack(0x0000006373c00000,0x0000006373d00000) (1024K)]
  0x000001a6ff9b06d0 ConcurrentGCThread "G1 Service"                [id=13108, stack(0x0000006373d00000,0x0000006373e00000) (1024K)]
Total: 10

Threads with active compile tasks:
C2 CompilerThread0     4477 2386   !   4       java.net.URL::<init> (543 bytes)
Total: 1

VM state: not at safepoint (normal execution)

VM Mutex/Monitor currently owned by a thread: None

Heap address: 0x0000000081c00000, size: 2020 MB, Compressed Oops mode: 32-bit

CDS archive(s) mapped at: [0x000001a684000000-0x000001a684c90000-0x000001a684c90000), size 13172736, SharedBaseAddress: 0x000001a684000000, ArchiveRelocationMode: 1.
Compressed class space mapped at: 0x000001a685000000-0x000001a6c5000000, reserved size: 1073741824
Narrow klass base: 0x000001a684000000, Narrow klass shift: 0, Narrow klass range: 0x100000000

GC Precious Log:
 CardTable entry size: 512
 Card Set container configuration: InlinePtr #cards 5 size 8 Array Of Cards #cards 12 size 40 Howl #buckets 4 coarsen threshold 1843 Howl Bitmap #cards 512 size 80 coarsen threshold 460 Card regions per heap region 1 cards per card region 2048
 CPUs: 4 total, 4 available
 Memory: 8077M
 Large Page Support: Disabled
 NUMA Support: Disabled
 Compressed Oops: Enabled (32-bit)
 Heap Region Size: 1M
 Heap Min Capacity: 8M
 Heap Initial Capacity: 128M
 Heap Max Capacity: 2020M
 Pre-touch: Disabled
 Parallel Workers: 4
 Concurrent Workers: 1
 Concurrent Refinement Workers: 4
 Periodic GC: Disabled

Heap:
 garbage-first heap   total 131072K, used 40147K [0x0000000081c00000, 0x0000000100000000)
  region size 1024K, 35 young (35840K), 1 survivors (1024K)
 Metaspace       used 14768K, committed 15104K, reserved 1114112K
  class space    used 1915K, committed 2112K, reserved 1048576K

Heap Regions: E=young(eden), S=young(survivor), O=old, HS=humongous(starts), HC=humongous(continues), CS=collection set, F=free, TAMS=top-at-mark-start, PB=parsable bottom
|   0|0x0000000081c00000, 0x0000000081d00000, 0x0000000081d00000|100%|HS|  |TAMS 0x0000000081c00000| PB 0x0000000081c00000| Complete 
|   1|0x0000000081d00000, 0x0000000081e00000, 0x0000000081e00000|100%| O|  |TAMS 0x0000000081d00000| PB 0x0000000081d00000| Untracked 
|   2|0x0000000081e00000, 0x0000000081f00000, 0x0000000081f00000|100%| O|  |TAMS 0x0000000081e00000| PB 0x0000000081e00000| Untracked 
|   3|0x0000000081f00000, 0x0000000082000000, 0x0000000082000000|100%| O|  |TAMS 0x0000000081f00000| PB 0x0000000081f00000| Untracked 
|   4|0x0000000082000000, 0x0000000082100000, 0x0000000082100000|100%| O|  |TAMS 0x0000000082000000| PB 0x0000000082000000| Untracked 
|   5|0x0000000082100000, 0x0000000082200000, 0x0000000082200000|100%| O|  |TAMS 0x0000000082100000| PB 0x0000000082100000| Untracked 
|   6|0x0000000082200000, 0x0000000082268bc0, 0x0000000082300000| 40%| O|  |TAMS 0x0000000082200000| PB 0x0000000082200000| Untracked 
|   7|0x0000000082300000, 0x0000000082300000, 0x0000000082400000|  0%| F|  |TAMS 0x0000000082300000| PB 0x0000000082300000| Untracked 
|   8|0x0000000082400000, 0x0000000082400000, 0x0000000082500000|  0%| F|  |TAMS 0x0000000082400000| PB 0x0000000082400000| Untracked 
|   9|0x0000000082500000, 0x0000000082500000, 0x0000000082600000|  0%| F|  |TAMS 0x0000000082500000| PB 0x0000000082500000| Untracked 
|  10|0x0000000082600000, 0x0000000082600000, 0x0000000082700000|  0%| F|  |TAMS 0x0000000082600000| PB 0x0000000082600000| Untracked 
|  11|0x0000000082700000, 0x0000000082700000, 0x0000000082800000|  0%| F|  |TAMS 0x0000000082700000| PB 0x0000000082700000| Untracked 
|  12|0x0000000082800000, 0x0000000082800000, 0x0000000082900000|  0%| F|  |TAMS 0x0000000082800000| PB 0x0000000082800000| Untracked 
|  13|0x0000000082900000, 0x0000000082900000, 0x0000000082a00000|  0%| F|  |TAMS 0x0000000082900000| PB 0x0000000082900000| Untracked 
|  14|0x0000000082a00000, 0x0000000082a00000, 0x0000000082b00000|  0%| F|  |TAMS 0x0000000082a00000| PB 0x0000000082a00000| Untracked 
|  15|0x0000000082b00000, 0x0000000082b00000, 0x0000000082c00000|  0%| F|  |TAMS 0x0000000082b00000| PB 0x0000000082b00000| Untracked 
|  16|0x0000000082c00000, 0x0000000082c00000, 0x0000000082d00000|  0%| F|  |TAMS 0x0000000082c00000| PB 0x0000000082c00000| Untracked 
|  17|0x0000000082d00000, 0x0000000082d00000, 0x0000000082e00000|  0%| F|  |TAMS 0x0000000082d00000| PB 0x0000000082d00000| Untracked 
|  18|0x0000000082e00000, 0x0000000082e00000, 0x0000000082f00000|  0%| F|  |TAMS 0x0000000082e00000| PB 0x0000000082e00000| Untracked 
|  19|0x0000000082f00000, 0x0000000082f00000, 0x0000000083000000|  0%| F|  |TAMS 0x0000000082f00000| PB 0x0000000082f00000| Untracked 
|  20|0x0000000083000000, 0x0000000083000000, 0x0000000083100000|  0%| F|  |TAMS 0x0000000083000000| PB 0x0000000083000000| Untracked 
|  21|0x0000000083100000, 0x0000000083100000, 0x0000000083200000|  0%| F|  |TAMS 0x0000000083100000| PB 0x0000000083100000| Untracked 
|  22|0x0000000083200000, 0x0000000083200000, 0x0000000083300000|  0%| F|  |TAMS 0x0000000083200000| PB 0x0000000083200000| Untracked 
|  23|0x0000000083300000, 0x0000000083300000, 0x0000000083400000|  0%| F|  |TAMS 0x0000000083300000| PB 0x0000000083300000| Untracked 
|  24|0x0000000083400000, 0x0000000083400000, 0x0000000083500000|  0%| F|  |TAMS 0x0000000083400000| PB 0x0000000083400000| Untracked 
|  25|0x0000000083500000, 0x0000000083500000, 0x0000000083600000|  0%| F|  |TAMS 0x0000000083500000| PB 0x0000000083500000| Untracked 
|  26|0x0000000083600000, 0x0000000083600000, 0x0000000083700000|  0%| F|  |TAMS 0x0000000083600000| PB 0x0000000083600000| Untracked 
|  27|0x0000000083700000, 0x0000000083700000, 0x0000000083800000|  0%| F|  |TAMS 0x0000000083700000| PB 0x0000000083700000| Untracked 
|  28|0x0000000083800000, 0x0000000083800000, 0x0000000083900000|  0%| F|  |TAMS 0x0000000083800000| PB 0x0000000083800000| Untracked 
|  29|0x0000000083900000, 0x0000000083900000, 0x0000000083a00000|  0%| F|  |TAMS 0x0000000083900000| PB 0x0000000083900000| Untracked 
|  30|0x0000000083a00000, 0x0000000083a00000, 0x0000000083b00000|  0%| F|  |TAMS 0x0000000083a00000| PB 0x0000000083a00000| Untracked 
|  31|0x0000000083b00000, 0x0000000083b00000, 0x0000000083c00000|  0%| F|  |TAMS 0x0000000083b00000| PB 0x0000000083b00000| Untracked 
|  32|0x0000000083c00000, 0x0000000083c00000, 0x0000000083d00000|  0%| F|  |TAMS 0x0000000083c00000| PB 0x0000000083c00000| Untracked 
|  33|0x0000000083d00000, 0x0000000083d00000, 0x0000000083e00000|  0%| F|  |TAMS 0x0000000083d00000| PB 0x0000000083d00000| Untracked 
|  34|0x0000000083e00000, 0x0000000083e00000, 0x0000000083f00000|  0%| F|  |TAMS 0x0000000083e00000| PB 0x0000000083e00000| Untracked 
|  35|0x0000000083f00000, 0x0000000083f00000, 0x0000000084000000|  0%| F|  |TAMS 0x0000000083f00000| PB 0x0000000083f00000| Untracked 
|  36|0x0000000084000000, 0x0000000084000000, 0x0000000084100000|  0%| F|  |TAMS 0x0000000084000000| PB 0x0000000084000000| Untracked 
|  37|0x0000000084100000, 0x0000000084100000, 0x0000000084200000|  0%| F|  |TAMS 0x0000000084100000| PB 0x0000000084100000| Untracked 
|  38|0x0000000084200000, 0x0000000084200000, 0x0000000084300000|  0%| F|  |TAMS 0x0000000084200000| PB 0x0000000084200000| Untracked 
|  39|0x0000000084300000, 0x0000000084300000, 0x0000000084400000|  0%| F|  |TAMS 0x0000000084300000| PB 0x0000000084300000| Untracked 
|  40|0x0000000084400000, 0x0000000084400000, 0x0000000084500000|  0%| F|  |TAMS 0x0000000084400000| PB 0x0000000084400000| Untracked 
|  41|0x0000000084500000, 0x0000000084500000, 0x0000000084600000|  0%| F|  |TAMS 0x0000000084500000| PB 0x0000000084500000| Untracked 
|  42|0x0000000084600000, 0x0000000084600000, 0x0000000084700000|  0%| F|  |TAMS 0x0000000084600000| PB 0x0000000084600000| Untracked 
|  43|0x0000000084700000, 0x0000000084700000, 0x0000000084800000|  0%| F|  |TAMS 0x0000000084700000| PB 0x0000000084700000| Untracked 
|  44|0x0000000084800000, 0x0000000084800000, 0x0000000084900000|  0%| F|  |TAMS 0x0000000084800000| PB 0x0000000084800000| Untracked 
|  45|0x0000000084900000, 0x0000000084900000, 0x0000000084a00000|  0%| F|  |TAMS 0x0000000084900000| PB 0x0000000084900000| Untracked 
|  46|0x0000000084a00000, 0x0000000084a00000, 0x0000000084b00000|  0%| F|  |TAMS 0x0000000084a00000| PB 0x0000000084a00000| Untracked 
|  47|0x0000000084b00000, 0x0000000084b00000, 0x0000000084c00000|  0%| F|  |TAMS 0x0000000084b00000| PB 0x0000000084b00000| Untracked 
|  48|0x0000000084c00000, 0x0000000084c00000, 0x0000000084d00000|  0%| F|  |TAMS 0x0000000084c00000| PB 0x0000000084c00000| Untracked 
|  49|0x0000000084d00000, 0x0000000084d00000, 0x0000000084e00000|  0%| F|  |TAMS 0x0000000084d00000| PB 0x0000000084d00000| Untracked 
|  50|0x0000000084e00000, 0x0000000084e00000, 0x0000000084f00000|  0%| F|  |TAMS 0x0000000084e00000| PB 0x0000000084e00000| Untracked 
|  51|0x0000000084f00000, 0x0000000084f00000, 0x0000000085000000|  0%| F|  |TAMS 0x0000000084f00000| PB 0x0000000084f00000| Untracked 
|  52|0x0000000085000000, 0x0000000085000000, 0x0000000085100000|  0%| F|  |TAMS 0x0000000085000000| PB 0x0000000085000000| Untracked 
|  53|0x0000000085100000, 0x0000000085100000, 0x0000000085200000|  0%| F|  |TAMS 0x0000000085100000| PB 0x0000000085100000| Untracked 
|  54|0x0000000085200000, 0x0000000085200000, 0x0000000085300000|  0%| F|  |TAMS 0x0000000085200000| PB 0x0000000085200000| Untracked 
|  55|0x0000000085300000, 0x0000000085300000, 0x0000000085400000|  0%| F|  |TAMS 0x0000000085300000| PB 0x0000000085300000| Untracked 
|  56|0x0000000085400000, 0x0000000085400000, 0x0000000085500000|  0%| F|  |TAMS 0x0000000085400000| PB 0x0000000085400000| Untracked 
|  57|0x0000000085500000, 0x0000000085500000, 0x0000000085600000|  0%| F|  |TAMS 0x0000000085500000| PB 0x0000000085500000| Untracked 
|  58|0x0000000085600000, 0x0000000085600000, 0x0000000085700000|  0%| F|  |TAMS 0x0000000085600000| PB 0x0000000085600000| Untracked 
|  59|0x0000000085700000, 0x0000000085700000, 0x0000000085800000|  0%| F|  |TAMS 0x0000000085700000| PB 0x0000000085700000| Untracked 
|  60|0x0000000085800000, 0x0000000085800000, 0x0000000085900000|  0%| F|  |TAMS 0x0000000085800000| PB 0x0000000085800000| Untracked 
|  61|0x0000000085900000, 0x0000000085900000, 0x0000000085a00000|  0%| F|  |TAMS 0x0000000085900000| PB 0x0000000085900000| Untracked 
|  62|0x0000000085a00000, 0x0000000085a00000, 0x0000000085b00000|  0%| F|  |TAMS 0x0000000085a00000| PB 0x0000000085a00000| Untracked 
|  63|0x0000000085b00000, 0x0000000085b00000, 0x0000000085c00000|  0%| F|  |TAMS 0x0000000085b00000| PB 0x0000000085b00000| Untracked 
|  64|0x0000000085c00000, 0x0000000085c00000, 0x0000000085d00000|  0%| F|  |TAMS 0x0000000085c00000| PB 0x0000000085c00000| Untracked 
|  65|0x0000000085d00000, 0x0000000085d00000, 0x0000000085e00000|  0%| F|  |TAMS 0x0000000085d00000| PB 0x0000000085d00000| Untracked 
|  66|0x0000000085e00000, 0x0000000085e00000, 0x0000000085f00000|  0%| F|  |TAMS 0x0000000085e00000| PB 0x0000000085e00000| Untracked 
|  67|0x0000000085f00000, 0x0000000085f00000, 0x0000000086000000|  0%| F|  |TAMS 0x0000000085f00000| PB 0x0000000085f00000| Untracked 
|  68|0x0000000086000000, 0x0000000086000000, 0x0000000086100000|  0%| F|  |TAMS 0x0000000086000000| PB 0x0000000086000000| Untracked 
|  69|0x0000000086100000, 0x0000000086100000, 0x0000000086200000|  0%| F|  |TAMS 0x0000000086100000| PB 0x0000000086100000| Untracked 
|  70|0x0000000086200000, 0x0000000086200000, 0x0000000086300000|  0%| F|  |TAMS 0x0000000086200000| PB 0x0000000086200000| Untracked 
|  71|0x0000000086300000, 0x0000000086300000, 0x0000000086400000|  0%| F|  |TAMS 0x0000000086300000| PB 0x0000000086300000| Untracked 
|  72|0x0000000086400000, 0x0000000086400000, 0x0000000086500000|  0%| F|  |TAMS 0x0000000086400000| PB 0x0000000086400000| Untracked 
|  73|0x0000000086500000, 0x0000000086500000, 0x0000000086600000|  0%| F|  |TAMS 0x0000000086500000| PB 0x0000000086500000| Untracked 
|  74|0x0000000086600000, 0x0000000086600000, 0x0000000086700000|  0%| F|  |TAMS 0x0000000086600000| PB 0x0000000086600000| Untracked 
|  75|0x0000000086700000, 0x0000000086700000, 0x0000000086800000|  0%| F|  |TAMS 0x0000000086700000| PB 0x0000000086700000| Untracked 
|  76|0x0000000086800000, 0x0000000086800000, 0x0000000086900000|  0%| F|  |TAMS 0x0000000086800000| PB 0x0000000086800000| Untracked 
|  77|0x0000000086900000, 0x0000000086900000, 0x0000000086a00000|  0%| F|  |TAMS 0x0000000086900000| PB 0x0000000086900000| Untracked 
|  78|0x0000000086a00000, 0x0000000086a00000, 0x0000000086b00000|  0%| F|  |TAMS 0x0000000086a00000| PB 0x0000000086a00000| Untracked 
|  79|0x0000000086b00000, 0x0000000086b00000, 0x0000000086c00000|  0%| F|  |TAMS 0x0000000086b00000| PB 0x0000000086b00000| Untracked 
|  80|0x0000000086c00000, 0x0000000086c00000, 0x0000000086d00000|  0%| F|  |TAMS 0x0000000086c00000| PB 0x0000000086c00000| Untracked 
|  81|0x0000000086d00000, 0x0000000086d00000, 0x0000000086e00000|  0%| F|  |TAMS 0x0000000086d00000| PB 0x0000000086d00000| Untracked 
|  82|0x0000000086e00000, 0x0000000086e00000, 0x0000000086f00000|  0%| F|  |TAMS 0x0000000086e00000| PB 0x0000000086e00000| Untracked 
|  83|0x0000000086f00000, 0x0000000086f00000, 0x0000000087000000|  0%| F|  |TAMS 0x0000000086f00000| PB 0x0000000086f00000| Untracked 
|  84|0x0000000087000000, 0x0000000087000000, 0x0000000087100000|  0%| F|  |TAMS 0x0000000087000000| PB 0x0000000087000000| Untracked 
|  85|0x0000000087100000, 0x0000000087100000, 0x0000000087200000|  0%| F|  |TAMS 0x0000000087100000| PB 0x0000000087100000| Untracked 
|  86|0x0000000087200000, 0x0000000087200000, 0x0000000087300000|  0%| F|  |TAMS 0x0000000087200000| PB 0x0000000087200000| Untracked 
|  87|0x0000000087300000, 0x0000000087300000, 0x0000000087400000|  0%| F|  |TAMS 0x0000000087300000| PB 0x0000000087300000| Untracked 
|  88|0x0000000087400000, 0x0000000087400000, 0x0000000087500000|  0%| F|  |TAMS 0x0000000087400000| PB 0x0000000087400000| Untracked 
|  89|0x0000000087500000, 0x0000000087500000, 0x0000000087600000|  0%| F|  |TAMS 0x0000000087500000| PB 0x0000000087500000| Untracked 
|  90|0x0000000087600000, 0x0000000087600000, 0x0000000087700000|  0%| F|  |TAMS 0x0000000087600000| PB 0x0000000087600000| Untracked 
|  91|0x0000000087700000, 0x0000000087700000, 0x0000000087800000|  0%| F|  |TAMS 0x0000000087700000| PB 0x0000000087700000| Untracked 
|  92|0x0000000087800000, 0x0000000087800000, 0x0000000087900000|  0%| F|  |TAMS 0x0000000087800000| PB 0x0000000087800000| Untracked 
|  93|0x0000000087900000, 0x00000000879579f0, 0x0000000087a00000| 34%| E|  |TAMS 0x0000000087900000| PB 0x0000000087900000| Complete 
|  94|0x0000000087a00000, 0x0000000087b00000, 0x0000000087b00000|100%| E|CS|TAMS 0x0000000087a00000| PB 0x0000000087a00000| Complete 
|  95|0x0000000087b00000, 0x0000000087c00000, 0x0000000087c00000|100%| E|CS|TAMS 0x0000000087b00000| PB 0x0000000087b00000| Complete 
|  96|0x0000000087c00000, 0x0000000087d00000, 0x0000000087d00000|100%| E|CS|TAMS 0x0000000087c00000| PB 0x0000000087c00000| Complete 
|  97|0x0000000087d00000, 0x0000000087e00000, 0x0000000087e00000|100%| E|CS|TAMS 0x0000000087d00000| PB 0x0000000087d00000| Complete 
|  98|0x0000000087e00000, 0x0000000087f00000, 0x0000000087f00000|100%| E|  |TAMS 0x0000000087e00000| PB 0x0000000087e00000| Complete 
|  99|0x0000000087f00000, 0x0000000088000000, 0x0000000088000000|100%| E|CS|TAMS 0x0000000087f00000| PB 0x0000000087f00000| Complete 
| 100|0x0000000088000000, 0x0000000088100000, 0x0000000088100000|100%| E|CS|TAMS 0x0000000088000000| PB 0x0000000088000000| Complete 
| 101|0x0000000088100000, 0x0000000088200000, 0x0000000088200000|100%| E|CS|TAMS 0x0000000088100000| PB 0x0000000088100000| Complete 
| 102|0x0000000088200000, 0x0000000088300000, 0x0000000088300000|100%| E|CS|TAMS 0x0000000088200000| PB 0x0000000088200000| Complete 
| 103|0x0000000088300000, 0x0000000088400000, 0x0000000088400000|100%| E|CS|TAMS 0x0000000088300000| PB 0x0000000088300000| Complete 
| 104|0x0000000088400000, 0x0000000088500000, 0x0000000088500000|100%| E|CS|TAMS 0x0000000088400000| PB 0x0000000088400000| Complete 
| 105|0x0000000088500000, 0x0000000088600000, 0x0000000088600000|100%| E|CS|TAMS 0x0000000088500000| PB 0x0000000088500000| Complete 
| 106|0x0000000088600000, 0x0000000088700000, 0x0000000088700000|100%| E|CS|TAMS 0x0000000088600000| PB 0x0000000088600000| Complete 
| 107|0x0000000088700000, 0x0000000088800000, 0x0000000088800000|100%| E|CS|TAMS 0x0000000088700000| PB 0x0000000088700000| Complete 
| 108|0x0000000088800000, 0x0000000088900000, 0x0000000088900000|100%| E|CS|TAMS 0x0000000088800000| PB 0x0000000088800000| Complete 
| 109|0x0000000088900000, 0x0000000088a00000, 0x0000000088a00000|100%| E|CS|TAMS 0x0000000088900000| PB 0x0000000088900000| Complete 
| 110|0x0000000088a00000, 0x0000000088b00000, 0x0000000088b00000|100%| E|CS|TAMS 0x0000000088a00000| PB 0x0000000088a00000| Complete 
| 111|0x0000000088b00000, 0x0000000088c00000, 0x0000000088c00000|100%| E|CS|TAMS 0x0000000088b00000| PB 0x0000000088b00000| Complete 
| 112|0x0000000088c00000, 0x0000000088d00000, 0x0000000088d00000|100%| E|CS|TAMS 0x0000000088c00000| PB 0x0000000088c00000| Complete 
| 113|0x0000000088d00000, 0x0000000088e00000, 0x0000000088e00000|100%| E|CS|TAMS 0x0000000088d00000| PB 0x0000000088d00000| Complete 
| 114|0x0000000088e00000, 0x0000000088f00000, 0x0000000088f00000|100%| E|CS|TAMS 0x0000000088e00000| PB 0x0000000088e00000| Complete 
| 115|0x0000000088f00000, 0x0000000088fcc100, 0x0000000089000000| 79%| S|CS|TAMS 0x0000000088f00000| PB 0x0000000088f00000| Complete 
| 116|0x0000000089000000, 0x0000000089100000, 0x0000000089100000|100%| E|CS|TAMS 0x0000000089000000| PB 0x0000000089000000| Complete 
| 117|0x0000000089100000, 0x0000000089200000, 0x0000000089200000|100%| E|CS|TAMS 0x0000000089100000| PB 0x0000000089100000| Complete 
| 118|0x0000000089200000, 0x0000000089300000, 0x0000000089300000|100%| E|CS|TAMS 0x0000000089200000| PB 0x0000000089200000| Complete 
| 119|0x0000000089300000, 0x0000000089400000, 0x0000000089400000|100%| E|CS|TAMS 0x0000000089300000| PB 0x0000000089300000| Complete 
| 120|0x0000000089400000, 0x0000000089500000, 0x0000000089500000|100%| E|CS|TAMS 0x0000000089400000| PB 0x0000000089400000| Complete 
| 121|0x0000000089500000, 0x0000000089600000, 0x0000000089600000|100%| E|CS|TAMS 0x0000000089500000| PB 0x0000000089500000| Complete 
| 122|0x0000000089600000, 0x0000000089700000, 0x0000000089700000|100%| E|CS|TAMS 0x0000000089600000| PB 0x0000000089600000| Complete 
| 123|0x0000000089700000, 0x0000000089800000, 0x0000000089800000|100%| E|CS|TAMS 0x0000000089700000| PB 0x0000000089700000| Complete 
| 124|0x0000000089800000, 0x0000000089900000, 0x0000000089900000|100%| E|CS|TAMS 0x0000000089800000| PB 0x0000000089800000| Complete 
| 125|0x0000000089900000, 0x0000000089a00000, 0x0000000089a00000|100%| E|CS|TAMS 0x0000000089900000| PB 0x0000000089900000| Complete 
| 126|0x0000000089a00000, 0x0000000089b00000, 0x0000000089b00000|100%| E|CS|TAMS 0x0000000089a00000| PB 0x0000000089a00000| Complete 
| 127|0x0000000089b00000, 0x0000000089c00000, 0x0000000089c00000|100%| E|CS|TAMS 0x0000000089b00000| PB 0x0000000089b00000| Complete 

Card table byte_map: [0x000001a6ff250000,0x000001a6ff650000] _byte_map_base: 0x000001a6fee42000

Marking Bits: (CMBitMap*) 0x000001a6e7a20940
 Bits: [0x000001a680000000, 0x000001a681f90000)

Polling page: 0x000001a6e5990000

Metaspace:

Usage:
  Non-class:     12.63 MB used.
      Class:      1.88 MB used.
       Both:     14.51 MB used.

Virtual space:
  Non-class space:       64.00 MB reserved,      12.81 MB ( 20%) committed,  1 nodes.
      Class space:        1.00 GB reserved,       2.06 MB ( <1%) committed,  1 nodes.
             Both:        1.06 GB reserved,      14.88 MB (  1%) committed. 

Chunk freelists:
   Non-Class:  2.80 MB
       Class:  13.97 MB
        Both:  16.77 MB

MaxMetaspaceSize: unlimited
CompressedClassSpaceSize: 1.00 GB
Initial GC threshold: 21.00 MB
Current GC threshold: 21.00 MB
CDS: on
 - commit_granule_bytes: 65536.
 - commit_granule_words: 8192.
 - virtual_space_node_default_size: 8388608.
 - enlarge_chunks_in_place: 1.
 - use_allocation_guard: 0.


Internal statistics:

num_allocs_failed_limit: 0.
num_arena_births: 362.
num_arena_deaths: 0.
num_vsnodes_births: 2.
num_vsnodes_deaths: 0.
num_space_committed: 238.
num_space_uncommitted: 0.
num_chunks_returned_to_freelist: 0.
num_chunks_taken_from_freelist: 876.
num_chunk_merges: 0.
num_chunk_splits: 542.
num_chunks_enlarged: 344.
num_inconsistent_stats: 0.

CodeHeap 'non-profiled nmethods': size=120000Kb used=892Kb max_used=892Kb free=119107Kb
 bounds [0x000001a6f7920000, 0x000001a6f7b90000, 0x000001a6fee50000]
CodeHeap 'profiled nmethods': size=120000Kb used=4426Kb max_used=4426Kb free=115573Kb
 bounds [0x000001a6efe50000, 0x000001a6f02b0000, 0x000001a6f7380000]
CodeHeap 'non-nmethods': size=5760Kb used=1424Kb max_used=1438Kb free=4335Kb
 bounds [0x000001a6f7380000, 0x000001a6f75f0000, 0x000001a6f7920000]
 total_blobs=2907 nmethods=2393 adapters=418
 compilation: enabled
              stopped_count=0, restarted_count=0
 full_count=0

Compilation events (20 events):
Event: 4.350 Thread 0x000001a6ffb23160 nmethod 2382 0x000001a6f79fef10 code [0x000001a6f79ff080, 0x000001a6f79ff0f0]
Event: 4.351 Thread 0x000001a6ffb25f60 2383   !   3       java.lang.reflect.Executable::declaredAnnotations (85 bytes)
Event: 4.351 Thread 0x000001a6ffb25f60 nmethod 2383 0x000001a6f029a890 code [0x000001a6f029aae0, 0x000001a6f029b3f8]
Event: 4.351 Thread 0x000001a6ffb25f60 2384       3       java.util.Collections$UnmodifiableCollection::contains (11 bytes)
Event: 4.351 Thread 0x000001a6ffb25f60 nmethod 2384 0x000001a6f029b790 code [0x000001a6f029b940, 0x000001a6f029bb18]
Event: 4.366 Thread 0x000001a6ffb25f60 2385       3       java.util.concurrent.ConcurrentHashMap::get (162 bytes)
Event: 4.367 Thread 0x000001a6ffb25f60 nmethod 2385 0x000001a6f029bc10 code [0x000001a6f029be60, 0x000001a6f029c900]
Event: 4.379 Thread 0x000001a6ffb23160 2386   !   4       java.net.URL::<init> (543 bytes)
Event: 4.399 Thread 0x000001a6ffb25f60 2387       3       java.util.BitSet::wordIndex (5 bytes)
Event: 4.399 Thread 0x000001a6ffb25f60 nmethod 2387 0x000001a6f029cc10 code [0x000001a6f029cda0, 0x000001a6f029ce90]
Event: 4.399 Thread 0x000001a6ffb25f60 2388       3       java.util.BitSet::checkInvariants (111 bytes)
Event: 4.400 Thread 0x000001a6ffb25f60 nmethod 2388 0x000001a6f029cf10 code [0x000001a6f029d0a0, 0x000001a6f029d1d8]
Event: 4.400 Thread 0x000001a6ffb25f60 2389       3       java.util.BitSet::get (69 bytes)
Event: 4.400 Thread 0x000001a6ffb25f60 nmethod 2389 0x000001a6f029d290 code [0x000001a6f029d4e0, 0x000001a6f029dc90]
Event: 4.404 Thread 0x000001a6ffb25f60 2390       3       java.io.OutputStream::<init> (5 bytes)
Event: 4.404 Thread 0x000001a6ffb25f60 nmethod 2390 0x000001a6f029e010 code [0x000001a6f029e1a0, 0x000001a6f029e308]
Event: 4.404 Thread 0x000001a6ffb25f60 2391       3       java.lang.Package::<init> (47 bytes)
Event: 4.405 Thread 0x000001a6ffb25f60 nmethod 2391 0x000001a6f029e410 code [0x000001a6f029e600, 0x000001a6f029ea68]
Event: 4.413 Thread 0x000001a6ffb25f60 2393       3       java.util.HashMap::putVal (300 bytes)
Event: 4.415 Thread 0x000001a6ffb25f60 nmethod 2393 0x000001a6f029ec90 code [0x000001a6f029ef60, 0x000001a6f02a0150]

GC Heap History (4 events):
Event: 1.366 GC heap before
{Heap before GC invocations=0 (full 0):
 garbage-first heap   total 131072K, used 13312K [0x0000000081c00000, 0x0000000100000000)
  region size 1024K, 13 young (13312K), 0 survivors (0K)
 Metaspace       used 3349K, committed 3520K, reserved 1114112K
  class space    used 325K, committed 384K, reserved 1048576K
}
Event: 1.376 GC heap after
{Heap after GC invocations=1 (full 0):
 garbage-first heap   total 131072K, used 6530K [0x0000000081c00000, 0x0000000100000000)
  region size 1024K, 2 young (2048K), 2 survivors (2048K)
 Metaspace       used 3349K, committed 3520K, reserved 1114112K
  class space    used 325K, committed 384K, reserved 1048576K
}
Event: 2.030 GC heap before
{Heap before GC invocations=1 (full 0):
 garbage-first heap   total 131072K, used 17794K [0x0000000081c00000, 0x0000000100000000)
  region size 1024K, 14 young (14336K), 2 survivors (2048K)
 Metaspace       used 6171K, committed 6464K, reserved 1114112K
  class space    used 704K, committed 832K, reserved 1048576K
}
Event: 2.036 GC heap after
{Heap after GC invocations=2 (full 0):
 garbage-first heap   total 131072K, used 7379K [0x0000000081c00000, 0x0000000100000000)
  region size 1024K, 1 young (1024K), 1 survivors (1024K)
 Metaspace       used 6171K, committed 6464K, reserved 1114112K
  class space    used 704K, committed 832K, reserved 1048576K
}

Dll operation events (12 events):
Event: 0.017 Loaded shared library C:\Program Files\Java\jdk-21\bin\java.dll
Event: 0.084 Loaded shared library C:\Program Files\Java\jdk-21\bin\jsvml.dll
Event: 0.508 Loaded shared library C:\Program Files\Java\jdk-21\bin\zip.dll
Event: 0.515 Loaded shared library C:\Program Files\Java\jdk-21\bin\instrument.dll
Event: 0.530 Loaded shared library C:\Program Files\Java\jdk-21\bin\net.dll
Event: 0.533 Loaded shared library C:\Program Files\Java\jdk-21\bin\nio.dll
Event: 0.540 Loaded shared library C:\Program Files\Java\jdk-21\bin\zip.dll
Event: 0.791 Loaded shared library C:\Program Files\JetBrains\IntelliJ IDEA Community Edition 2024.3.1\bin\breakgen64.dll
Event: 0.813 Loaded shared library C:\Program Files\Java\jdk-21\bin\extnet.dll
Event: 0.904 Loaded shared library C:\Program Files\Java\jdk-21\bin\jimage.dll
Event: 1.739 Loaded shared library C:\Program Files\Java\jdk-21\bin\management.dll
Event: 1.745 Loaded shared library C:\Program Files\Java\jdk-21\bin\management_ext.dll

Deoptimization events (20 events):
Event: 4.286 Thread 0x000001a6ca1607f0 Uncommon trap: trap_request=0xffffffde fr.pc=0x000001a6f79cec7c relative=0x000000000000057c
Event: 4.286 Thread 0x000001a6ca1607f0 Uncommon trap: reason=class_check action=maybe_recompile pc=0x000001a6f79cec7c method=java.util.regex.Pattern$Start.match(Ljava/util/regex/Matcher;ILjava/lang/CharSequence;)Z @ 44 c2
Event: 4.286 Thread 0x000001a6ca1607f0 DEOPT PACKING pc=0x000001a6f79cec7c sp=0x00000063750fef40
Event: 4.286 Thread 0x000001a6ca1607f0 DEOPT UNPACKING pc=0x000001a6f73d46a2 sp=0x00000063750feea0 mode 2
Event: 4.287 Thread 0x000001a6ca1607f0 Uncommon trap: trap_request=0xffffffde fr.pc=0x000001a6f79cec7c relative=0x000000000000057c
Event: 4.287 Thread 0x000001a6ca1607f0 Uncommon trap: reason=class_check action=maybe_recompile pc=0x000001a6f79cec7c method=java.util.regex.Pattern$Start.match(Ljava/util/regex/Matcher;ILjava/lang/CharSequence;)Z @ 44 c2
Event: 4.287 Thread 0x000001a6ca1607f0 DEOPT PACKING pc=0x000001a6f79cec7c sp=0x00000063750fef40
Event: 4.287 Thread 0x000001a6ca1607f0 DEOPT UNPACKING pc=0x000001a6f73d46a2 sp=0x00000063750feea0 mode 2
Event: 4.287 Thread 0x000001a6ca1607f0 Uncommon trap: trap_request=0xffffffde fr.pc=0x000001a6f79cec7c relative=0x000000000000057c
Event: 4.287 Thread 0x000001a6ca1607f0 Uncommon trap: reason=class_check action=maybe_recompile pc=0x000001a6f79cec7c method=java.util.regex.Pattern$Start.match(Ljava/util/regex/Matcher;ILjava/lang/CharSequence;)Z @ 44 c2
Event: 4.287 Thread 0x000001a6ca1607f0 DEOPT PACKING pc=0x000001a6f79cec7c sp=0x00000063750fef40
Event: 4.287 Thread 0x000001a6ca1607f0 DEOPT UNPACKING pc=0x000001a6f73d46a2 sp=0x00000063750feea0 mode 2
Event: 4.340 Thread 0x000001a6ca1607f0 Uncommon trap: trap_request=0xffffff45 fr.pc=0x000001a6f798b228 relative=0x0000000000000268
Event: 4.340 Thread 0x000001a6ca1607f0 Uncommon trap: reason=unstable_if action=reinterpret pc=0x000001a6f798b228 method=java.util.concurrent.ConcurrentHashMap.get(Ljava/lang/Object;)Ljava/lang/Object; @ 76 c2
Event: 4.340 Thread 0x000001a6ca1607f0 DEOPT PACKING pc=0x000001a6f798b228 sp=0x00000063750fe0c0
Event: 4.340 Thread 0x000001a6ca1607f0 DEOPT UNPACKING pc=0x000001a6f73d46a2 sp=0x00000063750fe038 mode 2
Event: 4.349 Thread 0x000001a6ca1607f0 Uncommon trap: trap_request=0xffffff45 fr.pc=0x000001a6f79c4f24 relative=0x00000000000007e4
Event: 4.349 Thread 0x000001a6ca1607f0 Uncommon trap: reason=unstable_if action=reinterpret pc=0x000001a6f79c4f24 method=java.util.HashMap.putVal(ILjava/lang/Object;Ljava/lang/Object;ZZ)Ljava/lang/Object; @ 94 c2
Event: 4.349 Thread 0x000001a6ca1607f0 DEOPT PACKING pc=0x000001a6f79c4f24 sp=0x00000063750fef00
Event: 4.349 Thread 0x000001a6ca1607f0 DEOPT UNPACKING pc=0x000001a6f73d46a2 sp=0x00000063750fee88 mode 2

Classes loaded (20 events):
Event: 4.320 Loading class java/lang/reflect/AnnotatedParameterizedType
Event: 4.320 Loading class java/lang/reflect/AnnotatedParameterizedType done
Event: 4.320 Loading class java/lang/reflect/AnnotatedArrayType
Event: 4.320 Loading class java/lang/reflect/AnnotatedArrayType done
Event: 4.337 Loading class jdk/internal/vm/annotation/IntrinsicCandidate
Event: 4.339 Loading class jdk/internal/vm/annotation/IntrinsicCandidate done
Event: 4.346 Loading class sun/reflect/generics/scope/MethodScope
Event: 4.346 Loading class sun/reflect/generics/scope/MethodScope done
Event: 4.346 Loading class sun/reflect/generics/repository/MethodRepository
Event: 4.346 Loading class sun/reflect/generics/repository/MethodRepository done
Event: 4.346 Loading class sun/reflect/annotation/AnnotatedTypeFactory$AnnotatedParameterizedTypeImpl
Event: 4.347 Loading class sun/reflect/annotation/AnnotatedTypeFactory$AnnotatedParameterizedTypeImpl done
Event: 4.347 Loading class sun/reflect/annotation/AnnotatedTypeFactory$AnnotatedWildcardTypeImpl
Event: 4.347 Loading class java/lang/reflect/AnnotatedWildcardType
Event: 4.347 Loading class java/lang/reflect/AnnotatedWildcardType done
Event: 4.347 Loading class sun/reflect/annotation/AnnotatedTypeFactory$AnnotatedWildcardTypeImpl done
Event: 4.347 Loading class sun/reflect/misc/ReflectUtil
Event: 4.348 Loading class sun/reflect/misc/ReflectUtil done
Event: 4.387 Loading class java/util/BitSet
Event: 4.387 Loading class java/util/BitSet done

Classes unloaded (0 events):
No events

Classes redefined (0 events):
No events

Internal exceptions (20 events):
Event: 2.544 Thread 0x000001a6c994c7e0 Exception <a 'java/lang/NoSuchMethodError'{0x00000000893afb50}: 'void java.lang.invoke.DirectMethodHandle$Holder.invokeInterface(java.lang.Object, java.lang.Object, java.lang.Object)'> (0x00000000893afb50) 
thrown [s\open\src\hotspot\share\interpreter\linkResolver.cpp, line 773]
Event: 2.626 Thread 0x000001a6c994c7e0 Exception <a 'java/lang/NoSuchMethodError'{0x000000008929faf0}: 'void java.lang.invoke.DirectMethodHandle$Holder.invokeStaticInit(java.lang.Object, java.lang.Object, java.lang.Object)'> (0x000000008929faf0) 
thrown [s\open\src\hotspot\share\interpreter\linkResolver.cpp, line 773]
Event: 2.637 Thread 0x000001a6c994c7e0 Exception <a 'java/lang/NoSuchMethodError'{0x00000000892e3040}: 'java.lang.Object java.lang.invoke.DirectMethodHandle$Holder.invokeStatic(java.lang.Object, long, java.lang.Object)'> (0x00000000892e3040) 
thrown [s\open\src\hotspot\share\interpreter\linkResolver.cpp, line 773]
Event: 2.638 Thread 0x000001a6c994c7e0 Exception <a 'java/lang/NoSuchMethodError'{0x00000000892e66a8}: 'java.lang.Object java.lang.invoke.DirectMethodHandle$Holder.invokeStaticInit(java.lang.Object, long, java.lang.Object)'> (0x00000000892e66a8) 
thrown [s\open\src\hotspot\share\interpreter\linkResolver.cpp, line 773]
Event: 2.639 Thread 0x000001a6c994c7e0 Exception <a 'java/lang/NoSuchMethodError'{0x00000000892ebe30}: 'java.lang.Object java.lang.invoke.DirectMethodHandle$Holder.newInvokeSpecial(java.lang.Object, long)'> (0x00000000892ebe30) 
thrown [s\open\src\hotspot\share\interpreter\linkResolver.cpp, line 773]
Event: 2.658 Thread 0x000001a6c994c7e0 Exception <a 'java/lang/NoSuchMethodError'{0x0000000089127150}: 'java.lang.Object java.lang.invoke.DirectMethodHandle$Holder.invokeVirtual(java.lang.Object, java.lang.Object, java.lang.Object)'> (0x0000000089127150) 
thrown [s\open\src\hotspot\share\interpreter\linkResolver.cpp, line 773]
Event: 2.685 Thread 0x000001a6c994c7e0 Exception <a 'java/lang/NoSuchMethodError'{0x000000008916a9c8}: 'void java.lang.invoke.DirectMethodHandle$Holder.invokeVirtual(java.lang.Object, java.lang.Object, java.lang.Object, java.lang.Object)'> (0x000000008916a9c8) 
thrown [s\open\src\hotspot\share\interpreter\linkResolver.cpp, line 773]
Event: 2.988 Thread 0x000001a6c994c7e0 Exception <a 'java/lang/NoSuchMethodError'{0x0000000088de1580}: 'java.lang.Object java.lang.invoke.DirectMethodHandle$Holder.invokeSpecial(java.lang.Object, java.lang.Object, long, java.lang.Object)'> (0x0000000088de1580) 
thrown [s\open\src\hotspot\share\interpreter\linkResolver.cpp, line 773]
Event: 3.076 Thread 0x000001a6c994c7e0 Exception <a 'java/lang/NoSuchMethodError'{0x0000000088cbbc50}: 'void java.lang.invoke.DirectMethodHandle$Holder.invokeStatic(java.lang.Object, java.lang.Object, int)'> (0x0000000088cbbc50) 
thrown [s\open\src\hotspot\share\interpreter\linkResolver.cpp, line 773]
Event: 3.140 Thread 0x000001a6c994c7e0 Exception <a 'java/lang/IncompatibleClassChangeError'{0x0000000088b10948}: Found class java.lang.Object, but interface was expected> (0x0000000088b10948) 
thrown [s\open\src\hotspot\share\interpreter\linkResolver.cpp, line 840]
Event: 3.154 Thread 0x000001a6c994c7e0 Exception <a 'java/lang/NoSuchMethodError'{0x0000000088b54088}: 'java.lang.Object java.lang.invoke.DirectMethodHandle$Holder.invokeStaticInit(java.lang.Object, int)'> (0x0000000088b54088) 
thrown [s\open\src\hotspot\share\interpreter\linkResolver.cpp, line 773]
Event: 3.174 Thread 0x000001a6c994c7e0 Exception <a 'java/lang/NoSuchMethodError'{0x0000000088b5e130}: 'java.lang.Object java.lang.invoke.DirectMethodHandle$Holder.invokeStatic(java.lang.Object, int, java.lang.Object)'> (0x0000000088b5e130) 
thrown [s\open\src\hotspot\share\interpreter\linkResolver.cpp, line 773]
Event: 3.176 Thread 0x000001a6c994c7e0 Exception <a 'java/lang/NoSuchMethodError'{0x0000000088b8d2c0}: 'java.lang.Object java.lang.invoke.DirectMethodHandle$Holder.invokeStaticInit(java.lang.Object, int, java.lang.Object)'> (0x0000000088b8d2c0) 
thrown [s\open\src\hotspot\share\interpreter\linkResolver.cpp, line 773]
Event: 3.230 Thread 0x000001a6ca1607f0 Exception <a 'java/lang/NoSuchMethodError'{0x0000000088960030}: 'int java.lang.invoke.DirectMethodHandle$Holder.invokeSpecial(java.lang.Object, java.lang.Object, java.lang.Object, int)'> (0x0000000088960030) 
thrown [s\open\src\hotspot\share\interpreter\linkResolver.cpp, line 773]
Event: 3.234 Thread 0x000001a6ca1607f0 Exception <a 'java/lang/NoSuchMethodError'{0x0000000088971ef8}: 'java.lang.Object java.lang.invoke.DirectMethodHandle$Holder.invokeStatic(java.lang.Object, java.lang.Object, java.lang.Object, java.lang.Object, int)'> (0x0000000088971ef8) 
thrown [s\open\src\hotspot\share\interpreter\linkResolver.cpp, line 773]
Event: 3.238 Thread 0x000001a6ca1607f0 Exception <a 'java/lang/NoSuchMethodError'{0x000000008897d5d8}: 'void java.lang.invoke.DelegatingMethodHandle$Holder.reinvoke_L(java.lang.Object, java.lang.Object, java.lang.Object, java.lang.Object, int, java.lang.Object, java.lang.Object, java.lang.Object)'> (0x000000008897d5d8) 
thrown [s\open\src\hotspot\share\interpreter\linkResolver.cpp, line 773]
Event: 3.249 Thread 0x000001a6ca1607f0 Exception <a 'java/lang/NoSuchMethodError'{0x00000000889acd40}: 'java.lang.Object java.lang.invoke.DirectMethodHandle$Holder.invokeStatic(java.lang.Object, java.lang.Object, int)'> (0x00000000889acd40) 
thrown [s\open\src\hotspot\share\interpreter\linkResolver.cpp, line 773]
Event: 3.250 Thread 0x000001a6ca1607f0 Exception <a 'java/lang/NoSuchMethodError'{0x00000000889b7b48}: 'void java.lang.invoke.DelegatingMethodHandle$Holder.delegate(java.lang.Object, java.lang.Object, int, java.lang.Object)'> (0x00000000889b7b48) 
thrown [s\open\src\hotspot\share\interpreter\linkResolver.cpp, line 773]
Event: 4.129 Thread 0x000001a6c994c7e0 Exception <a 'java/lang/NoSuchMethodError'{0x0000000087fb36c8}: 'java.lang.reflect.Field[] java.lang.Class.getDeclaredFields(java.lang.Class)'> (0x0000000087fb36c8) 
thrown [s\open\src\hotspot\share\interpreter\linkResolver.cpp, line 773]
Event: 4.227 Thread 0x000001a6c994c7e0 Exception <a 'java/io/IOException'{0x0000000087d7ac28}: CreateProcess error=1455, O arquivo de paginação é muito pequeno para que esta operação seja concluída> (0x0000000087d7ac28) 
thrown [s\open\src\hotspot\share\prims\jni.cpp, line 539]

ZGC Phase Switch (0 events):
No events

VM Operations (20 events):
Event: 2.001 Executing VM operation: HandshakeAllThreads (Deoptimize)
Event: 2.001 Executing VM operation: HandshakeAllThreads (Deoptimize) done
Event: 2.030 Executing VM operation: G1CollectForAllocation (G1 Evacuation Pause)
Event: 2.036 Executing VM operation: G1CollectForAllocation (G1 Evacuation Pause) done
Event: 2.451 Executing VM operation: HandshakeAllThreads (Deoptimize)
Event: 2.451 Executing VM operation: HandshakeAllThreads (Deoptimize) done
Event: 2.760 Executing VM operation: HandshakeAllThreads (Deoptimize)
Event: 2.760 Executing VM operation: HandshakeAllThreads (Deoptimize) done
Event: 2.769 Executing VM operation: HandshakeAllThreads (Deoptimize)
Event: 2.769 Executing VM operation: HandshakeAllThreads (Deoptimize) done
Event: 2.769 Executing VM operation: HandshakeAllThreads (Deoptimize)
Event: 2.769 Executing VM operation: HandshakeAllThreads (Deoptimize) done
Event: 2.940 Executing VM operation: HandshakeAllThreads (Deoptimize)
Event: 2.940 Executing VM operation: HandshakeAllThreads (Deoptimize) done
Event: 3.106 Executing VM operation: ICBufferFull
Event: 3.126 Executing VM operation: ICBufferFull done
Event: 3.246 Executing VM operation: HandshakeAllThreads (Deoptimize)
Event: 3.246 Executing VM operation: HandshakeAllThreads (Deoptimize) done
Event: 4.246 Executing VM operation: Cleanup
Event: 4.247 Executing VM operation: Cleanup done

Events (15 events):
Event: 0.044 Thread 0x000001a6e79c9f40 Thread added: 0x000001a6e79c9f40
Event: 0.077 Thread 0x000001a6ffb1cc10 Thread added: 0x000001a6ffb1cc10
Event: 0.077 Thread 0x000001a6ffb1d920 Thread added: 0x000001a6ffb1d920
Event: 0.078 Thread 0x000001a6ffb204f0 Thread added: 0x000001a6ffb204f0
Event: 0.079 Thread 0x000001a6ffb20f40 Thread added: 0x000001a6ffb20f40
Event: 0.079 Thread 0x000001a6ffb21990 Thread added: 0x000001a6ffb21990
Event: 0.079 Thread 0x000001a6ffb223e0 Thread added: 0x000001a6ffb223e0
Event: 0.079 Thread 0x000001a6ffb23160 Thread added: 0x000001a6ffb23160
Event: 0.080 Thread 0x000001a6ffb25f60 Thread added: 0x000001a6ffb25f60
Event: 0.454 Thread 0x000001a6ffaef340 Thread added: 0x000001a6ffaef340
Event: 0.792 Thread 0x000001a6c94b41e0 Thread added: 0x000001a6c94b41e0
Event: 0.792 Thread 0x000001a6c9466a80 Thread added: 0x000001a6c9466a80
Event: 1.849 Thread 0x000001a6c994bd00 Thread added: 0x000001a6c994bd00
Event: 1.853 Thread 0x000001a6c994c7e0 Thread added: 0x000001a6c994c7e0
Event: 3.098 Thread 0x000001a6ca1607f0 Thread added: 0x000001a6ca1607f0


Dynamic libraries:
0x00007ff773760000 - 0x00007ff773770000 	C:\Program Files\Java\jdk-21\bin\java.exe
0x00007ffb7e5b0000 - 0x00007ffb7e7a8000 	C:\Windows\SYSTEM32\ntdll.dll
0x00007ffb7e2e0000 - 0x00007ffb7e3a2000 	C:\Windows\System32\KERNEL32.DLL
0x00007ffb7c2c0000 - 0x00007ffb7c5bf000 	C:\Windows\System32\KERNELBASE.dll
0x00007ffb7bef0000 - 0x00007ffb7bff0000 	C:\Windows\System32\ucrtbase.dll
0x00007ffb767d0000 - 0x00007ffb767e9000 	C:\Program Files\Java\jdk-21\bin\jli.dll
0x00007ffb64580000 - 0x00007ffb6459b000 	C:\Program Files\Java\jdk-21\bin\VCRUNTIME140.dll
0x00007ffb7c760000 - 0x00007ffb7c811000 	C:\Windows\System32\ADVAPI32.dll
0x00007ffb7c820000 - 0x00007ffb7c8be000 	C:\Windows\System32\msvcrt.dll
0x00007ffb7e240000 - 0x00007ffb7e2df000 	C:\Windows\System32\sechost.dll
0x00007ffb7e3b0000 - 0x00007ffb7e4d3000 	C:\Windows\System32\RPCRT4.dll
0x00007ffb7bd80000 - 0x00007ffb7bda7000 	C:\Windows\System32\bcrypt.dll
0x00007ffb7c5c0000 - 0x00007ffb7c75d000 	C:\Windows\System32\USER32.dll
0x00007ffb7bdb0000 - 0x00007ffb7bdd2000 	C:\Windows\System32\win32u.dll
0x00007ffb7de00000 - 0x00007ffb7de2b000 	C:\Windows\System32\GDI32.dll
0x00007ffb65150000 - 0x00007ffb653ea000 	C:\Windows\WinSxS\amd64_microsoft.windows.common-controls_6595b64144ccf1df_6.0.19041.4355_none_60b8b9eb71f62e16\COMCTL32.dll
0x00007ffb7c040000 - 0x00007ffb7c157000 	C:\Windows\System32\gdi32full.dll
0x00007ffb7bde0000 - 0x00007ffb7be7d000 	C:\Windows\System32\msvcp_win.dll
0x00007ffb6a690000 - 0x00007ffb6a69a000 	C:\Windows\SYSTEM32\VERSION.dll
0x00007ffb7c920000 - 0x00007ffb7c94f000 	C:\Windows\System32\IMM32.DLL
0x00007ffb76900000 - 0x00007ffb7690c000 	C:\Program Files\Java\jdk-21\bin\vcruntime140_1.dll
0x00007ffb4c600000 - 0x00007ffb4c68e000 	C:\Program Files\Java\jdk-21\bin\msvcp140.dll
0x00007ffb11380000 - 0x00007ffb12098000 	C:\Program Files\Java\jdk-21\bin\server\jvm.dll
0x00007ffb7d3d0000 - 0x00007ffb7d43b000 	C:\Windows\System32\WS2_32.dll
0x00007ffb7b9f0000 - 0x00007ffb7ba3b000 	C:\Windows\SYSTEM32\POWRPROF.dll
0x00007ffb67290000 - 0x00007ffb672b7000 	C:\Windows\SYSTEM32\WINMM.dll
0x00007ffb7b960000 - 0x00007ffb7b972000 	C:\Windows\SYSTEM32\UMPDC.dll
0x00007ffb79aa0000 - 0x00007ffb79ab2000 	C:\Windows\SYSTEM32\kernel.appcore.dll
0x00007ffb75320000 - 0x00007ffb7532a000 	C:\Program Files\Java\jdk-21\bin\jimage.dll
0x00007ffb67e80000 - 0x00007ffb68064000 	C:\Windows\SYSTEM32\DBGHELP.DLL
0x00007ffb67e30000 - 0x00007ffb67e64000 	C:\Windows\SYSTEM32\dbgcore.DLL
0x00007ffb7bcf0000 - 0x00007ffb7bd72000 	C:\Windows\System32\bcryptPrimitives.dll
0x00007ffb6ed40000 - 0x00007ffb6ed4f000 	C:\Program Files\Java\jdk-21\bin\instrument.dll
0x00007ffb5fa20000 - 0x00007ffb5fa3f000 	C:\Program Files\Java\jdk-21\bin\java.dll
0x00007ffb7c9b0000 - 0x00007ffb7d11e000 	C:\Windows\System32\SHELL32.dll
0x00007ffb79ca0000 - 0x00007ffb7a444000 	C:\Windows\SYSTEM32\windows.storage.dll
0x00007ffb7d440000 - 0x00007ffb7d795000 	C:\Windows\System32\combase.dll
0x00007ffb7b4c0000 - 0x00007ffb7b4ef000 	C:\Windows\SYSTEM32\Wldp.dll
0x00007ffb7d250000 - 0x00007ffb7d31d000 	C:\Windows\System32\OLEAUT32.dll
0x00007ffb7dd50000 - 0x00007ffb7ddfd000 	C:\Windows\System32\SHCORE.dll
0x00007ffb7de30000 - 0x00007ffb7de85000 	C:\Windows\System32\shlwapi.dll
0x00007ffb7bb70000 - 0x00007ffb7bb94000 	C:\Windows\SYSTEM32\profapi.dll
0x00007ffb4c230000 - 0x00007ffb4c307000 	C:\Program Files\Java\jdk-21\bin\jsvml.dll
0x00007ffb5fa00000 - 0x00007ffb5fa18000 	C:\Program Files\Java\jdk-21\bin\zip.dll
0x00007ffb68cc0000 - 0x00007ffb68cd0000 	C:\Program Files\Java\jdk-21\bin\net.dll
0x00007ffb75980000 - 0x00007ffb75a8d000 	C:\Windows\SYSTEM32\WINHTTP.dll
0x00007ffb7b2a0000 - 0x00007ffb7b30a000 	C:\Windows\system32\mswsock.dll
0x00007ffb5f9e0000 - 0x00007ffb5f9f6000 	C:\Program Files\Java\jdk-21\bin\nio.dll
0x00007ffb5f9c0000 - 0x00007ffb5f9da000 	C:\Program Files\JetBrains\IntelliJ IDEA Community Edition 2024.3.1\bin\breakgen64.dll
0x00007ffb67e70000 - 0x00007ffb67e79000 	C:\Program Files\Java\jdk-21\bin\extnet.dll
0x00007ffb67670000 - 0x00007ffb6767a000 	C:\Program Files\Java\jdk-21\bin\management.dll
0x00007ffb657e0000 - 0x00007ffb657eb000 	C:\Program Files\Java\jdk-21\bin\management_ext.dll
0x00007ffb7d1b0000 - 0x00007ffb7d1b8000 	C:\Windows\System32\PSAPI.DLL

dbghelp: loaded successfully - version: 4.0.5 - missing functions: none
symbol engine: initialized successfully - sym options: 0x614 - pdb path: .;C:\Program Files\Java\jdk-21\bin;C:\Windows\SYSTEM32;C:\Windows\WinSxS\amd64_microsoft.windows.common-controls_6595b64144ccf1df_6.0.19041.4355_none_60b8b9eb71f62e16;C:\Program Files\Java\jdk-21\bin\server;C:\Program Files\JetBrains\IntelliJ IDEA Community Edition 2024.3.1\bin

VM Arguments:
jvm_args: -javaagent:C:\Program Files\JetBrains\IntelliJ IDEA Community Edition 2024.3.1\lib\idea_rt.jar=59824:C:\Program Files\JetBrains\IntelliJ IDEA Community Edition 2024.3.1\bin -Dfile.encoding=UTF-8 -Dsun.stdout.encoding=UTF-8 -Dsun.stderr.encoding=UTF-8 
java_command: io.github.samuelsantos20.time_sheet.TimeSheetApplication
java_class_path (initial): C:\Users\Samuel\intellij-workspace\time-sheet\target\classes;C:\Users\Samuel\.m2\repository\org\springframework\boot\spring-boot-starter-data-jdbc\3.3.7\spring-boot-starter-data-jdbc-3.3.7.jar;C:\Users\Samuel\.m2\repository\org\springframework\boot\spring-boot-starter-jdbc\3.3.7\spring-boot-starter-jdbc-3.3.7.jar;C:\Users\Samuel\.m2\repository\com\zaxxer\HikariCP\5.1.0\HikariCP-5.1.0.jar;C:\Users\Samuel\.m2\repository\org\springframework\spring-jdbc\6.1.16\spring-jdbc-6.1.16.jar;C:\Users\Samuel\.m2\repository\org\springframework\data\spring-data-jdbc\3.3.7\spring-data-jdbc-3.3.7.jar;C:\Users\Samuel\.m2\repository\org\springframework\data\spring-data-relational\3.3.7\spring-data-relational-3.3.7.jar;C:\Users\Samuel\.m2\repository\org\springframework\data\spring-data-commons\3.3.7\spring-data-commons-3.3.7.jar;C:\Users\Samuel\.m2\repository\org\springframework\spring-tx\6.1.16\spring-tx-6.1.16.jar;C:\Users\Samuel\.m2\repository\org\springframework\spring-context\6.1.16\spring-context-6.1.16.jar;C:\Users\Samuel\.m2\repository\org\springframework\spring-beans\6.1.16\spring-beans-6.1.16.jar;C:\Users\Samuel\.m2\repository\org\slf4j\slf4j-api\2.0.16\slf4j-api-2.0.16.jar;C:\Users\Samuel\.m2\repository\org\springframework\boot\spring-boot-starter-data-jpa\3.3.7\spring-boot-starter-data-jpa-3.3.7.jar;C:\Users\Samuel\.m2\repository\org\springframework\boot\spring-boot-starter-aop\3.3.7\spring-boot-starter-aop-3.3.7.jar;C:\Users\Samuel\.m2\repository\org\springframework\spring-aop\6.1.16\spring-aop-6.1.16.jar;C:\Users\Samuel\.m2\repository\org\aspectj\aspectjweaver\1.9.22.1\aspectjweaver-1.9.22.1.jar;C:\Users\Samuel\.m2\repository\org\hibernate\orm\hibernate-core\6.5.3.Final\hibernate-core-6.5.3.Final.jar;C:\Users\Samuel\.m2\repository\jakarta\persistence\jakarta.persistence-api\3.1.0\jakarta.persistence-api-3.1.0.jar;C:\Users\Samuel\.m2\repository\jakarta\transaction\jakarta.transaction-api\2.0.1\jakarta.transaction-api-2.0.1.jar;C:\Users\Samuel\.m2\repository\org\jboss\logging\jboss-logging\3.5.3.Final\jboss-logging-3.5.3.Final.jar;C:\Users\Samuel\.m2\repository\org\hibernate\common\hibernate-commons-annotations\6.0.6.Final\hibernate-commons-annotations-6.0.6.Final.jar;C:\Users\Samuel\.m2\repository\io\smallrye\jandex\3.1.2\jandex-3.1.2.jar;C:\Users\Samuel\.m2\repository\com\fasterxml\classmate\1.7.0\classmate-1.7.0.jar;C:\Users\Samuel\.m2\repository\net\bytebuddy\byte-buddy\1.14.19\byte-buddy-1.14.19.jar;C:\Users\Samuel\.m2\repository\org\glassfish\jaxb\jaxb-runtime\4.0.5\jaxb-runtime-4.0.5.jar;C:\Users\Samuel\.m2\repository\org\glassfish\jaxb\jaxb-core\4.0.5\jaxb-core-4.0.5.jar;C:\Users\Samuel\.m2\repository\org\eclipse\angus\angus-activation\2.0.2\angus-activation-2.0.2.jar;C:\Users\Samuel\.m2\repository\org\glassfish\jaxb\txw2\4.0.5\txw2-4.0.5.jar;C:\Users\Samuel\.m2\repository\com\sun\istack\istack-commons-runtime\4.1.2\istack-commons-runtime-4.1.2.jar;C:\Users\Samuel\.m2\repository\jakarta\inject\jakarta.inject-api\2.0.1\jakarta.inject-api-2.0.1.jar;C:\Users\Samuel\.m2\repository\org\antlr\antlr4-runtime\4.13.0\antlr4-runtime-4.13.0.jar;C:\Users\Samuel\.m2\repository\org\springframework\data\spring-data-jpa\3.3.7\spring-data-jpa-3.3.7.jar;C:\Users\Samuel\.m2\repository\org\springframework\spring-orm\6.1.16\spring-orm-6.1.16.jar;C:\Users\Samuel\.m2\repository\jakarta\annotation\jakarta.annotation-api\2.1.1\jakarta.annotation-api-2.1.1.jar;C:\Users\Samuel\.m2\repository\org\springframework\spring-aspects\6.1.16\spring-aspects-6.1.16.jar;C:\Users\Samuel\.m2\repository\org\springframework\boot\spring-boot-starter-data-rest\3.3.7\spring-boot-starter-data-rest-3.3.7.jar;C:\Users\Samuel\.m2\repository\org\springframework\data\spring-data-rest-webmvc\4.3.7\spring-data-rest-webmvc-4.3.7.jar;C:\Users\Samuel\.m2\repository\org\springframework\data\spring-data-rest-core\4.3.7\spring-data-rest-core-4.3.7.jar;C:\Users\Samuel\.m2\repository\org\springframework\hateoas\spring-hateoas\2.3.4\spring-hateoas-2.3.4.jar;C:\Users\Samuel\.m2\repository\org\springframework\plugin\spring-plugin-core\3.0.0\spring-plugin-core-3.0.0.jar;C:\Users\Samuel\.m2\repository\org\atteo\evo-inflector\1.3\evo-inflector-1.3.jar;C:\Users\Samuel\.m2\repository\com\fasterxml\jackson\core\jackson-annotations\2.17.3\jackson-annotations-2.17.3.jar;C:\Users\Samuel\.m2\repository\org\springframework\boot\spring-boot-starter-thymeleaf\3.3.7\spring-boot-starter-thymeleaf-3.3.7.jar;C:\Users\Samuel\.m2\repository\org\springframework\boot\spring-boot-starter\3.3.7\spring-boot-starter-3.3.7.jar;C:\Users\Samuel\.m2\repository\org\springframework\boot\spring-boot-starter-logging\3.3.7\spring-boot-starter-logging-3.3.7.jar;C:\Users\Samuel\.m2\repository\ch\qos\logback\logback-classic\1.5.12\logback-classic-1.5.12.jar;C:\Users\Samuel\.m2\repository\ch\qos\logback\logback-core\1.5.12\logback-core-1.5.12.jar;C:\Users\Samuel\.m2\repository\org\apache\logging\log4j\log4j-to-slf4j\2.23.1\log4j-to-slf4j-2.23.1.jar;C:\Users\Samuel\.m2\repository\org\apache\logging\log4j\log4j-api\2.23.1\log4j-api-2.23.1.jar;C:\Users\Samuel\.m2\repository\org\slf4j\jul-to-slf4j\2.0.16\jul-to-slf4j-2.0.16.jar;C:\Users\Samuel\.m2\repository\org\yaml\snakeyaml\2.2\snakeyaml-2.2.jar;C:\Users\Samuel\.m2\repository\org\thymeleaf\thymeleaf-spring6\3.1.3.RELEASE\thymeleaf-spring6-3.1.3.RELEASE.jar;C:\Users\Samuel\.m2\repository\org\thymeleaf\thymeleaf\3.1.3.RELEASE\thymeleaf-3.1.3.RELEASE.jar;C:\Users\Samuel\.m2\repository\org\attoparser\attoparser\2.0.7.RELEASE\attoparser-2.0.7.RELEASE.jar;C:\Users\Samuel\.m2\repository\org\unbescape\unbescape\1.1.6.RELEASE\unbescape-1.1.6.RELEASE.jar;C:\Users\Samuel\.m2\repository\org\springframework\boot\spring-boot-starter-validation\3.3.7\spring-boot-starter-validation-3.3.7.jar;C:\Users\Samuel\.m2\repository\org\apache\tomcat\embed\tomcat-embed-el\10.1.34\tomcat-embed-el-10.1.34.jar;C:\Users\Samuel\.m2\repository\org\hibernate\validator\hibernate-validator\8.0.2.Final\hibernate-validator-8.0.2.Final.jar;C:\Users\Samuel\.m2\repository\jakarta\validation\jakarta.validation-api\3.0.2\jakarta.validation-api-3.0.2.jar;C:\Users\Samuel\.m2\repository\org\springframework\boot\spring-boot-starter-web\3.3.7\spring-boot-starter-web-3.3.7.jar;C:\Users\Samuel\.m2\repository\org\springframework\boot\spring-boot-starter-json\3.3.7\spring-boot-starter-json-3.3.7.jar;C:\Users\Samuel\.m2\repository\com\fasterxml\jackson\datatype\jackson-datatype-jdk8\2.17.3\jackson-datatype-jdk8-2.17.3.jar;C:\Users\Samuel\.m2\repository\com\fasterxml\jackson\datatype\jackson-datatype-jsr310\2.17.3\jackson-datatype-jsr310-2.17.3.jar;C:\Users\Samuel\.m2\repository\org\springframework\boot\spring-boot-starter-tomcat\3.3.7\spring-boot-starter-tomcat-3.3.7.jar;C:\Users\Samuel\.m2\repository\org\apache\tomcat\embed\tomcat-embed-core\10.1.34\tomcat-embed-core-10.1.34.jar;C:\Users\Samuel\.m2\repository\org\apache\tomcat\embed\tomcat-embed-websocket\10.1.34\tomcat-embed-websocket-10.1.34.jar;C:\Users\Samuel\.m2\repository\org\springframework\spring-web\6.1.16\spring-web-6.1.16.jar;C:\Users\Samuel\.m2\repository\io\micrometer\micrometer-observation\1.13.9\micrometer-observation-1.13.9.jar;C:\Users\Samuel\.m2\repository\io\micrometer\micrometer-commons\1.13.9\micrometer-commons-1.13.9.jar;C:\Users\Samuel\.m2\repository\org\springframework\spring-webmvc\6.1.16\spring-webmvc-6.1.16.jar;C:\Users\Samuel\.m2\repository\org\springframework\spring-expression\6.1.16\spring-expression-6.1.16.jar;C:\Users\Samuel\.m2\repository\org\springframework\boot\spring-boot-devtools\3.3.7\spring-boot-devtools-3.3.7.jar;C:\Users\Samuel\.m2\repository\org\springframework\boot\spring-boot\3.3.7\spring-boot-3.3.7.jar;C:\Users\Samuel\.m2\repository\org\springframework\boot\spring-boot-autoconfigure\3.3.7\spring-boot-autoconfigure-3.3.7.jar;C:\Users\Samuel\.m2\repository\org\springframework\boot\spring-boot-docker-compose\3.3.7\spring-boot-docker-compose-3.3.7.jar;C:\Users\Samuel\.m2\repository\com\fasterxml\jackson\core\jackson-databind\2.17.3\jackson-databind-2.17.3.jar;C:\Users\Samuel\.m2\repository\com\fasterxml\jackson\core\jackson-core\2.17.3\jackson-core-2.17.3.jar;C:\Users\Samuel\.m2\repository\com\fasterxml\jackson\module\jackson-module-parameter-names\2.17.3\jackson-module-parameter-names-2.17.3.jar;C:\Users\Samuel\.m2\repository\org\mapstruct\mapstruct\1.5.5.Final\mapstruct-1.5.5.Final.jar;C:\Users\Samuel\.m2\repository\org\postgresql\postgresql\42.7.4\postgresql-42.7.4.jar;C:\Users\Samuel\.m2\repository\org\checkerframework\checker-qual\3.42.0\checker-qual-3.42.0.jar;C:\Users\Samuel\.m2\repository\org\projectlombok\lombok\1.18.30\lombok-1.18.30.jar;C:\Users\Samuel\.m2\repository\com\jayway\jsonpath\json-path\2.9.0\json-path-2.9.0.jar;C:\Users\Samuel\.m2\repository\jakarta\xml\bind\jakarta.xml.bind-api\4.0.2\jakarta.xml.bind-api-4.0.2.jar;C:\Users\Samuel\.m2\repository\jakarta\activation\jakarta.activation-api\2.1.3\jakarta.activation-api-2.1.3.jar;C:\Users\Samuel\.m2\repository\net\minidev\json-smart\2.5.1\json-smart-2.5.1.jar;C:\Users\Samuel\.m2\repository\net\minidev\accessors-smart\2.5.1\accessors-smart-2.5.1.jar;C:\Users\Samuel\.m2\repository\org\ow2\asm\asm\9.6\asm-9.6.jar;C:\Users\Samuel\.m2\repository\org\springframework\spring-core\6.1.16\spring-core-6.1.16.jar;C:\Users\Samuel\.m2\repository\org\springframework\spring-jcl\6.1.16\spring-jcl-6.1.16.jar
Launcher Type: SUN_STANDARD

[Global flags]
     intx CICompilerCount                          = 3                                         {product} {ergonomic}
     uint ConcGCThreads                            = 1                                         {product} {ergonomic}
     uint G1ConcRefinementThreads                  = 4                                         {product} {ergonomic}
   size_t G1HeapRegionSize                         = 1048576                                   {product} {ergonomic}
    uintx GCDrainStackTargetSize                   = 64                                        {product} {ergonomic}
   size_t InitialHeapSize                          = 134217728                                 {product} {ergonomic}
   size_t MarkStackSize                            = 4194304                                   {product} {ergonomic}
   size_t MaxHeapSize                              = 2118123520                                {product} {ergonomic}
   size_t MaxNewSize                               = 1270874112                                {product} {ergonomic}
   size_t MinHeapDeltaBytes                        = 1048576                                   {product} {ergonomic}
   size_t MinHeapSize                              = 8388608                                   {product} {ergonomic}
    uintx NonNMethodCodeHeapSize                   = 5832780                                {pd product} {ergonomic}
    uintx NonProfiledCodeHeapSize                  = 122912730                              {pd product} {ergonomic}
    uintx ProfiledCodeHeapSize                     = 122912730                              {pd product} {ergonomic}
    uintx ReservedCodeCacheSize                    = 251658240                              {pd product} {ergonomic}
     bool SegmentedCodeCache                       = true                                      {product} {ergonomic}
   size_t SoftMaxHeapSize                          = 2118123520                             {manageable} {ergonomic}
     bool UseCompressedOops                        = true                           {product lp64_product} {ergonomic}
     bool UseG1GC                                  = true                                      {product} {ergonomic}
     bool UseLargePagesIndividualAllocation        = false                                  {pd product} {ergonomic}

Logging:
Log output configuration:
 #0: stdout all=warning uptime,level,tags foldmultilines=false
 #1: stderr all=off uptime,level,tags foldmultilines=false

Environment Variables:
JAVA_HOME=C:\Program Files\Java\jdk-21
PATH=C:\Program Files\Common Files\Oracle\Java\javapath;C:\Windows\system32;C:\Windows;C:\Windows\System32\Wbem;C:\Windows\System32\WindowsPowerShell\v1.0\;C:\Windows\System32\OpenSSH\;C:\Program Files\dotnet\;C:\Program Files\Maven\apache-maven-3.9.6\bin;C:\Program Files (x86)\HP\HP OCR\DB_Lib\;C:\Program Files\HP\Common\HPDestPlgIn\;C:\Program Files (x86)\HP\Common\HPDestPlgIn\;C:\Program Files\Microsoft VS Code\bin;C:\Program Files\Git\cmd;C:\Program Files\nodejs\;C:\Program Files\Java\jdk-21\bin;;C:\Program Files\Docker\Docker\resources\bin;C:\Users\Samuel\AppData\Local\Microsoft\WindowsApps;C:\Users\Samuel\AppData\Local\Programs\Microsoft VS Code\bin;C:\Program Files\HP\Common\HPDestPlgIn\;C:\Program Files (x86)\HP\Common\HPDestPlgIn\;C:\Users\Samuel\AppData\Local\GitHubDesktop\bin;C:\Users\Samuel\AppData\Roaming\npm;C:\Program Files\Java\jdk-21\bin;
USERNAME=Samuel
OS=Windows_NT
PROCESSOR_IDENTIFIER=Intel64 Family 6 Model 58 Stepping 9, GenuineIntel
TMP=C:\Users\Samuel\AppData\Local\Temp
TEMP=C:\Users\Samuel\AppData\Local\Temp




Periodic native trim disabled

---------------  S Y S T E M  ---------------

OS:
 Windows 10 , 64 bit Build 19041 (10.0.19041.5198)
OS uptime: 2 days 1:55 hours
Hyper-V role detected

CPU: total 4 (initial active 4) (2 cores per cpu, 2 threads per core) family 6 model 58 stepping 9 microcode 0x21, cx8, cmov, fxsr, ht, mmx, sse, sse2, sse3, ssse3, sse4.1, sse4.2, popcnt, tsc, tscinvbit, avx, erms, clmul, vzeroupper, clflush, hv, rdtscp, f16c
Processor Information for all 4 processors :
  Max Mhz: 3300, Current Mhz: 3300, Mhz Limit: 3300

Memory: 4k page, system-wide physical 8077M (180M free)
TotalPageFile size 16269M (AvailPageFile size 5M)
current process WorkingSet (physical memory assigned to process): 115M, peak: 115M
current process commit charge ("private bytes"): 236M, peak: 236M

vm_info: Java HotSpot(TM) 64-Bit Server VM (21.0.5+9-LTS-239) for windows-amd64 JRE (21.0.5+9-LTS-239), built on 2024-09-30T05:17:38Z by "mach5one" with MS VC++ 17.6 (VS2022)

END.
